2003/03/14 07:09:12.017 [dosta:DLOGP1]:File 20030314.dosta3.log, Meta 1 of 3, Sensor 14, Garbled 0
2003/03/14 07:09:25.596 [dosta:DLOGP2]:Generated by Steve Myerson
2003/03/14 07:09:39.175 [dosta:DLOGP3]:Idle state, without initialize
2003/03/14 07:09:52.754 [dosta:DLOGP4]:Instrument Started on second attempt [Power On]
2003/03/14 07:10:06.333 4831	2003	0.000	0.000	0.000	0.000	0.000	0.000	0.000	0.000	0.000	0.000
2003/03/14 07:10:19.912 4831	2003	12.195	2.927	2.439	2.195	2.195	2.195	2.195	36.585	36.585	6.098
2003/03/14 07:10:33.491 4831	2003	24.390	5.854	4.878	4.390	4.390	4.390	4.390	73.171	73.171	12.195
2003/03/14 07:10:47.070 4831	2003	36.585	8.780	7.317	6.585	6.585	6.585	6.585	109.756	109.756	18.293
2003/03/14 07:11:00.649 4831	2003	48.780	11.707	9.756	8.780	8.780	8.780	8.780	146.341	146.341	24.390
2003/03/14 07:11:14.228 4831	2003	60.976	14.634	12.195	10.976	10.976	10.976	10.976	182.927	182.927	30.488
2003/03/14 07:11:27.807 4831	2003	73.171	17.561	14.634	13.171	13.171	13.171	13.171	219.512	219.512	36.585
2003/03/14 07:11:41.386 4831	2003	85.366	20.488	17.073	15.366	15.366	15.366	15.366	256.098	256.098	42.683
2003/03/14 07:11:54.965 4831	2003	97.561	23.415	19.512	17.561	17.561	17.561	17.561	292.683	292.683	48.780
2003/03/14 07:12:08.544 4831	2003	109.756	26.341	21.951	19.756	19.756	19.756	19.756	329.268	329.268	54.878
2003/03/14 07:12:22.123 4831	2003	121.951	29.268	24.390	21.951	21.951	21.951	21.951	365.854	365.854	60.976
2003/03/14 07:12:35.702 4831	2003	134.146	32.195	26.829	24.146	24.146	24.146	24.146	402.439	402.439	67.073
2003/03/14 07:12:49.281 4831	2003	146.341	35.122	29.268	26.341	26.341	26.341	26.341	439.024	439.024	73.171
2003/03/14 07:13:02.860 4831	2003	158.537	38.049	31.707	28.537	28.537	28.537	28.537	475.610	475.610	79.268
2003/03/14 07:13:16.439 [dosta:DLOGP1]:File 20030314.dosta3.log, Meta 2 of 3, Sensor 14, Garbled 0
2003/03/14 07:13:30.018 [dosta:DLOGP2]:Generated by Steve Myerson
2003/03/14 07:13:43.597 [dosta:DLOGP3]:Idle state, without initialize
2003/03/14 07:13:57.176 [dosta:DLOGP4]:Instrument Started on second attempt [Power On]
2003/03/14 07:14:10.755 4831	2003	170.732	40.976	34.146	30.732	30.732	30.732	30.732	512.195	512.195	85.366
2003/03/14 07:14:24.334 4831	2003	182.927	43.902	36.585	32.927	32.927	32.927	32.927	548.780	548.780	91.463
2003/03/14 07:14:37.913 4831	2003	195.122	46.829	39.024	35.122	35.122	35.122	35.122	585.366	585.366	97.561
2003/03/14 07:14:51.492 4831	2003	207.317	49.756	41.463	37.317	37.317	37.317	37.317	621.951	621.951	103.659
2003/03/14 07:15:05.071 4831	2003	219.512	52.683	43.902	39.512	39.512	39.512	39.512	658.537	658.537	109.756
2003/03/14 07:15:18.650 4831	2003	231.707	55.610	46.341	41.707	41.707	41.707	41.707	695.122	695.122	115.854
2003/03/14 07:15:32.229 4831	2003	243.902	58.537	48.780	43.902	43.902	43.902	43.902	731.707	731.707	121.951
2003/03/14 07:15:45.808 4831	2003	256.098	61.463	51.220	46.098	46.098	46.098	46.098	768.293	768.293	128.049
2003/03/14 07:15:59.387 4831	2003	268.293	64.390	53.659	48.293	48.293	48.293	48.293	804.878	804.878	134.146
2003/03/14 07:16:12.966 4831	2003	280.488	67.317	56.098	50.488	50.488	50.488	50.488	841.463	841.463	140.244
2003/03/14 07:16:26.545 4831	2003	292.683	70.244	58.537	52.683	52.683	52.683	52.683	878.049	878.049	146.341
2003/03/14 07:16:40.124 4831	2003	304.878	73.171	60.976	54.878	54.878	54.878	54.878	914.634	914.634	152.439
2003/03/14 07:16:53.703 4831	2003	317.073	76.098	63.415	57.073	57.073	57.073	57.073	951.220	951.220	158.537
2003/03/14 07:17:07.282 4831	2003	329.268	79.024	65.854	59.268	59.268	59.268	59.268	987.805	987.805	164.634
2003/03/14 07:17:20.861 [dosta:DLOGP1]:File 20030314.dosta3.log, Meta 3 of 3, Sensor 14, Garbled 0
2003/03/14 07:17:34.440 [dosta:DLOGP2]:Generated by Steve Myerson
2003/03/14 07:17:48.019 [dosta:DLOGP3]:Idle state, without initialize
2003/03/14 07:18:01.598 [dosta:DLOGP4]:Instrument Started on second attempt [Power On]
2003/03/14 07:18:15.177 4831	2003	341.463	81.951	68.293	61.463	61.463	61.463	61.463	1024.390	1024.390	170.732
2003/03/14 07:18:28.756 4831	2003	353.659	84.878	70.732	63.659	63.659	63.659	63.659	1060.976	1060.976	176.829
2003/03/14 07:18:42.335 4831	2003	365.854	87.805	73.171	65.854	65.854	65.854	65.854	1097.561	1097.561	182.927
2003/03/14 07:18:55.914 4831	2003	378.049	90.732	75.610	68.049	68.049	68.049	68.049	1134.146	1134.146	189.024
2003/03/14 07:19:09.493 4831	2003	390.244	93.659	78.049	70.244	70.244	70.244	70.244	1170.732	1170.732	195.122
2003/03/14 07:19:23.072 4831	2003	402.439	96.585	80.488	72.439	72.439	72.439	72.439	1207.317	1207.317	201.220
2003/03/14 07:19:36.651 4831	2003	414.634	99.512	82.927	74.634	74.634	74.634	74.634	1243.902	1243.902	207.317
2003/03/14 07:19:50.230 4831	2003	426.829	102.439	85.366	76.829	76.829	76.829	76.829	1280.488	1280.488	213.415
2003/03/14 07:20:03.809 4831	2003	439.024	105.366	87.805	79.024	79.024	79.024	79.024	1317.073	1317.073	219.512
2003/03/14 07:20:17.388 4831	2003	451.220	108.293	90.244	81.220	81.220	81.220	81.220	1353.659	1353.659	225.610
2003/03/14 07:20:30.967 4831	2003	463.415	111.220	92.683	83.415	83.415	83.415	83.415	1390.244	1390.244	231.707
2003/03/14 07:20:44.546 4831	2003	475.610	114.146	95.122	85.610	85.610	85.610	85.610	1426.829	1426.829	237.805
2003/03/14 07:20:58.125 4831	2003	487.805	117.073	97.561	87.805	87.805	87.805	87.805	1463.415	1463.415	243.902
2003/03/14 07:21:11.704 4831	2003	500.000	120.000	100.000	90.000	90.000	90.000	90.000	1500.000	1500.000	250.000
