2004/12/25 09:11:14.019 [dosta:DLOGP1]:File 20041225.dosta4.log, Meta 1 of 2, Sensor 250, Garbled 0
2004/12/25 09:11:27.598 [dosta:DLOGP2]:Generated by Steve Myerson
2004/12/25 09:11:41.177 [dosta:DLOGP3]:Idle state, without initialize
2004/12/25 09:11:54.756 [dosta:DLOGP4]:Instrument Started on second attempt [Power On]
2004/12/25 09:12:08.335 4831	666	0.000	0.000	0.000	0.000	0.000	0.000	0.000	0.000	0.000	0.000
2004/12/25 09:12:21.914 4831	666	1.002	0.240	0.200	0.180	0.180	0.180	0.180	3.006	3.006	0.501
2004/12/25 09:12:35.493 4831	666	2.004	0.481	0.401	0.361	0.361	0.361	0.361	6.012	6.012	1.002
2004/12/25 09:12:49.072 4831	666	3.006	0.721	0.601	0.541	0.541	0.541	0.541	9.018	9.018	1.503
2004/12/25 09:13:02.651 4831	666	4.008	0.962	0.802	0.721	0.721	0.721	0.721	12.024	12.024	2.004
2004/12/25 09:13:16.230 4831	666	5.010	1.202	1.002	0.902	0.902	0.902	0.902	15.030	15.030	2.505
2004/12/25 09:13:29.809 4831	666	6.012	1.443	1.202	1.082	1.082	1.082	1.082	18.036	18.036	3.006
2004/12/25 09:13:43.388 4831	666	7.014	1.683	1.403	1.263	1.263	1.263	1.263	21.042	21.042	3.507
2004/12/25 09:13:56.967 4831	666	8.016	1.924	1.603	1.443	1.443	1.443	1.443	24.048	24.048	4.008
2004/12/25 09:14:10.546 4831	666	9.018	2.164	1.804	1.623	1.623	1.623	1.623	27.054	27.054	4.509
2004/12/25 09:14:24.125 4831	666	10.020	2.405	2.004	1.804	1.804	1.804	1.804	30.060	30.060	5.010
2004/12/25 09:14:37.704 4831	666	11.022	2.645	2.204	1.984	1.984	1.984	1.984	33.066	33.066	5.511
2004/12/25 09:14:51.283 4831	666	12.024	2.886	2.405	2.164	2.164	2.164	2.164	36.072	36.072	6.012
2004/12/25 09:15:04.862 4831	666	13.026	3.126	2.605	2.345	2.345	2.345	2.345	39.078	39.078	6.513
2004/12/25 09:15:18.441 4831	666	14.028	3.367	2.806	2.525	2.525	2.525	2.525	42.084	42.084	7.014
2004/12/25 09:15:32.020 4831	666	15.030	3.607	3.006	2.705	2.705	2.705	2.705	45.090	45.090	7.515
2004/12/25 09:15:45.599 4831	666	16.032	3.848	3.206	2.886	2.886	2.886	2.886	48.096	48.096	8.016
2004/12/25 09:15:59.178 4831	666	17.034	4.088	3.407	3.066	3.066	3.066	3.066	51.102	51.102	8.517
2004/12/25 09:16:12.757 4831	666	18.036	4.329	3.607	3.246	3.246	3.246	3.246	54.108	54.108	9.018
2004/12/25 09:16:26.336 4831	666	19.038	4.569	3.808	3.427	3.427	3.427	3.427	57.114	57.114	9.519
2004/12/25 09:16:39.915 4831	666	20.040	4.810	4.008	3.607	3.607	3.607	3.607	60.120	60.120	10.020
2004/12/25 09:16:53.494 4831	666	21.042	5.050	4.208	3.788	3.788	3.788	3.788	63.126	63.126	10.521
2004/12/25 09:17:07.073 4831	666	22.044	5.291	4.409	3.968	3.968	3.968	3.968	66.132	66.132	11.022
2004/12/25 09:17:20.652 4831	666	23.046	5.531	4.609	4.148	4.148	4.148	4.148	69.138	69.138	11.523
2004/12/25 09:17:34.231 4831	666	24.048	5.772	4.810	4.329	4.329	4.329	4.329	72.144	72.144	12.024
2004/12/25 09:17:47.810 4831	666	25.050	6.012	5.010	4.509	4.509	4.509	4.509	75.150	75.150	12.525
2004/12/25 09:18:01.389 4831	666	26.052	6.253	5.210	4.689	4.689	4.689	4.689	78.156	78.156	13.026
2004/12/25 09:18:14.968 4831	666	27.054	6.493	5.411	4.870	4.870	4.870	4.870	81.162	81.162	13.527
2004/12/25 09:18:28.547 4831	666	28.056	6.733	5.611	5.050	5.050	5.050	5.050	84.168	84.168	14.028
2004/12/25 09:18:42.126 4831	666	29.058	6.974	5.812	5.230	5.230	5.230	5.230	87.174	87.174	14.529
2004/12/25 09:18:55.705 4831	666	30.060	7.214	6.012	5.411	5.411	5.411	5.411	90.180	90.180	15.030
2004/12/25 09:19:09.284 4831	666	31.062	7.455	6.212	5.591	5.591	5.591	5.591	93.186	93.186	15.531
2004/12/25 09:19:22.863 4831	666	32.064	7.695	6.413	5.772	5.772	5.772	5.772	96.192	96.192	16.032
2004/12/25 09:19:36.442 4831	666	33.066	7.936	6.613	5.952	5.952	5.952	5.952	99.198	99.198	16.533
2004/12/25 09:19:50.021 4831	666	34.068	8.176	6.814	6.132	6.132	6.132	6.132	102.204	102.204	17.034
2004/12/25 09:20:03.600 4831	666	35.070	8.417	7.014	6.313	6.313	6.313	6.313	105.210	105.210	17.535
2004/12/25 09:20:17.179 4831	666	36.072	8.657	7.214	6.493	6.493	6.493	6.493	108.216	108.216	18.036
2004/12/25 09:20:30.758 4831	666	37.074	8.898	7.415	6.673	6.673	6.673	6.673	111.222	111.222	18.537
2004/12/25 09:20:44.337 4831	666	38.076	9.138	7.615	6.854	6.854	6.854	6.854	114.228	114.228	19.038
2004/12/25 09:20:57.916 4831	666	39.078	9.379	7.816	7.034	7.034	7.034	7.034	117.234	117.234	19.539
2004/12/25 09:21:11.495 4831	666	40.080	9.619	8.016	7.214	7.214	7.214	7.214	120.240	120.240	20.040
2004/12/25 09:21:25.074 4831	666	41.082	9.860	8.216	7.395	7.395	7.395	7.395	123.246	123.246	20.541
2004/12/25 09:21:38.653 4831	666	42.084	10.100	8.417	7.575	7.575	7.575	7.575	126.253	126.253	21.042
2004/12/25 09:21:52.232 4831	666	43.086	10.341	8.617	7.756	7.756	7.756	7.756	129.259	129.259	21.543
2004/12/25 09:22:05.811 4831	666	44.088	10.581	8.818	7.936	7.936	7.936	7.936	132.265	132.265	22.044
2004/12/25 09:22:19.390 4831	666	45.090	10.822	9.018	8.116	8.116	8.116	8.116	135.271	135.271	22.545
2004/12/25 09:22:32.969 4831	666	46.092	11.062	9.218	8.297	8.297	8.297	8.297	138.277	138.277	23.046
2004/12/25 09:22:46.548 4831	666	47.094	11.303	9.419	8.477	8.477	8.477	8.477	141.283	141.283	23.547
2004/12/25 09:23:00.127 4831	666	48.096	11.543	9.619	8.657	8.657	8.657	8.657	144.289	144.289	24.048
2004/12/25 09:23:13.706 4831	666	49.098	11.784	9.820	8.838	8.838	8.838	8.838	147.295	147.295	24.549
2004/12/25 09:23:27.285 4831	666	50.100	12.024	10.020	9.018	9.018	9.018	9.018	150.301	150.301	25.050
2004/12/25 09:23:40.864 4831	666	51.102	12.265	10.220	9.198	9.198	9.198	9.198	153.307	153.307	25.551
2004/12/25 09:23:54.443 4831	666	52.104	12.505	10.421	9.379	9.379	9.379	9.379	156.313	156.313	26.052
2004/12/25 09:24:08.022 4831	666	53.106	12.745	10.621	9.559	9.559	9.559	9.559	159.319	159.319	26.553
2004/12/25 09:24:21.601 4831	666	54.108	12.986	10.822	9.739	9.739	9.739	9.739	162.325	162.325	27.054
2004/12/25 09:24:35.180 4831	666	55.110	13.226	11.022	9.920	9.920	9.920	9.920	165.331	165.331	27.555
2004/12/25 09:24:48.759 4831	666	56.112	13.467	11.222	10.100	10.100	10.100	10.100	168.337	168.337	28.056
2004/12/25 09:25:02.338 4831	666	57.114	13.707	11.423	10.281	10.281	10.281	10.281	171.343	171.343	28.557
2004/12/25 09:25:15.917 4831	666	58.116	13.948	11.623	10.461	10.461	10.461	10.461	174.349	174.349	29.058
2004/12/25 09:25:29.496 4831	666	59.118	14.188	11.824	10.641	10.641	10.641	10.641	177.355	177.355	29.559
2004/12/25 09:25:43.075 4831	666	60.120	14.429	12.024	10.822	10.822	10.822	10.822	180.361	180.361	30.060
2004/12/25 09:25:56.654 4831	666	61.122	14.669	12.224	11.002	11.002	11.002	11.002	183.367	183.367	30.561
2004/12/25 09:26:10.233 4831	666	62.124	14.910	12.425	11.182	11.182	11.182	11.182	186.373	186.373	31.062
2004/12/25 09:26:23.812 4831	666	63.126	15.150	12.625	11.363	11.363	11.363	11.363	189.379	189.379	31.563
2004/12/25 09:26:37.391 4831	666	64.128	15.391	12.826	11.543	11.543	11.543	11.543	192.385	192.385	32.064
2004/12/25 09:26:50.970 4831	666	65.130	15.631	13.026	11.723	11.723	11.723	11.723	195.391	195.391	32.565
2004/12/25 09:27:04.549 4831	666	66.132	15.872	13.226	11.904	11.904	11.904	11.904	198.397	198.397	33.066
2004/12/25 09:27:18.128 4831	666	67.134	16.112	13.427	12.084	12.084	12.084	12.084	201.403	201.403	33.567
2004/12/25 09:27:31.707 4831	666	68.136	16.353	13.627	12.265	12.265	12.265	12.265	204.409	204.409	34.068
2004/12/25 09:27:45.286 4831	666	69.138	16.593	13.828	12.445	12.445	12.445	12.445	207.415	207.415	34.569
2004/12/25 09:27:58.865 4831	666	70.140	16.834	14.028	12.625	12.625	12.625	12.625	210.421	210.421	35.070
2004/12/25 09:28:12.444 4831	666	71.142	17.074	14.228	12.806	12.806	12.806	12.806	213.427	213.427	35.571
2004/12/25 09:28:26.023 4831	666	72.144	17.315	14.429	12.986	12.986	12.986	12.986	216.433	216.433	36.072
2004/12/25 09:28:39.602 4831	666	73.146	17.555	14.629	13.166	13.166	13.166	13.166	219.439	219.439	36.573
2004/12/25 09:28:53.181 4831	666	74.148	17.796	14.830	13.347	13.347	13.347	13.347	222.445	222.445	37.074
2004/12/25 09:29:06.760 4831	666	75.150	18.036	15.030	13.527	13.527	13.527	13.527	225.451	225.451	37.575
2004/12/25 09:29:20.339 4831	666	76.152	18.277	15.230	13.707	13.707	13.707	13.707	228.457	228.457	38.076
2004/12/25 09:29:33.918 4831	666	77.154	18.517	15.431	13.888	13.888	13.888	13.888	231.463	231.463	38.577
2004/12/25 09:29:47.497 4831	666	78.156	18.758	15.631	14.068	14.068	14.068	14.068	234.469	234.469	39.078
2004/12/25 09:30:01.076 4831	666	79.158	18.998	15.832	14.248	14.248	14.248	14.248	237.475	237.475	39.579
2004/12/25 09:30:14.655 4831	666	80.160	19.238	16.032	14.429	14.429	14.429	14.429	240.481	240.481	40.080
2004/12/25 09:30:28.234 4831	666	81.162	19.479	16.232	14.609	14.609	14.609	14.609	243.487	243.487	40.581
2004/12/25 09:30:41.813 4831	666	82.164	19.719	16.433	14.790	14.790	14.790	14.790	246.493	246.493	41.082
2004/12/25 09:30:55.392 4831	666	83.166	19.960	16.633	14.970	14.970	14.970	14.970	249.499	249.499	41.583
2004/12/25 09:31:08.971 4831	666	84.168	20.200	16.834	15.150	15.150	15.150	15.150	252.505	252.505	42.084
2004/12/25 09:31:22.550 4831	666	85.170	20.441	17.034	15.331	15.331	15.331	15.331	255.511	255.511	42.585
2004/12/25 09:31:36.129 4831	666	86.172	20.681	17.234	15.511	15.511	15.511	15.511	258.517	258.517	43.086
2004/12/25 09:31:49.708 4831	666	87.174	20.922	17.435	15.691	15.691	15.691	15.691	261.523	261.523	43.587
2004/12/25 09:32:03.287 4831	666	88.176	21.162	17.635	15.872	15.872	15.872	15.872	264.529	264.529	44.088
2004/12/25 09:32:16.866 4831	666	89.178	21.403	17.836	16.052	16.052	16.052	16.052	267.535	267.535	44.589
2004/12/25 09:32:30.445 4831	666	90.180	21.643	18.036	16.232	16.232	16.232	16.232	270.541	270.541	45.090
2004/12/25 09:32:44.024 4831	666	91.182	21.884	18.236	16.413	16.413	16.413	16.413	273.547	273.547	45.591
2004/12/25 09:32:57.603 4831	666	92.184	22.124	18.437	16.593	16.593	16.593	16.593	276.553	276.553	46.092
2004/12/25 09:33:11.182 4831	666	93.186	22.365	18.637	16.774	16.774	16.774	16.774	279.559	279.559	46.593
2004/12/25 09:33:24.761 4831	666	94.188	22.605	18.838	16.954	16.954	16.954	16.954	282.565	282.565	47.094
2004/12/25 09:33:38.340 4831	666	95.190	22.846	19.038	17.134	17.134	17.134	17.134	285.571	285.571	47.595
2004/12/25 09:33:51.919 4831	666	96.192	23.086	19.238	17.315	17.315	17.315	17.315	288.577	288.577	48.096
2004/12/25 09:34:05.498 4831	666	97.194	23.327	19.439	17.495	17.495	17.495	17.495	291.583	291.583	48.597
2004/12/25 09:34:19.077 4831	666	98.196	23.567	19.639	17.675	17.675	17.675	17.675	294.589	294.589	49.098
2004/12/25 09:34:32.656 4831	666	99.198	23.808	19.840	17.856	17.856	17.856	17.856	297.595	297.595	49.599
2004/12/25 09:34:46.235 4831	666	100.200	24.048	20.040	18.036	18.036	18.036	18.036	300.601	300.601	50.100
2004/12/25 09:34:59.814 4831	666	101.202	24.289	20.240	18.216	18.216	18.216	18.216	303.607	303.607	50.601
2004/12/25 09:35:13.393 4831	666	102.204	24.529	20.441	18.397	18.397	18.397	18.397	306.613	306.613	51.102
2004/12/25 09:35:26.972 4831	666	103.206	24.770	20.641	18.577	18.577	18.577	18.577	309.619	309.619	51.603
2004/12/25 09:35:40.551 4831	666	104.208	25.010	20.842	18.758	18.758	18.758	18.758	312.625	312.625	52.104
2004/12/25 09:35:54.130 4831	666	105.210	25.251	21.042	18.938	18.938	18.938	18.938	315.631	315.631	52.605
2004/12/25 09:36:07.709 4831	666	106.212	25.491	21.242	19.118	19.118	19.118	19.118	318.637	318.637	53.106
2004/12/25 09:36:21.288 4831	666	107.214	25.731	21.443	19.299	19.299	19.299	19.299	321.643	321.643	53.607
2004/12/25 09:36:34.867 4831	666	108.216	25.972	21.643	19.479	19.479	19.479	19.479	324.649	324.649	54.108
2004/12/25 09:36:48.446 4831	666	109.218	26.212	21.844	19.659	19.659	19.659	19.659	327.655	327.655	54.609
2004/12/25 09:37:02.025 4831	666	110.220	26.453	22.044	19.840	19.840	19.840	19.840	330.661	330.661	55.110
2004/12/25 09:37:15.604 4831	666	111.222	26.693	22.244	20.020	20.020	20.020	20.020	333.667	333.667	55.611
2004/12/25 09:37:29.183 4831	666	112.224	26.934	22.445	20.200	20.200	20.200	20.200	336.673	336.673	56.112
2004/12/25 09:37:42.762 4831	666	113.226	27.174	22.645	20.381	20.381	20.381	20.381	339.679	339.679	56.613
2004/12/25 09:37:56.341 4831	666	114.228	27.415	22.846	20.561	20.561	20.561	20.561	342.685	342.685	57.114
2004/12/25 09:38:09.920 4831	666	115.230	27.655	23.046	20.741	20.741	20.741	20.741	345.691	345.691	57.615
2004/12/25 09:38:23.499 4831	666	116.232	27.896	23.246	20.922	20.922	20.922	20.922	348.697	348.697	58.116
2004/12/25 09:38:37.078 4831	666	117.234	28.136	23.447	21.102	21.102	21.102	21.102	351.703	351.703	58.617
2004/12/25 09:38:50.657 4831	666	118.236	28.377	23.647	21.283	21.283	21.283	21.283	354.709	354.709	59.118
2004/12/25 09:39:04.236 4831	666	119.238	28.617	23.848	21.463	21.463	21.463	21.463	357.715	357.715	59.619
2004/12/25 09:39:17.815 4831	666	120.240	28.858	24.048	21.643	21.643	21.643	21.643	360.721	360.721	60.120
2004/12/25 09:39:31.394 4831	666	121.242	29.098	24.248	21.824	21.824	21.824	21.824	363.727	363.727	60.621
2004/12/25 09:39:44.973 4831	666	122.244	29.339	24.449	22.004	22.004	22.004	22.004	366.733	366.733	61.122
2004/12/25 09:39:58.552 4831	666	123.246	29.579	24.649	22.184	22.184	22.184	22.184	369.739	369.739	61.623
2004/12/25 09:40:12.131 4831	666	124.248	29.820	24.850	22.365	22.365	22.365	22.365	372.745	372.745	62.124
2004/12/25 09:40:25.710 4831	666	125.251	30.060	25.050	22.545	22.545	22.545	22.545	375.752	375.752	62.625
2004/12/25 09:40:39.289 4831	666	126.253	30.301	25.251	22.725	22.725	22.725	22.725	378.758	378.758	63.126
2004/12/25 09:40:52.868 4831	666	127.255	30.541	25.451	22.906	22.906	22.906	22.906	381.764	381.764	63.627
2004/12/25 09:41:06.447 4831	666	128.257	30.782	25.651	23.086	23.086	23.086	23.086	384.770	384.770	64.128
2004/12/25 09:41:20.026 4831	666	129.259	31.022	25.852	23.267	23.267	23.267	23.267	387.776	387.776	64.629
2004/12/25 09:41:33.605 4831	666	130.261	31.263	26.052	23.447	23.447	23.447	23.447	390.782	390.782	65.130
2004/12/25 09:41:47.184 4831	666	131.263	31.503	26.253	23.627	23.627	23.627	23.627	393.788	393.788	65.631
2004/12/25 09:42:00.763 4831	666	132.265	31.743	26.453	23.808	23.808	23.808	23.808	396.794	396.794	66.132
2004/12/25 09:42:14.342 4831	666	133.267	31.984	26.653	23.988	23.988	23.988	23.988	399.800	399.800	66.633
2004/12/25 09:42:27.921 4831	666	134.269	32.224	26.854	24.168	24.168	24.168	24.168	402.806	402.806	67.134
2004/12/25 09:42:41.500 4831	666	135.271	32.465	27.054	24.349	24.349	24.349	24.349	405.812	405.812	67.635
2004/12/25 09:42:55.079 4831	666	136.273	32.705	27.255	24.529	24.529	24.529	24.529	408.818	408.818	68.136
2004/12/25 09:43:08.658 4831	666	137.275	32.946	27.455	24.709	24.709	24.709	24.709	411.824	411.824	68.637
2004/12/25 09:43:22.237 4831	666	138.277	33.186	27.655	24.890	24.890	24.890	24.890	414.830	414.830	69.138
2004/12/25 09:43:35.816 4831	666	139.279	33.427	27.856	25.070	25.070	25.070	25.070	417.836	417.836	69.639
2004/12/25 09:43:49.395 4831	666	140.281	33.667	28.056	25.251	25.251	25.251	25.251	420.842	420.842	70.140
2004/12/25 09:44:02.974 4831	666	141.283	33.908	28.257	25.431	25.431	25.431	25.431	423.848	423.848	70.641
2004/12/25 09:44:16.553 4831	666	142.285	34.148	28.457	25.611	25.611	25.611	25.611	426.854	426.854	71.142
2004/12/25 09:44:30.132 4831	666	143.287	34.389	28.657	25.792	25.792	25.792	25.792	429.860	429.860	71.643
2004/12/25 09:44:43.711 4831	666	144.289	34.629	28.858	25.972	25.972	25.972	25.972	432.866	432.866	72.144
2004/12/25 09:44:57.290 4831	666	145.291	34.870	29.058	26.152	26.152	26.152	26.152	435.872	435.872	72.645
2004/12/25 09:45:10.869 4831	666	146.293	35.110	29.259	26.333	26.333	26.333	26.333	438.878	438.878	73.146
2004/12/25 09:45:24.448 4831	666	147.295	35.351	29.459	26.513	26.513	26.513	26.513	441.884	441.884	73.647
2004/12/25 09:45:38.027 4831	666	148.297	35.591	29.659	26.693	26.693	26.693	26.693	444.890	444.890	74.148
2004/12/25 09:45:51.606 4831	666	149.299	35.832	29.860	26.874	26.874	26.874	26.874	447.896	447.896	74.649
2004/12/25 09:46:05.185 4831	666	150.301	36.072	30.060	27.054	27.054	27.054	27.054	450.902	450.902	75.150
2004/12/25 09:46:18.764 4831	666	151.303	36.313	30.261	27.234	27.234	27.234	27.234	453.908	453.908	75.651
2004/12/25 09:46:32.343 4831	666	152.305	36.553	30.461	27.415	27.415	27.415	27.415	456.914	456.914	76.152
2004/12/25 09:46:45.922 4831	666	153.307	36.794	30.661	27.595	27.595	27.595	27.595	459.920	459.920	76.653
2004/12/25 09:46:59.501 4831	666	154.309	37.034	30.862	27.776	27.776	27.776	27.776	462.926	462.926	77.154
2004/12/25 09:47:13.080 4831	666	155.311	37.275	31.062	27.956	27.956	27.956	27.956	465.932	465.932	77.655
2004/12/25 09:47:26.659 4831	666	156.313	37.515	31.263	28.136	28.136	28.136	28.136	468.938	468.938	78.156
2004/12/25 09:47:40.238 4831	666	157.315	37.756	31.463	28.317	28.317	28.317	28.317	471.944	471.944	78.657
2004/12/25 09:47:53.817 4831	666	158.317	37.996	31.663	28.497	28.497	28.497	28.497	474.950	474.950	79.158
2004/12/25 09:48:07.396 4831	666	159.319	38.236	31.864	28.677	28.677	28.677	28.677	477.956	477.956	79.659
2004/12/25 09:48:20.975 4831	666	160.321	38.477	32.064	28.858	28.858	28.858	28.858	480.962	480.962	80.160
2004/12/25 09:48:34.554 4831	666	161.323	38.717	32.265	29.038	29.038	29.038	29.038	483.968	483.968	80.661
2004/12/25 09:48:48.133 4831	666	162.325	38.958	32.465	29.218	29.218	29.218	29.218	486.974	486.974	81.162
2004/12/25 09:49:01.712 4831	666	163.327	39.198	32.665	29.399	29.399	29.399	29.399	489.980	489.980	81.663
2004/12/25 09:49:15.291 4831	666	164.329	39.439	32.866	29.579	29.579	29.579	29.579	492.986	492.986	82.164
2004/12/25 09:49:28.870 4831	666	165.331	39.679	33.066	29.760	29.760	29.760	29.760	495.992	495.992	82.665
2004/12/25 09:49:42.449 4831	666	166.333	39.920	33.267	29.940	29.940	29.940	29.940	498.998	498.998	83.166
2004/12/25 09:49:56.028 4831	666	167.335	40.160	33.467	30.120	30.120	30.120	30.120	502.004	502.004	83.667
2004/12/25 09:50:09.607 4831	666	168.337	40.401	33.667	30.301	30.301	30.301	30.301	505.010	505.010	84.168
2004/12/25 09:50:23.186 4831	666	169.339	40.641	33.868	30.481	30.481	30.481	30.481	508.016	508.016	84.669
2004/12/25 09:50:36.765 4831	666	170.341	40.882	34.068	30.661	30.661	30.661	30.661	511.022	511.022	85.170
2004/12/25 09:50:50.344 4831	666	171.343	41.122	34.269	30.842	30.842	30.842	30.842	514.028	514.028	85.671
2004/12/25 09:51:03.923 4831	666	172.345	41.363	34.469	31.022	31.022	31.022	31.022	517.034	517.034	86.172
2004/12/25 09:51:17.502 4831	666	173.347	41.603	34.669	31.202	31.202	31.202	31.202	520.040	520.040	86.673
2004/12/25 09:51:31.081 4831	666	174.349	41.844	34.870	31.383	31.383	31.383	31.383	523.046	523.046	87.174
2004/12/25 09:51:44.660 4831	666	175.351	42.084	35.070	31.563	31.563	31.563	31.563	526.052	526.052	87.675
2004/12/25 09:51:58.239 4831	666	176.353	42.325	35.271	31.743	31.743	31.743	31.743	529.058	529.058	88.176
2004/12/25 09:52:11.818 4831	666	177.355	42.565	35.471	31.924	31.924	31.924	31.924	532.064	532.064	88.677
2004/12/25 09:52:25.397 4831	666	178.357	42.806	35.671	32.104	32.104	32.104	32.104	535.070	535.070	89.178
2004/12/25 09:52:38.976 4831	666	179.359	43.046	35.872	32.285	32.285	32.285	32.285	538.076	538.076	89.679
2004/12/25 09:52:52.555 4831	666	180.361	43.287	36.072	32.465	32.465	32.465	32.465	541.082	541.082	90.180
2004/12/25 09:53:06.134 4831	666	181.363	43.527	36.273	32.645	32.645	32.645	32.645	544.088	544.088	90.681
2004/12/25 09:53:19.713 4831	666	182.365	43.768	36.473	32.826	32.826	32.826	32.826	547.094	547.094	91.182
2004/12/25 09:53:33.292 4831	666	183.367	44.008	36.673	33.006	33.006	33.006	33.006	550.100	550.100	91.683
2004/12/25 09:53:46.871 4831	666	184.369	44.248	36.874	33.186	33.186	33.186	33.186	553.106	553.106	92.184
2004/12/25 09:54:00.450 4831	666	185.371	44.489	37.074	33.367	33.367	33.367	33.367	556.112	556.112	92.685
2004/12/25 09:54:14.029 4831	666	186.373	44.729	37.275	33.547	33.547	33.547	33.547	559.118	559.118	93.186
2004/12/25 09:54:27.608 4831	666	187.375	44.970	37.475	33.727	33.727	33.727	33.727	562.124	562.124	93.687
2004/12/25 09:54:41.187 4831	666	188.377	45.210	37.675	33.908	33.908	33.908	33.908	565.130	565.130	94.188
2004/12/25 09:54:54.766 4831	666	189.379	45.451	37.876	34.088	34.088	34.088	34.088	568.136	568.136	94.689
2004/12/25 09:55:08.345 4831	666	190.381	45.691	38.076	34.269	34.269	34.269	34.269	571.142	571.142	95.190
2004/12/25 09:55:21.924 4831	666	191.383	45.932	38.277	34.449	34.449	34.449	34.449	574.148	574.148	95.691
2004/12/25 09:55:35.503 4831	666	192.385	46.172	38.477	34.629	34.629	34.629	34.629	577.154	577.154	96.192
2004/12/25 09:55:49.082 4831	666	193.387	46.413	38.677	34.810	34.810	34.810	34.810	580.160	580.160	96.693
2004/12/25 09:56:02.661 4831	666	194.389	46.653	38.878	34.990	34.990	34.990	34.990	583.166	583.166	97.194
2004/12/25 09:56:16.240 4831	666	195.391	46.894	39.078	35.170	35.170	35.170	35.170	586.172	586.172	97.695
2004/12/25 09:56:29.819 4831	666	196.393	47.134	39.279	35.351	35.351	35.351	35.351	589.178	589.178	98.196
2004/12/25 09:56:43.398 4831	666	197.395	47.375	39.479	35.531	35.531	35.531	35.531	592.184	592.184	98.697
2004/12/25 09:56:56.977 4831	666	198.397	47.615	39.679	35.711	35.711	35.711	35.711	595.190	595.190	99.198
2004/12/25 09:57:10.556 4831	666	199.399	47.856	39.880	35.892	35.892	35.892	35.892	598.196	598.196	99.699
2004/12/25 09:57:24.135 4831	666	200.401	48.096	40.080	36.072	36.072	36.072	36.072	601.202	601.202	100.200
2004/12/25 09:57:37.714 4831	666	201.403	48.337	40.281	36.253	36.253	36.253	36.253	604.208	604.208	100.701
2004/12/25 09:57:51.293 4831	666	202.405	48.577	40.481	36.433	36.433	36.433	36.433	607.214	607.214	101.202
2004/12/25 09:58:04.872 4831	666	203.407	48.818	40.681	36.613	36.613	36.613	36.613	610.220	610.220	101.703
2004/12/25 09:58:18.451 4831	666	204.409	49.058	40.882	36.794	36.794	36.794	36.794	613.226	613.226	102.204
2004/12/25 09:58:32.030 4831	666	205.411	49.299	41.082	36.974	36.974	36.974	36.974	616.232	616.232	102.705
2004/12/25 09:58:45.609 4831	666	206.413	49.539	41.283	37.154	37.154	37.154	37.154	619.238	619.238	103.206
2004/12/25 09:58:59.188 4831	666	207.415	49.780	41.483	37.335	37.335	37.335	37.335	622.244	622.244	103.707
2004/12/25 09:59:12.767 4831	666	208.417	50.020	41.683	37.515	37.515	37.515	37.515	625.251	625.251	104.208
2004/12/25 09:59:26.346 4831	666	209.419	50.261	41.884	37.695	37.695	37.695	37.695	628.257	628.257	104.709
2004/12/25 09:59:39.925 4831	666	210.421	50.501	42.084	37.876	37.876	37.876	37.876	631.263	631.263	105.210
2004/12/25 09:59:53.504 4831	666	211.423	50.741	42.285	38.056	38.056	38.056	38.056	634.269	634.269	105.711
2004/12/25 10:00:07.083 4831	666	212.425	50.982	42.485	38.236	38.236	38.236	38.236	637.275	637.275	106.212
2004/12/25 10:00:20.662 4831	666	213.427	51.222	42.685	38.417	38.417	38.417	38.417	640.281	640.281	106.713
2004/12/25 10:00:34.241 4831	666	214.429	51.463	42.886	38.597	38.597	38.597	38.597	643.287	643.287	107.214
2004/12/25 10:00:47.820 4831	666	215.431	51.703	43.086	38.778	38.778	38.778	38.778	646.293	646.293	107.715
2004/12/25 10:01:01.399 4831	666	216.433	51.944	43.287	38.958	38.958	38.958	38.958	649.299	649.299	108.216
2004/12/25 10:01:14.978 4831	666	217.435	52.184	43.487	39.138	39.138	39.138	39.138	652.305	652.305	108.717
2004/12/25 10:01:28.557 4831	666	218.437	52.425	43.687	39.319	39.319	39.319	39.319	655.311	655.311	109.218
2004/12/25 10:01:42.136 4831	666	219.439	52.665	43.888	39.499	39.499	39.499	39.499	658.317	658.317	109.719
2004/12/25 10:01:55.715 4831	666	220.441	52.906	44.088	39.679	39.679	39.679	39.679	661.323	661.323	110.220
2004/12/25 10:02:09.294 4831	666	221.443	53.146	44.289	39.860	39.860	39.860	39.860	664.329	664.329	110.721
2004/12/25 10:02:22.873 4831	666	222.445	53.387	44.489	40.040	40.040	40.040	40.040	667.335	667.335	111.222
2004/12/25 10:02:36.452 4831	666	223.447	53.627	44.689	40.220	40.220	40.220	40.220	670.341	670.341	111.723
2004/12/25 10:02:50.031 4831	666	224.449	53.868	44.890	40.401	40.401	40.401	40.401	673.347	673.347	112.224
2004/12/25 10:03:03.610 4831	666	225.451	54.108	45.090	40.581	40.581	40.581	40.581	676.353	676.353	112.725
2004/12/25 10:03:17.189 4831	666	226.453	54.349	45.291	40.762	40.762	40.762	40.762	679.359	679.359	113.226
2004/12/25 10:03:30.768 4831	666	227.455	54.589	45.491	40.942	40.942	40.942	40.942	682.365	682.365	113.727
2004/12/25 10:03:44.347 4831	666	228.457	54.830	45.691	41.122	41.122	41.122	41.122	685.371	685.371	114.228
2004/12/25 10:03:57.926 4831	666	229.459	55.070	45.892	41.303	41.303	41.303	41.303	688.377	688.377	114.729
2004/12/25 10:04:11.505 4831	666	230.461	55.311	46.092	41.483	41.483	41.483	41.483	691.383	691.383	115.230
2004/12/25 10:04:25.084 4831	666	231.463	55.551	46.293	41.663	41.663	41.663	41.663	694.389	694.389	115.731
2004/12/25 10:04:38.663 4831	666	232.465	55.792	46.493	41.844	41.844	41.844	41.844	697.395	697.395	116.232
2004/12/25 10:04:52.242 4831	666	233.467	56.032	46.693	42.024	42.024	42.024	42.024	700.401	700.401	116.733
2004/12/25 10:05:05.821 4831	666	234.469	56.273	46.894	42.204	42.204	42.204	42.204	703.407	703.407	117.234
2004/12/25 10:05:19.400 4831	666	235.471	56.513	47.094	42.385	42.385	42.385	42.385	706.413	706.413	117.735
2004/12/25 10:05:32.979 4831	666	236.473	56.754	47.295	42.565	42.565	42.565	42.565	709.419	709.419	118.236
2004/12/25 10:05:46.558 4831	666	237.475	56.994	47.495	42.745	42.745	42.745	42.745	712.425	712.425	118.737
2004/12/25 10:06:00.137 4831	666	238.477	57.234	47.695	42.926	42.926	42.926	42.926	715.431	715.431	119.238
2004/12/25 10:06:13.716 4831	666	239.479	57.475	47.896	43.106	43.106	43.106	43.106	718.437	718.437	119.739
2004/12/25 10:06:27.295 4831	666	240.481	57.715	48.096	43.287	43.287	43.287	43.287	721.443	721.443	120.240
2004/12/25 10:06:40.874 4831	666	241.483	57.956	48.297	43.467	43.467	43.467	43.467	724.449	724.449	120.741
2004/12/25 10:06:54.453 4831	666	242.485	58.196	48.497	43.647	43.647	43.647	43.647	727.455	727.455	121.242
2004/12/25 10:07:08.032 4831	666	243.487	58.437	48.697	43.828	43.828	43.828	43.828	730.461	730.461	121.743
2004/12/25 10:07:21.611 4831	666	244.489	58.677	48.898	44.008	44.008	44.008	44.008	733.467	733.467	122.244
2004/12/25 10:07:35.190 4831	666	245.491	58.918	49.098	44.188	44.188	44.188	44.188	736.473	736.473	122.745
2004/12/25 10:07:48.769 4831	666	246.493	59.158	49.299	44.369	44.369	44.369	44.369	739.479	739.479	123.246
2004/12/25 10:08:02.348 4831	666	247.495	59.399	49.499	44.549	44.549	44.549	44.549	742.485	742.485	123.747
2004/12/25 10:08:15.927 4831	666	248.497	59.639	49.699	44.729	44.729	44.729	44.729	745.491	745.491	124.248
2004/12/25 10:08:29.506 4831	666	249.499	59.880	49.900	44.910	44.910	44.910	44.910	748.497	748.497	124.749
2004/12/25 10:08:43.085 [dosta:DLOGP1]:File 20041225.dosta4.log, Meta 2 of 2, Sensor 250, Garbled 0
2004/12/25 10:08:56.664 [dosta:DLOGP2]:Generated by Steve Myerson
2004/12/25 10:09:10.243 [dosta:DLOGP3]:Idle state, without initialize
2004/12/25 10:09:23.822 [dosta:DLOGP4]:Instrument Started on second attempt [Power On]
2004/12/25 10:09:37.401 4831	666	250.501	60.120	50.100	45.090	45.090	45.090	45.090	751.503	751.503	125.251
2004/12/25 10:09:50.980 4831	666	251.503	60.361	50.301	45.271	45.271	45.271	45.271	754.509	754.509	125.752
2004/12/25 10:10:04.559 4831	666	252.505	60.601	50.501	45.451	45.451	45.451	45.451	757.515	757.515	126.253
2004/12/25 10:10:18.138 4831	666	253.507	60.842	50.701	45.631	45.631	45.631	45.631	760.521	760.521	126.754
2004/12/25 10:10:31.717 4831	666	254.509	61.082	50.902	45.812	45.812	45.812	45.812	763.527	763.527	127.255
2004/12/25 10:10:45.296 4831	666	255.511	61.323	51.102	45.992	45.992	45.992	45.992	766.533	766.533	127.756
2004/12/25 10:10:58.875 4831	666	256.513	61.563	51.303	46.172	46.172	46.172	46.172	769.539	769.539	128.257
2004/12/25 10:11:12.454 4831	666	257.515	61.804	51.503	46.353	46.353	46.353	46.353	772.545	772.545	128.758
2004/12/25 10:11:26.033 4831	666	258.517	62.044	51.703	46.533	46.533	46.533	46.533	775.551	775.551	129.259
2004/12/25 10:11:39.612 4831	666	259.519	62.285	51.904	46.713	46.713	46.713	46.713	778.557	778.557	129.760
2004/12/25 10:11:53.191 4831	666	260.521	62.525	52.104	46.894	46.894	46.894	46.894	781.563	781.563	130.261
2004/12/25 10:12:06.770 4831	666	261.523	62.766	52.305	47.074	47.074	47.074	47.074	784.569	784.569	130.762
2004/12/25 10:12:20.349 4831	666	262.525	63.006	52.505	47.255	47.255	47.255	47.255	787.575	787.575	131.263
2004/12/25 10:12:33.928 4831	666	263.527	63.246	52.705	47.435	47.435	47.435	47.435	790.581	790.581	131.764
2004/12/25 10:12:47.507 4831	666	264.529	63.487	52.906	47.615	47.615	47.615	47.615	793.587	793.587	132.265
2004/12/25 10:13:01.086 4831	666	265.531	63.727	53.106	47.796	47.796	47.796	47.796	796.593	796.593	132.766
2004/12/25 10:13:14.665 4831	666	266.533	63.968	53.307	47.976	47.976	47.976	47.976	799.599	799.599	133.267
2004/12/25 10:13:28.244 4831	666	267.535	64.208	53.507	48.156	48.156	48.156	48.156	802.605	802.605	133.768
2004/12/25 10:13:41.823 4831	666	268.537	64.449	53.707	48.337	48.337	48.337	48.337	805.611	805.611	134.269
2004/12/25 10:13:55.402 4831	666	269.539	64.689	53.908	48.517	48.517	48.517	48.517	808.617	808.617	134.770
2004/12/25 10:14:08.981 4831	666	270.541	64.930	54.108	48.697	48.697	48.697	48.697	811.623	811.623	135.271
2004/12/25 10:14:22.560 4831	666	271.543	65.170	54.309	48.878	48.878	48.878	48.878	814.629	814.629	135.772
2004/12/25 10:14:36.139 4831	666	272.545	65.411	54.509	49.058	49.058	49.058	49.058	817.635	817.635	136.273
2004/12/25 10:14:49.718 4831	666	273.547	65.651	54.709	49.238	49.238	49.238	49.238	820.641	820.641	136.774
2004/12/25 10:15:03.297 4831	666	274.549	65.892	54.910	49.419	49.419	49.419	49.419	823.647	823.647	137.275
2004/12/25 10:15:16.876 4831	666	275.551	66.132	55.110	49.599	49.599	49.599	49.599	826.653	826.653	137.776
2004/12/25 10:15:30.455 4831	666	276.553	66.373	55.311	49.780	49.780	49.780	49.780	829.659	829.659	138.277
2004/12/25 10:15:44.034 4831	666	277.555	66.613	55.511	49.960	49.960	49.960	49.960	832.665	832.665	138.778
2004/12/25 10:15:57.613 4831	666	278.557	66.854	55.711	50.140	50.140	50.140	50.140	835.671	835.671	139.279
2004/12/25 10:16:11.192 4831	666	279.559	67.094	55.912	50.321	50.321	50.321	50.321	838.677	838.677	139.780
2004/12/25 10:16:24.771 4831	666	280.561	67.335	56.112	50.501	50.501	50.501	50.501	841.683	841.683	140.281
2004/12/25 10:16:38.350 4831	666	281.563	67.575	56.313	50.681	50.681	50.681	50.681	844.689	844.689	140.782
2004/12/25 10:16:51.929 4831	666	282.565	67.816	56.513	50.862	50.862	50.862	50.862	847.695	847.695	141.283
2004/12/25 10:17:05.508 4831	666	283.567	68.056	56.713	51.042	51.042	51.042	51.042	850.701	850.701	141.784
2004/12/25 10:17:19.087 4831	666	284.569	68.297	56.914	51.222	51.222	51.222	51.222	853.707	853.707	142.285
2004/12/25 10:17:32.666 4831	666	285.571	68.537	57.114	51.403	51.403	51.403	51.403	856.713	856.713	142.786
2004/12/25 10:17:46.245 4831	666	286.573	68.778	57.315	51.583	51.583	51.583	51.583	859.719	859.719	143.287
2004/12/25 10:17:59.824 4831	666	287.575	69.018	57.515	51.764	51.764	51.764	51.764	862.725	862.725	143.788
2004/12/25 10:18:13.403 4831	666	288.577	69.259	57.715	51.944	51.944	51.944	51.944	865.731	865.731	144.289
2004/12/25 10:18:26.982 4831	666	289.579	69.499	57.916	52.124	52.124	52.124	52.124	868.737	868.737	144.790
2004/12/25 10:18:40.561 4831	666	290.581	69.739	58.116	52.305	52.305	52.305	52.305	871.743	871.743	145.291
2004/12/25 10:18:54.140 4831	666	291.583	69.980	58.317	52.485	52.485	52.485	52.485	874.749	874.749	145.792
2004/12/25 10:19:07.719 4831	666	292.585	70.220	58.517	52.665	52.665	52.665	52.665	877.756	877.756	146.293
2004/12/25 10:19:21.298 4831	666	293.587	70.461	58.717	52.846	52.846	52.846	52.846	880.762	880.762	146.794
2004/12/25 10:19:34.877 4831	666	294.589	70.701	58.918	53.026	53.026	53.026	53.026	883.768	883.768	147.295
2004/12/25 10:19:48.456 4831	666	295.591	70.942	59.118	53.206	53.206	53.206	53.206	886.774	886.774	147.796
2004/12/25 10:20:02.035 4831	666	296.593	71.182	59.319	53.387	53.387	53.387	53.387	889.780	889.780	148.297
2004/12/25 10:20:15.614 4831	666	297.595	71.423	59.519	53.567	53.567	53.567	53.567	892.786	892.786	148.798
2004/12/25 10:20:29.193 4831	666	298.597	71.663	59.719	53.747	53.747	53.747	53.747	895.792	895.792	149.299
2004/12/25 10:20:42.772 4831	666	299.599	71.904	59.920	53.928	53.928	53.928	53.928	898.798	898.798	149.800
2004/12/25 10:20:56.351 4831	666	300.601	72.144	60.120	54.108	54.108	54.108	54.108	901.804	901.804	150.301
2004/12/25 10:21:09.930 4831	666	301.603	72.385	60.321	54.289	54.289	54.289	54.289	904.810	904.810	150.802
2004/12/25 10:21:23.509 4831	666	302.605	72.625	60.521	54.469	54.469	54.469	54.469	907.816	907.816	151.303
2004/12/25 10:21:37.088 4831	666	303.607	72.866	60.721	54.649	54.649	54.649	54.649	910.822	910.822	151.804
2004/12/25 10:21:50.667 4831	666	304.609	73.106	60.922	54.830	54.830	54.830	54.830	913.828	913.828	152.305
2004/12/25 10:22:04.246 4831	666	305.611	73.347	61.122	55.010	55.010	55.010	55.010	916.834	916.834	152.806
2004/12/25 10:22:17.825 4831	666	306.613	73.587	61.323	55.190	55.190	55.190	55.190	919.840	919.840	153.307
2004/12/25 10:22:31.404 4831	666	307.615	73.828	61.523	55.371	55.371	55.371	55.371	922.846	922.846	153.808
2004/12/25 10:22:44.983 4831	666	308.617	74.068	61.723	55.551	55.551	55.551	55.551	925.852	925.852	154.309
2004/12/25 10:22:58.562 4831	666	309.619	74.309	61.924	55.731	55.731	55.731	55.731	928.858	928.858	154.810
2004/12/25 10:23:12.141 4831	666	310.621	74.549	62.124	55.912	55.912	55.912	55.912	931.864	931.864	155.311
2004/12/25 10:23:25.720 4831	666	311.623	74.790	62.325	56.092	56.092	56.092	56.092	934.870	934.870	155.812
2004/12/25 10:23:39.299 4831	666	312.625	75.030	62.525	56.273	56.273	56.273	56.273	937.876	937.876	156.313
2004/12/25 10:23:52.878 4831	666	313.627	75.271	62.725	56.453	56.453	56.453	56.453	940.882	940.882	156.814
2004/12/25 10:24:06.457 4831	666	314.629	75.511	62.926	56.633	56.633	56.633	56.633	943.888	943.888	157.315
2004/12/25 10:24:20.036 4831	666	315.631	75.752	63.126	56.814	56.814	56.814	56.814	946.894	946.894	157.816
2004/12/25 10:24:33.615 4831	666	316.633	75.992	63.327	56.994	56.994	56.994	56.994	949.900	949.900	158.317
2004/12/25 10:24:47.194 4831	666	317.635	76.232	63.527	57.174	57.174	57.174	57.174	952.906	952.906	158.818
2004/12/25 10:25:00.773 4831	666	318.637	76.473	63.727	57.355	57.355	57.355	57.355	955.912	955.912	159.319
2004/12/25 10:25:14.352 4831	666	319.639	76.713	63.928	57.535	57.535	57.535	57.535	958.918	958.918	159.820
2004/12/25 10:25:27.931 4831	666	320.641	76.954	64.128	57.715	57.715	57.715	57.715	961.924	961.924	160.321
2004/12/25 10:25:41.510 4831	666	321.643	77.194	64.329	57.896	57.896	57.896	57.896	964.930	964.930	160.822
2004/12/25 10:25:55.089 4831	666	322.645	77.435	64.529	58.076	58.076	58.076	58.076	967.936	967.936	161.323
2004/12/25 10:26:08.668 4831	666	323.647	77.675	64.729	58.257	58.257	58.257	58.257	970.942	970.942	161.824
2004/12/25 10:26:22.247 4831	666	324.649	77.916	64.930	58.437	58.437	58.437	58.437	973.948	973.948	162.325
2004/12/25 10:26:35.826 4831	666	325.651	78.156	65.130	58.617	58.617	58.617	58.617	976.954	976.954	162.826
2004/12/25 10:26:49.405 4831	666	326.653	78.397	65.331	58.798	58.798	58.798	58.798	979.960	979.960	163.327
2004/12/25 10:27:02.984 4831	666	327.655	78.637	65.531	58.978	58.978	58.978	58.978	982.966	982.966	163.828
2004/12/25 10:27:16.563 4831	666	328.657	78.878	65.731	59.158	59.158	59.158	59.158	985.972	985.972	164.329
2004/12/25 10:27:30.142 4831	666	329.659	79.118	65.932	59.339	59.339	59.339	59.339	988.978	988.978	164.830
2004/12/25 10:27:43.721 4831	666	330.661	79.359	66.132	59.519	59.519	59.519	59.519	991.984	991.984	165.331
2004/12/25 10:27:57.300 4831	666	331.663	79.599	66.333	59.699	59.699	59.699	59.699	994.990	994.990	165.832
2004/12/25 10:28:10.879 4831	666	332.665	79.840	66.533	59.880	59.880	59.880	59.880	997.996	997.996	166.333
2004/12/25 10:28:24.458 4831	666	333.667	80.080	66.733	60.060	60.060	60.060	60.060	1001.002	1001.002	166.834
2004/12/25 10:28:38.037 4831	666	334.669	80.321	66.934	60.240	60.240	60.240	60.240	1004.008	1004.008	167.335
2004/12/25 10:28:51.616 4831	666	335.671	80.561	67.134	60.421	60.421	60.421	60.421	1007.014	1007.014	167.836
2004/12/25 10:29:05.195 4831	666	336.673	80.802	67.335	60.601	60.601	60.601	60.601	1010.020	1010.020	168.337
2004/12/25 10:29:18.774 4831	666	337.675	81.042	67.535	60.782	60.782	60.782	60.782	1013.026	1013.026	168.838
2004/12/25 10:29:32.353 4831	666	338.677	81.283	67.735	60.962	60.962	60.962	60.962	1016.032	1016.032	169.339
2004/12/25 10:29:45.932 4831	666	339.679	81.523	67.936	61.142	61.142	61.142	61.142	1019.038	1019.038	169.840
2004/12/25 10:29:59.511 4831	666	340.681	81.764	68.136	61.323	61.323	61.323	61.323	1022.044	1022.044	170.341
2004/12/25 10:30:13.090 4831	666	341.683	82.004	68.337	61.503	61.503	61.503	61.503	1025.050	1025.050	170.842
2004/12/25 10:30:26.669 4831	666	342.685	82.244	68.537	61.683	61.683	61.683	61.683	1028.056	1028.056	171.343
2004/12/25 10:30:40.248 4831	666	343.687	82.485	68.737	61.864	61.864	61.864	61.864	1031.062	1031.062	171.844
2004/12/25 10:30:53.827 4831	666	344.689	82.725	68.938	62.044	62.044	62.044	62.044	1034.068	1034.068	172.345
2004/12/25 10:31:07.406 4831	666	345.691	82.966	69.138	62.224	62.224	62.224	62.224	1037.074	1037.074	172.846
2004/12/25 10:31:20.985 4831	666	346.693	83.206	69.339	62.405	62.405	62.405	62.405	1040.080	1040.080	173.347
2004/12/25 10:31:34.564 4831	666	347.695	83.447	69.539	62.585	62.585	62.585	62.585	1043.086	1043.086	173.848
2004/12/25 10:31:48.143 4831	666	348.697	83.687	69.739	62.766	62.766	62.766	62.766	1046.092	1046.092	174.349
2004/12/25 10:32:01.722 4831	666	349.699	83.928	69.940	62.946	62.946	62.946	62.946	1049.098	1049.098	174.850
2004/12/25 10:32:15.301 4831	666	350.701	84.168	70.140	63.126	63.126	63.126	63.126	1052.104	1052.104	175.351
2004/12/25 10:32:28.880 4831	666	351.703	84.409	70.341	63.307	63.307	63.307	63.307	1055.110	1055.110	175.852
2004/12/25 10:32:42.459 4831	666	352.705	84.649	70.541	63.487	63.487	63.487	63.487	1058.116	1058.116	176.353
2004/12/25 10:32:56.038 4831	666	353.707	84.890	70.741	63.667	63.667	63.667	63.667	1061.122	1061.122	176.854
2004/12/25 10:33:09.617 4831	666	354.709	85.130	70.942	63.848	63.848	63.848	63.848	1064.128	1064.128	177.355
2004/12/25 10:33:23.196 4831	666	355.711	85.371	71.142	64.028	64.028	64.028	64.028	1067.134	1067.134	177.856
2004/12/25 10:33:36.775 4831	666	356.713	85.611	71.343	64.208	64.208	64.208	64.208	1070.140	1070.140	178.357
2004/12/25 10:33:50.354 4831	666	357.715	85.852	71.543	64.389	64.389	64.389	64.389	1073.146	1073.146	178.858
2004/12/25 10:34:03.933 4831	666	358.717	86.092	71.743	64.569	64.569	64.569	64.569	1076.152	1076.152	179.359
2004/12/25 10:34:17.512 4831	666	359.719	86.333	71.944	64.749	64.749	64.749	64.749	1079.158	1079.158	179.860
2004/12/25 10:34:31.091 4831	666	360.721	86.573	72.144	64.930	64.930	64.930	64.930	1082.164	1082.164	180.361
2004/12/25 10:34:44.670 4831	666	361.723	86.814	72.345	65.110	65.110	65.110	65.110	1085.170	1085.170	180.862
2004/12/25 10:34:58.249 4831	666	362.725	87.054	72.545	65.291	65.291	65.291	65.291	1088.176	1088.176	181.363
2004/12/25 10:35:11.828 4831	666	363.727	87.295	72.745	65.471	65.471	65.471	65.471	1091.182	1091.182	181.864
2004/12/25 10:35:25.407 4831	666	364.729	87.535	72.946	65.651	65.651	65.651	65.651	1094.188	1094.188	182.365
2004/12/25 10:35:38.986 4831	666	365.731	87.776	73.146	65.832	65.832	65.832	65.832	1097.194	1097.194	182.866
2004/12/25 10:35:52.565 4831	666	366.733	88.016	73.347	66.012	66.012	66.012	66.012	1100.200	1100.200	183.367
2004/12/25 10:36:06.144 4831	666	367.735	88.257	73.547	66.192	66.192	66.192	66.192	1103.206	1103.206	183.868
2004/12/25 10:36:19.723 4831	666	368.737	88.497	73.747	66.373	66.373	66.373	66.373	1106.212	1106.212	184.369
2004/12/25 10:36:33.302 4831	666	369.739	88.737	73.948	66.553	66.553	66.553	66.553	1109.218	1109.218	184.870
2004/12/25 10:36:46.881 4831	666	370.741	88.978	74.148	66.733	66.733	66.733	66.733	1112.224	1112.224	185.371
2004/12/25 10:37:00.460 4831	666	371.743	89.218	74.349	66.914	66.914	66.914	66.914	1115.230	1115.230	185.872
2004/12/25 10:37:14.039 4831	666	372.745	89.459	74.549	67.094	67.094	67.094	67.094	1118.236	1118.236	186.373
2004/12/25 10:37:27.618 4831	666	373.747	89.699	74.749	67.275	67.275	67.275	67.275	1121.242	1121.242	186.874
2004/12/25 10:37:41.197 4831	666	374.749	89.940	74.950	67.455	67.455	67.455	67.455	1124.248	1124.248	187.375
2004/12/25 10:37:54.776 4831	666	375.752	90.180	75.150	67.635	67.635	67.635	67.635	1127.255	1127.255	187.876
2004/12/25 10:38:08.355 4831	666	376.754	90.421	75.351	67.816	67.816	67.816	67.816	1130.261	1130.261	188.377
2004/12/25 10:38:21.934 4831	666	377.756	90.661	75.551	67.996	67.996	67.996	67.996	1133.267	1133.267	188.878
2004/12/25 10:38:35.513 4831	666	378.758	90.902	75.752	68.176	68.176	68.176	68.176	1136.273	1136.273	189.379
2004/12/25 10:38:49.092 4831	666	379.760	91.142	75.952	68.357	68.357	68.357	68.357	1139.279	1139.279	189.880
2004/12/25 10:39:02.671 4831	666	380.762	91.383	76.152	68.537	68.537	68.537	68.537	1142.285	1142.285	190.381
2004/12/25 10:39:16.250 4831	666	381.764	91.623	76.353	68.717	68.717	68.717	68.717	1145.291	1145.291	190.882
2004/12/25 10:39:29.829 4831	666	382.766	91.864	76.553	68.898	68.898	68.898	68.898	1148.297	1148.297	191.383
2004/12/25 10:39:43.408 4831	666	383.768	92.104	76.754	69.078	69.078	69.078	69.078	1151.303	1151.303	191.884
2004/12/25 10:39:56.987 4831	666	384.770	92.345	76.954	69.259	69.259	69.259	69.259	1154.309	1154.309	192.385
2004/12/25 10:40:10.566 4831	666	385.772	92.585	77.154	69.439	69.439	69.439	69.439	1157.315	1157.315	192.886
2004/12/25 10:40:24.145 4831	666	386.774	92.826	77.355	69.619	69.619	69.619	69.619	1160.321	1160.321	193.387
2004/12/25 10:40:37.724 4831	666	387.776	93.066	77.555	69.800	69.800	69.800	69.800	1163.327	1163.327	193.888
2004/12/25 10:40:51.303 4831	666	388.778	93.307	77.756	69.980	69.980	69.980	69.980	1166.333	1166.333	194.389
2004/12/25 10:41:04.882 4831	666	389.780	93.547	77.956	70.160	70.160	70.160	70.160	1169.339	1169.339	194.890
2004/12/25 10:41:18.461 4831	666	390.782	93.788	78.156	70.341	70.341	70.341	70.341	1172.345	1172.345	195.391
2004/12/25 10:41:32.040 4831	666	391.784	94.028	78.357	70.521	70.521	70.521	70.521	1175.351	1175.351	195.892
2004/12/25 10:41:45.619 4831	666	392.786	94.269	78.557	70.701	70.701	70.701	70.701	1178.357	1178.357	196.393
2004/12/25 10:41:59.198 4831	666	393.788	94.509	78.758	70.882	70.882	70.882	70.882	1181.363	1181.363	196.894
2004/12/25 10:42:12.777 4831	666	394.790	94.749	78.958	71.062	71.062	71.062	71.062	1184.369	1184.369	197.395
2004/12/25 10:42:26.356 4831	666	395.792	94.990	79.158	71.242	71.242	71.242	71.242	1187.375	1187.375	197.896
2004/12/25 10:42:39.935 4831	666	396.794	95.230	79.359	71.423	71.423	71.423	71.423	1190.381	1190.381	198.397
2004/12/25 10:42:53.514 4831	666	397.796	95.471	79.559	71.603	71.603	71.603	71.603	1193.387	1193.387	198.898
2004/12/25 10:43:07.093 4831	666	398.798	95.711	79.760	71.784	71.784	71.784	71.784	1196.393	1196.393	199.399
2004/12/25 10:43:20.672 4831	666	399.800	95.952	79.960	71.964	71.964	71.964	71.964	1199.399	1199.399	199.900
2004/12/25 10:43:34.251 4831	666	400.802	96.192	80.160	72.144	72.144	72.144	72.144	1202.405	1202.405	200.401
2004/12/25 10:43:47.830 4831	666	401.804	96.433	80.361	72.325	72.325	72.325	72.325	1205.411	1205.411	200.902
2004/12/25 10:44:01.409 4831	666	402.806	96.673	80.561	72.505	72.505	72.505	72.505	1208.417	1208.417	201.403
2004/12/25 10:44:14.988 4831	666	403.808	96.914	80.762	72.685	72.685	72.685	72.685	1211.423	1211.423	201.904
2004/12/25 10:44:28.567 4831	666	404.810	97.154	80.962	72.866	72.866	72.866	72.866	1214.429	1214.429	202.405
2004/12/25 10:44:42.146 4831	666	405.812	97.395	81.162	73.046	73.046	73.046	73.046	1217.435	1217.435	202.906
2004/12/25 10:44:55.725 4831	666	406.814	97.635	81.363	73.226	73.226	73.226	73.226	1220.441	1220.441	203.407
2004/12/25 10:45:09.304 4831	666	407.816	97.876	81.563	73.407	73.407	73.407	73.407	1223.447	1223.447	203.908
2004/12/25 10:45:22.883 4831	666	408.818	98.116	81.764	73.587	73.587	73.587	73.587	1226.453	1226.453	204.409
2004/12/25 10:45:36.462 4831	666	409.820	98.357	81.964	73.768	73.768	73.768	73.768	1229.459	1229.459	204.910
2004/12/25 10:45:50.041 4831	666	410.822	98.597	82.164	73.948	73.948	73.948	73.948	1232.465	1232.465	205.411
2004/12/25 10:46:03.620 4831	666	411.824	98.838	82.365	74.128	74.128	74.128	74.128	1235.471	1235.471	205.912
2004/12/25 10:46:17.199 4831	666	412.826	99.078	82.565	74.309	74.309	74.309	74.309	1238.477	1238.477	206.413
2004/12/25 10:46:30.778 4831	666	413.828	99.319	82.766	74.489	74.489	74.489	74.489	1241.483	1241.483	206.914
2004/12/25 10:46:44.357 4831	666	414.830	99.559	82.966	74.669	74.669	74.669	74.669	1244.489	1244.489	207.415
2004/12/25 10:46:57.936 4831	666	415.832	99.800	83.166	74.850	74.850	74.850	74.850	1247.495	1247.495	207.916
2004/12/25 10:47:11.515 4831	666	416.834	100.040	83.367	75.030	75.030	75.030	75.030	1250.501	1250.501	208.417
2004/12/25 10:47:25.094 4831	666	417.836	100.281	83.567	75.210	75.210	75.210	75.210	1253.507	1253.507	208.918
2004/12/25 10:47:38.673 4831	666	418.838	100.521	83.768	75.391	75.391	75.391	75.391	1256.513	1256.513	209.419
2004/12/25 10:47:52.252 4831	666	419.840	100.762	83.968	75.571	75.571	75.571	75.571	1259.519	1259.519	209.920
2004/12/25 10:48:05.831 4831	666	420.842	101.002	84.168	75.752	75.752	75.752	75.752	1262.525	1262.525	210.421
2004/12/25 10:48:19.410 4831	666	421.844	101.242	84.369	75.932	75.932	75.932	75.932	1265.531	1265.531	210.922
2004/12/25 10:48:32.989 4831	666	422.846	101.483	84.569	76.112	76.112	76.112	76.112	1268.537	1268.537	211.423
2004/12/25 10:48:46.568 4831	666	423.848	101.723	84.770	76.293	76.293	76.293	76.293	1271.543	1271.543	211.924
2004/12/25 10:49:00.147 4831	666	424.850	101.964	84.970	76.473	76.473	76.473	76.473	1274.549	1274.549	212.425
2004/12/25 10:49:13.726 4831	666	425.852	102.204	85.170	76.653	76.653	76.653	76.653	1277.555	1277.555	212.926
2004/12/25 10:49:27.305 4831	666	426.854	102.445	85.371	76.834	76.834	76.834	76.834	1280.561	1280.561	213.427
2004/12/25 10:49:40.884 4831	666	427.856	102.685	85.571	77.014	77.014	77.014	77.014	1283.567	1283.567	213.928
2004/12/25 10:49:54.463 4831	666	428.858	102.926	85.772	77.194	77.194	77.194	77.194	1286.573	1286.573	214.429
2004/12/25 10:50:08.042 4831	666	429.860	103.166	85.972	77.375	77.375	77.375	77.375	1289.579	1289.579	214.930
2004/12/25 10:50:21.621 4831	666	430.862	103.407	86.172	77.555	77.555	77.555	77.555	1292.585	1292.585	215.431
2004/12/25 10:50:35.200 4831	666	431.864	103.647	86.373	77.735	77.735	77.735	77.735	1295.591	1295.591	215.932
2004/12/25 10:50:48.779 4831	666	432.866	103.888	86.573	77.916	77.916	77.916	77.916	1298.597	1298.597	216.433
2004/12/25 10:51:02.358 4831	666	433.868	104.128	86.774	78.096	78.096	78.096	78.096	1301.603	1301.603	216.934
2004/12/25 10:51:15.937 4831	666	434.870	104.369	86.974	78.277	78.277	78.277	78.277	1304.609	1304.609	217.435
2004/12/25 10:51:29.516 4831	666	435.872	104.609	87.174	78.457	78.457	78.457	78.457	1307.615	1307.615	217.936
2004/12/25 10:51:43.095 4831	666	436.874	104.850	87.375	78.637	78.637	78.637	78.637	1310.621	1310.621	218.437
2004/12/25 10:51:56.674 4831	666	437.876	105.090	87.575	78.818	78.818	78.818	78.818	1313.627	1313.627	218.938
2004/12/25 10:52:10.253 4831	666	438.878	105.331	87.776	78.998	78.998	78.998	78.998	1316.633	1316.633	219.439
2004/12/25 10:52:23.832 4831	666	439.880	105.571	87.976	79.178	79.178	79.178	79.178	1319.639	1319.639	219.940
2004/12/25 10:52:37.411 4831	666	440.882	105.812	88.176	79.359	79.359	79.359	79.359	1322.645	1322.645	220.441
2004/12/25 10:52:50.990 4831	666	441.884	106.052	88.377	79.539	79.539	79.539	79.539	1325.651	1325.651	220.942
2004/12/25 10:53:04.569 4831	666	442.886	106.293	88.577	79.719	79.719	79.719	79.719	1328.657	1328.657	221.443
2004/12/25 10:53:18.148 4831	666	443.888	106.533	88.778	79.900	79.900	79.900	79.900	1331.663	1331.663	221.944
2004/12/25 10:53:31.727 4831	666	444.890	106.774	88.978	80.080	80.080	80.080	80.080	1334.669	1334.669	222.445
2004/12/25 10:53:45.306 4831	666	445.892	107.014	89.178	80.261	80.261	80.261	80.261	1337.675	1337.675	222.946
2004/12/25 10:53:58.885 4831	666	446.894	107.255	89.379	80.441	80.441	80.441	80.441	1340.681	1340.681	223.447
2004/12/25 10:54:12.464 4831	666	447.896	107.495	89.579	80.621	80.621	80.621	80.621	1343.687	1343.687	223.948
2004/12/25 10:54:26.043 4831	666	448.898	107.735	89.780	80.802	80.802	80.802	80.802	1346.693	1346.693	224.449
2004/12/25 10:54:39.622 4831	666	449.900	107.976	89.980	80.982	80.982	80.982	80.982	1349.699	1349.699	224.950
2004/12/25 10:54:53.201 4831	666	450.902	108.216	90.180	81.162	81.162	81.162	81.162	1352.705	1352.705	225.451
2004/12/25 10:55:06.780 4831	666	451.904	108.457	90.381	81.343	81.343	81.343	81.343	1355.711	1355.711	225.952
2004/12/25 10:55:20.359 4831	666	452.906	108.697	90.581	81.523	81.523	81.523	81.523	1358.717	1358.717	226.453
2004/12/25 10:55:33.938 4831	666	453.908	108.938	90.782	81.703	81.703	81.703	81.703	1361.723	1361.723	226.954
2004/12/25 10:55:47.517 4831	666	454.910	109.178	90.982	81.884	81.884	81.884	81.884	1364.729	1364.729	227.455
2004/12/25 10:56:01.096 4831	666	455.912	109.419	91.182	82.064	82.064	82.064	82.064	1367.735	1367.735	227.956
2004/12/25 10:56:14.675 4831	666	456.914	109.659	91.383	82.244	82.244	82.244	82.244	1370.741	1370.741	228.457
2004/12/25 10:56:28.254 4831	666	457.916	109.900	91.583	82.425	82.425	82.425	82.425	1373.747	1373.747	228.958
2004/12/25 10:56:41.833 4831	666	458.918	110.140	91.784	82.605	82.605	82.605	82.605	1376.754	1376.754	229.459
2004/12/25 10:56:55.412 4831	666	459.920	110.381	91.984	82.786	82.786	82.786	82.786	1379.760	1379.760	229.960
2004/12/25 10:57:08.991 4831	666	460.922	110.621	92.184	82.966	82.966	82.966	82.966	1382.766	1382.766	230.461
2004/12/25 10:57:22.570 4831	666	461.924	110.862	92.385	83.146	83.146	83.146	83.146	1385.772	1385.772	230.962
2004/12/25 10:57:36.149 4831	666	462.926	111.102	92.585	83.327	83.327	83.327	83.327	1388.778	1388.778	231.463
2004/12/25 10:57:49.728 4831	666	463.928	111.343	92.786	83.507	83.507	83.507	83.507	1391.784	1391.784	231.964
2004/12/25 10:58:03.307 4831	666	464.930	111.583	92.986	83.687	83.687	83.687	83.687	1394.790	1394.790	232.465
2004/12/25 10:58:16.886 4831	666	465.932	111.824	93.186	83.868	83.868	83.868	83.868	1397.796	1397.796	232.966
2004/12/25 10:58:30.465 4831	666	466.934	112.064	93.387	84.048	84.048	84.048	84.048	1400.802	1400.802	233.467
2004/12/25 10:58:44.044 4831	666	467.936	112.305	93.587	84.228	84.228	84.228	84.228	1403.808	1403.808	233.968
2004/12/25 10:58:57.623 4831	666	468.938	112.545	93.788	84.409	84.409	84.409	84.409	1406.814	1406.814	234.469
2004/12/25 10:59:11.202 4831	666	469.940	112.786	93.988	84.589	84.589	84.589	84.589	1409.820	1409.820	234.970
2004/12/25 10:59:24.781 4831	666	470.942	113.026	94.188	84.770	84.770	84.770	84.770	1412.826	1412.826	235.471
2004/12/25 10:59:38.360 4831	666	471.944	113.267	94.389	84.950	84.950	84.950	84.950	1415.832	1415.832	235.972
2004/12/25 10:59:51.939 4831	666	472.946	113.507	94.589	85.130	85.130	85.130	85.130	1418.838	1418.838	236.473
2004/12/25 11:00:05.518 4831	666	473.948	113.747	94.790	85.311	85.311	85.311	85.311	1421.844	1421.844	236.974
2004/12/25 11:00:19.097 4831	666	474.950	113.988	94.990	85.491	85.491	85.491	85.491	1424.850	1424.850	237.475
2004/12/25 11:00:32.676 4831	666	475.952	114.228	95.190	85.671	85.671	85.671	85.671	1427.856	1427.856	237.976
2004/12/25 11:00:46.255 4831	666	476.954	114.469	95.391	85.852	85.852	85.852	85.852	1430.862	1430.862	238.477
2004/12/25 11:00:59.834 4831	666	477.956	114.709	95.591	86.032	86.032	86.032	86.032	1433.868	1433.868	238.978
2004/12/25 11:01:13.413 4831	666	478.958	114.950	95.792	86.212	86.212	86.212	86.212	1436.874	1436.874	239.479
2004/12/25 11:01:26.992 4831	666	479.960	115.190	95.992	86.393	86.393	86.393	86.393	1439.880	1439.880	239.980
2004/12/25 11:01:40.571 4831	666	480.962	115.431	96.192	86.573	86.573	86.573	86.573	1442.886	1442.886	240.481
2004/12/25 11:01:54.150 4831	666	481.964	115.671	96.393	86.754	86.754	86.754	86.754	1445.892	1445.892	240.982
2004/12/25 11:02:07.729 4831	666	482.966	115.912	96.593	86.934	86.934	86.934	86.934	1448.898	1448.898	241.483
2004/12/25 11:02:21.308 4831	666	483.968	116.152	96.794	87.114	87.114	87.114	87.114	1451.904	1451.904	241.984
2004/12/25 11:02:34.887 4831	666	484.970	116.393	96.994	87.295	87.295	87.295	87.295	1454.910	1454.910	242.485
2004/12/25 11:02:48.466 4831	666	485.972	116.633	97.194	87.475	87.475	87.475	87.475	1457.916	1457.916	242.986
2004/12/25 11:03:02.045 4831	666	486.974	116.874	97.395	87.655	87.655	87.655	87.655	1460.922	1460.922	243.487
2004/12/25 11:03:15.624 4831	666	487.976	117.114	97.595	87.836	87.836	87.836	87.836	1463.928	1463.928	243.988
2004/12/25 11:03:29.203 4831	666	488.978	117.355	97.796	88.016	88.016	88.016	88.016	1466.934	1466.934	244.489
2004/12/25 11:03:42.782 4831	666	489.980	117.595	97.996	88.196	88.196	88.196	88.196	1469.940	1469.940	244.990
2004/12/25 11:03:56.361 4831	666	490.982	117.836	98.196	88.377	88.377	88.377	88.377	1472.946	1472.946	245.491
2004/12/25 11:04:09.940 4831	666	491.984	118.076	98.397	88.557	88.557	88.557	88.557	1475.952	1475.952	245.992
2004/12/25 11:04:23.519 4831	666	492.986	118.317	98.597	88.737	88.737	88.737	88.737	1478.958	1478.958	246.493
2004/12/25 11:04:37.098 4831	666	493.988	118.557	98.798	88.918	88.918	88.918	88.918	1481.964	1481.964	246.994
2004/12/25 11:04:50.677 4831	666	494.990	118.798	98.998	89.098	89.098	89.098	89.098	1484.970	1484.970	247.495
2004/12/25 11:05:04.256 4831	666	495.992	119.038	99.198	89.279	89.279	89.279	89.279	1487.976	1487.976	247.996
2004/12/25 11:05:17.835 4831	666	496.994	119.279	99.399	89.459	89.459	89.459	89.459	1490.982	1490.982	248.497
2004/12/25 11:05:31.414 4831	666	497.996	119.519	99.599	89.639	89.639	89.639	89.639	1493.988	1493.988	248.998
2004/12/25 11:05:44.993 4831	666	498.998	119.760	99.800	89.820	89.820	89.820	89.820	1496.994	1496.994	249.499
2004/12/25 11:05:58.572 4831	666	500.000	120.000	100.000	90.000	90.000	90.000	90.000	1500.000	1500.000	250.000
