2006/02/07 13:15:18.023 [dosta:DLOGP1]:File 20060207.dosta6.log, Meta 1 of 2, Sensor 7, Garbled 2
2006/02/07 13:15:31.602 [dosta:DLOGP2]:Generated by Steve Myerson
2006/02/07 13:15:45.181 [dosta:DLOGP3]:Idle state, without initialize
2006/02/07 13:15:58.760 [dosta:DLOGP4]:Instrument Started on second attempt [Power On]
2006/02/07 13:16:12.339 4831	2006	0.000	0.000	0.000	0.000	0.000	0.000	0.000	0.000	0.000	0.000
2006/02/07 13:16:25.918 4831	2006	38.462	9.231	7.692	6.923	6.923	6.923	6.923	115.385	115.385	19.231
2006/02/07 13:16:39.497 4831	2006	76.923	18.462	15.385	13.846	13.846	13.846	13.846	230.769	230.769	38.462
2006/02/07 13:16:53.076 4831	2006	115.385	27.692	23.077	20.769	20.769	20.769	20.769	346.154	346.154	57.692
2006/02/07 13:17:06.655 4831	2006	153.846	36.923	30.769	27.692	27.692	27.692	27.692	461.538	461.538	76.923
2006/02/07 13:17:20.234 4831	2006	192.308	46.154	38.462	34.615	34.615	34.615	34.615	576.923	576.923	96.154
2006/02/07 13:17:33.813 4831	2006	230.769	55.385	46.154	41.538	41.538	41.538	41.538	692.308	692.308	115.385
2006/02/07 13:17:47.392 [dosta2:DLOGBad1]:4831	132	273.012	102.175	23.115	29.500	29.500	38.727	9.227	1208.1	1048.3	46.1
2006/02/07 13:18:00.971 [dosta2:DLOGBad2]: 2013/11/06 11:15:05.793 [dosta2:DLOGBad2A]:每!4831	132	273.619	102.150	22.986	29.527	29.527	38.751	9.224	1209.8	1050.2	50.4
2006/02/07 13:18:14.550 [dosta2:DLOGBad3]:每!4831	132	273.012	102.175	23.115	29.500	29.500	38.727	9.227	1208.1	1048.3	46.1
2006/02/07 13:18:28.129 [dosta:DLOGP1]:File 20060207.dosta6.log, Meta 2 of 2, Sensor 7, Garbled 2
2006/02/07 13:18:41.708 [dosta:DLOGP2]:Generated by Steve Myerson
2006/02/07 13:18:55.287 [dosta:DLOGP3]:Idle state, without initialize
2006/02/07 13:19:08.866 [dosta:DLOGP4]:Instrument Started on second attempt [Power On]
2006/02/07 13:19:22.445 4831	2006	269.231	64.615	53.846	48.462	48.462	48.462	48.462	807.692	807.692	134.615
2006/02/07 13:19:36.024 4831	2006	307.692	73.846	61.538	55.385	55.385	55.385	55.385	923.077	923.077	153.846
2006/02/07 13:19:49.603 4831	2006	346.154	83.077	69.231	62.308	62.308	62.308	62.308	1038.462	1038.462	173.077
2006/02/07 13:20:03.182 4831	2006	384.615	92.308	76.923	69.231	69.231	69.231	69.231	1153.846	1153.846	192.308
2006/02/07 13:20:16.761 4831	2006	423.077	101.538	84.615	76.154	76.154	76.154	76.154	1269.231	1269.231	211.538
2006/02/07 13:20:30.340 4831	2006	461.538	110.769	92.308	83.077	83.077	83.077	83.077	1384.615	1384.615	230.769
2006/02/07 13:20:43.919 4831	2006	500.000	120.000	100.000	90.000	90.000	90.000	90.000	1500.000	1500.000	250.000
2006/02/07 13:20:57.498 [dosta2:DLOGBad1]:4831	132	273.012	102.175	23.115	29.500	29.500	38.727	9.227	1208.1	1048.3	46.1
2006/02/07 13:21:11.077 [dosta2:DLOGBad2]: 2013/11/06 11:15:05.793 [dosta2:DLOGBad2A]:每!4831	132	273.619	102.150	22.986	29.527	29.527	38.751	9.224	1209.8	1050.2	50.4
2006/02/07 13:21:24.656 [dosta2:DLOGBad3]:每!4831	132	273.012	102.175	23.115	29.500	29.500	38.727	9.227	1208.1	1048.3	46.1
