2007/01/15 01:02:03.005 [dosta:DLOGP1]:File 20070115.dosta7.log, Meta 1 of 1, Sensor 15, Garbled 0
2007/01/15 01:02:03.005 [dosta:DLOGP4]:Manually Generated by Steve Myerson
2007/01/15 01:02:12.758 [dosta:DLOGP4]:Idle state, without initialize
2007/01/15 01:02:22.511 [dosta:DLOGP4]:Instrument Started on second attempt [Power On]
2007/01/15 01:02:30.001 [dosta:DLOGP4]:invalid year
2007/01/15 01:02:30.002 [dosta:DLOGP4]:invalid month
2007/01/15 01:02:30.003 [dosta:DLOGP4]:invalid day
2007/01/15 01:02:30.004 [dosta:DLOGP4]:invalid hour
2007/01/15 01:02:30.005 [dosta:DLOGP4]:invalid minute
2007/01/15 01:02:30.006 [dosta:DLOGP4]:invalid second
2007/01/15 01:02:30.007 [dosta:DLOGP4]:invalid product number
2007/01/15 01:02:30.008 [dosta:DLOGP4]:invalid serial number
2007/01/15 01:02:30.009 [dosta:DLOGP4]:space delimited
2007/01/15 01:02:30.010 [dosta:DLOGP4]:2 digit serial number
2007/01/15 01:02:30.011 [dosta:DLOGP4]:invalid floating point number
2007/01/15 01:02:30.012 [dosta:DLOGP4]:invalid missing float
2007/01/15 01:02:30.013 [dosta:DLOGP4]:invalid date format YYYY-MM-DD
2007/01/15 01:02:30.014 [dosta:DLOGP4]:invalid time missing milliseconds
2007/01/15 01:02:30.015 [dosta:DLOGP4]:extra float in sensor data
2Y06/01/15 01:02:32.264 4831	2007	0.000	0.000	0.000	0.000	0.000	0.000	0.000	0.000	0.000	0.000
2007/M2/07 01:02:42.017 4831	2007	38.462	9.231	7.692	6.923	6.923	6.923	6.923	115.385	115.385	19.231
2007/02/D7 01:02:51.770 4831	2007	76.923	18.462	15.385	13.846	13.846	13.846	13.846	230.769	230.769	38.462
2007/01/15 0H:03:00.523 4831	2007	115.385	27.692	23.077	20.769	20.769	20.769	20.769	346.154	346.154	57.692
2007/01/15 01:0M:10.276 4831	2007	153.846	36.923	30.769	27.692	27.692	27.692	27.692	461.538	461.538	76.923
2007/01/15 01:03:S0.029 4831	2007	192.308	46.154	38.462	34.615	34.615	34.615	34.615	576.923	576.923	96.154
2007/01/15 01:03:29.782 4813	2007	230.769	55.385	46.154	41.538	41.538	41.538	41.538	692.308	692.308	115.385
2007/01/15 01:04:30.053 4831 2007 269.231 64.615 53.846 48.462 48.462 48.462 48.462 807.692 807.692 134.615
2007/01/15 01:04:39.806 4831	26	307.692	73.846	61.538	55.385	55.385	55.385	55.385	923.077	923.077	153.846
2007/01/15 01:04:49.559 4831	2007	346154	83.077	69.231	62.308	62.308	62.308	62.308	1038.462	1038.462	173.077
2007/01/15 01:04:59.312 4831	384.615	92.308	76.923	69.231	69.231	69.231	69.231	1153.846	1153.846	192.308
2007/01/15 01:05:00.065 4831	2007	423.077	101.538	84.615	76.154	76.154	76.154	1269.231	1269.231	211.538
2007-02-07 01:05:09.818 4831	2007	461.538	110.769	92.308	83.077	83.077	83.077	83.077	1384.615	1384.615	230.769
2007/01/15 01:05:19 4831	2007	500.000	120.000	100.000	90.000	90.000	90.000	90.000	1500.000	1500.000	250.000
2007/01/15 01:05:20.666 4831	2007	500.000	120.000	100.000	90.000	90.000	90.000	90.000	1500.000	1500.000	250.000	666.666
