2003/04/13 07:09:12.017 [flort:DLOGP2]:Generated by Steve Myerson
2003/04/13 07:09:14.375 [flort:DLOGP3]:Idle state, without initialize
2003/04/13 07:09:16.733 [flort:DLOGP4]:Instrument Started on second attempt [Power On]
2003/04/13 07:09:19.091 04/13/02	19:09:19	0	1	2	3	4	5	6
2003/04/13 07:09:21.449 04/13/02	19:09:21	1284	1285	1286	1287	1288	1289	1290
2003/04/13 07:09:23.807 04/13/02	19:09:23	2568	2569	2570	2571	2572	2573	2574
2003/04/13 07:09:26.165 04/13/02	19:09:26	3852	3853	3854	3855	3856	3857	3858
2003/04/13 07:09:28.523 04/13/02	19:09:28	5136	5137	5138	5139	5140	5141	5142
2003/04/13 07:09:30.881 04/13/02	19:09:30	6420	6421	6422	6423	6424	6425	6426
2003/04/13 07:09:33.239 04/13/02	19:09:33	7704	7705	7706	7707	7708	7709	7710
2003/04/13 07:09:35.597 04/13/02	19:09:35	8988	8989	8990	8991	8992	8993	8994
2003/04/13 07:09:37.955 04/13/02	19:09:37	10272	10273	10274	10275	10276	10277	10278
2003/04/13 07:09:40.313 04/13/02	19:09:40	11556	11557	11558	11559	11560	11561	11562
2003/04/13 07:09:42.671 04/13/02	19:09:42	12840	12841	12842	12843	12844	12845	12846
2003/04/13 07:09:45.029 04/13/02	19:09:45	14124	14125	14126	14127	14128	14129	14130
2003/04/13 07:09:47.387 04/13/02	19:09:47	15408	15409	15410	15411	15412	15413	15414
2003/04/13 07:09:49.745 [flort:DLOGP2]:Generated by Steve Myerson
2003/04/13 07:09:52.103 [flort:DLOGP3]:Idle state, without initialize
2003/04/13 07:09:54.461 [flort:DLOGP4]:Instrument Started on second attempt [Power On]
2003/04/13 07:09:56.819 04/13/02	19:09:56	16692	16693	16694	16695	16696	16697	16698
2003/04/13 07:09:59.177 04/13/02	19:09:59	17976	17977	17978	17979	17980	17981	17982
2003/04/13 07:10:01.535 04/13/02	19:10:01	19260	19261	19262	19263	19264	19265	19266
2003/04/13 07:10:03.893 04/13/02	19:10:03	20544	20545	20546	20547	20548	20549	20550
2003/04/13 07:10:06.251 04/13/02	19:10:06	21828	21829	21830	21831	21832	21833	21834
2003/04/13 07:10:08.609 04/13/02	19:10:08	23112	23113	23114	23115	23116	23117	23118
2003/04/13 07:10:10.967 04/13/02	19:10:10	24396	24397	24398	24399	24400	24401	24402
2003/04/13 07:10:13.325 04/13/02	19:10:13	25680	25681	25682	25683	25684	25685	25686
2003/04/13 07:10:15.683 04/13/02	19:10:15	26964	26965	26966	26967	26968	26969	26970
2003/04/13 07:10:18.041 04/13/02	19:10:18	28248	28249	28250	28251	28252	28253	28254
2003/04/13 07:10:20.399 04/13/02	19:10:20	29532	29533	29534	29535	29536	29537	29538
2003/04/13 07:10:22.757 04/13/02	19:10:22	30816	30817	30818	30819	30820	30821	30822
2003/04/13 07:10:25.115 04/13/02	19:10:25	32100	32101	32102	32103	32104	32105	32106
2003/04/13 07:10:27.473 [flort:DLOGP2]:Generated by Steve Myerson
2003/04/13 07:10:29.831 [flort:DLOGP3]:Idle state, without initialize
2003/04/13 07:10:32.189 [flort:DLOGP4]:Instrument Started on second attempt [Power On]
2003/04/13 07:10:34.547 04/13/02	19:10:34	33384	33385	33386	33387	33388	33389	33390
2003/04/13 07:10:36.905 04/13/02	19:10:36	34668	34669	34670	34671	34672	34673	34674
2003/04/13 07:10:39.263 04/13/02	19:10:39	35952	35953	35954	35955	35956	35957	35958
2003/04/13 07:10:41.621 04/13/02	19:10:41	37236	37237	37238	37239	37240	37241	37242
2003/04/13 07:10:43.979 04/13/02	19:10:43	38520	38521	38522	38523	38524	38525	38526
2003/04/13 07:10:46.337 04/13/02	19:10:46	39804	39805	39806	39807	39808	39809	39810
2003/04/13 07:10:48.695 04/13/02	19:10:48	41088	41089	41090	41091	41092	41093	41094
2003/04/13 07:10:51.053 04/13/02	19:10:51	42372	42373	42374	42375	42376	42377	42378
2003/04/13 07:10:53.411 04/13/02	19:10:53	43656	43657	43658	43659	43660	43661	43662
2003/04/13 07:10:55.769 04/13/02	19:10:55	44940	44941	44942	44943	44944	44945	44946
2003/04/13 07:10:58.127 04/13/02	19:10:58	46224	46225	46226	46227	46228	46229	46230
2003/04/13 07:11:00.485 04/13/02	19:11:00	47508	47509	47510	47511	47512	47513	47514
2003/04/13 07:11:02.843 04/13/02	19:11:02	48792	48793	48794	48795	48796	48797	48798
2003/04/13 07:11:05.201 [flort:DLOGP2]:Generated by Steve Myerson
2003/04/13 07:11:07.559 [flort:DLOGP3]:Idle state, without initialize
2003/04/13 07:11:09.917 [flort:DLOGP4]:Instrument Started on second attempt [Power On]
2003/04/13 07:11:12.275 04/13/02	19:11:12	50076	50077	50078	50079	50080	50081	50082
2003/04/13 07:11:14.633 04/13/02	19:11:14	51360	51361	51362	51363	51364	51365	51366
2003/04/13 07:11:16.991 04/13/02	19:11:16	52644	52645	52646	52647	52648	52649	52650
2003/04/13 07:11:19.349 04/13/02	19:11:19	53928	53929	53930	53931	53932	53933	53934
2003/04/13 07:11:21.707 04/13/02	19:11:21	55212	55213	55214	55215	55216	55217	55218
2003/04/13 07:11:24.065 04/13/02	19:11:24	56496	56497	56498	56499	56500	56501	56502
2003/04/13 07:11:26.423 04/13/02	19:11:26	57780	57781	57782	57783	57784	57785	57786
2003/04/13 07:11:28.781 04/13/02	19:11:28	59064	59065	59066	59067	59068	59069	59070
2003/04/13 07:11:31.139 04/13/02	19:11:31	60348	60349	60350	60351	60352	60353	60354
2003/04/13 07:11:33.497 04/13/02	19:11:33	61632	61633	61634	61635	61636	61637	61638
2003/04/13 07:11:35.855 04/13/02	19:11:35	62916	62917	62918	62919	62920	62921	62922
2003/04/13 07:11:38.213 04/13/02	19:11:38	64200	64201	64202	64203	64204	64205	64206
2003/04/13 07:11:40.571 04/13/02	19:11:40	65484	65485	65486	65487	65488	65489	65490
