2006/12/20 13:15:18.023 [flort:DLOGP2]:Generated by Steve Myerson
2006/12/20 13:15:20.381 [flort:DLOGP3]:Idle state, without initialize
2006/12/20 13:15:22.739 [flort:DLOGP4]:Instrument Started on second attempt [Power On]
2006/12/20 13:15:25.097 12/20/05	01:15:25	0	1	2	3	4	5	6
2006/12/20 13:15:27.455 12/20/05	01:15:27	219	220	221	222	223	224	225
2006/12/20 13:15:29.813 12/20/05	01:15:29	438	439	440	441	442	443	444
2006/12/20 13:15:32.171 12/20/05	01:15:32	657	658	659	660	661	662	663
2006/12/20 13:15:34.529 12/20/05	01:15:34	876	877	878	879	880	881	882
2006/12/20 13:15:36.887 12/20/05	01:15:36	1095	1096	1097	1098	1099	1100	1101
2006/12/20 13:15:39.245 12/20/05	01:15:39	1314	1315	1316	1317	1318	1319	1320
2006/12/20 13:15:41.603 12/20/05	01:15:41	1533	1534	1535	1536	1537	1538	1539
2006/12/20 13:15:43.961 12/20/05	01:15:43	1752	1753	1754	1755	1756	1757	1758
2006/12/20 13:15:46.319 12/20/05	01:15:46	1971	1972	1973	1974	1975	1976	1977
2006/12/20 13:15:48.677 12/20/05	01:15:48	2190	2191	2192	2193	2194	2195	2196
2006/12/20 13:15:51.035 12/20/05	01:15:51	2409	2410	2411	2412	2413	2414	2415
2006/12/20 13:15:53.393 12/20/05	01:15:53	2628	2629	2630	2631	2632	2633	2634
2006/12/20 13:15:55.751 12/20/05	01:15:55	2847	2848	2849	2850	2851	2852	2853
2006/12/20 13:15:58.109 12/20/05	01:15:58	3066	3067	3068	3069	3070	3071	3072
2006/12/20 13:16:00.467 12/20/05	01:16:00	3285	3286	3287	3288	3289	3290	3291
2006/12/20 13:16:02.825 12/20/05	01:16:02	3504	3505	3506	3507	3508	3509	3510
2006/12/20 13:16:05.183 12/20/05	01:16:05	3723	3724	3725	3726	3727	3728	3729
2006/12/20 13:16:07.541 12/20/05	01:16:07	3942	3943	3944	3945	3946	3947	3948
2006/12/20 13:16:09.899 12/20/05	01:16:09	4161	4162	4163	4164	4165	4166	4167
2006/12/20 13:16:12.257 12/20/05	01:16:12	4380	4381	4382	4383	4384	4385	4386
2006/12/20 13:16:14.615 12/20/05	01:16:14	4599	4600	4601	4602	4603	4604	4605
2006/12/20 13:16:16.973 12/20/05	01:16:16	4818	4819	4820	4821	4822	4823	4824
2006/12/20 13:16:19.331 12/20/05	01:16:19	5037	5038	5039	5040	5041	5042	5043
2006/12/20 13:16:21.689 12/20/05	01:16:21	5256	5257	5258	5259	5260	5261	5262
2006/12/20 13:16:24.047 12/20/05	01:16:24	5475	5476	5477	5478	5479	5480	5481
2006/12/20 13:16:26.405 12/20/05	01:16:26	5694	5695	5696	5697	5698	5699	5700
2006/12/20 13:16:28.763 12/20/05	01:16:28	5913	5914	5915	5916	5917	5918	5919
2006/12/20 13:16:31.121 12/20/05	01:16:31	6132	6133	6134	6135	6136	6137	6138
2006/12/20 13:16:33.479 12/20/05	01:16:33	6351	6352	6353	6354	6355	6356	6357
2006/12/20 13:16:35.837 12/20/05	01:16:35	6570	6571	6572	6573	6574	6575	6576
2006/12/20 13:16:38.195 12/20/05	01:16:38	6789	6790	6791	6792	6793	6794	6795
2006/12/20 13:16:40.553 12/20/05	01:16:40	7008	7009	7010	7011	7012	7013	7014
2006/12/20 13:16:42.911 12/20/05	01:16:42	7227	7228	7229	7230	7231	7232	7233
2006/12/20 13:16:45.269 12/20/05	01:16:45	7446	7447	7448	7449	7450	7451	7452
2006/12/20 13:16:47.627 12/20/05	01:16:47	7665	7666	7667	7668	7669	7670	7671
2006/12/20 13:16:49.985 12/20/05	01:16:49	7884	7885	7886	7887	7888	7889	7890
2006/12/20 13:16:52.343 12/20/05	01:16:52	8103	8104	8105	8106	8107	8108	8109
2006/12/20 13:16:54.701 12/20/05	01:16:54	8322	8323	8324	8325	8326	8327	8328
2006/12/20 13:16:57.059 12/20/05	01:16:57	8541	8542	8543	8544	8545	8546	8547
2006/12/20 13:16:59.417 12/20/05	01:16:59	8760	8761	8762	8763	8764	8765	8766
2006/12/20 13:17:01.775 12/20/05	01:17:01	8979	8980	8981	8982	8983	8984	8985
2006/12/20 13:17:04.133 12/20/05	01:17:04	9198	9199	9200	9201	9202	9203	9204
2006/12/20 13:17:06.491 12/20/05	01:17:06	9417	9418	9419	9420	9421	9422	9423
2006/12/20 13:17:08.849 12/20/05	01:17:08	9636	9637	9638	9639	9640	9641	9642
2006/12/20 13:17:11.207 12/20/05	01:17:11	9855	9856	9857	9858	9859	9860	9861
2006/12/20 13:17:13.565 12/20/05	01:17:13	10074	10075	10076	10077	10078	10079	10080
2006/12/20 13:17:15.923 12/20/05	01:17:15	10293	10294	10295	10296	10297	10298	10299
2006/12/20 13:17:18.281 12/20/05	01:17:18	10512	10513	10514	10515	10516	10517	10518
2006/12/20 13:17:20.639 12/20/05	01:17:20	10731	10732	10733	10734	10735	10736	10737
2006/12/20 13:17:22.997 12/20/05	01:17:22	10950	10951	10952	10953	10954	10955	10956
2006/12/20 13:17:25.355 12/20/05	01:17:25	11169	11170	11171	11172	11173	11174	11175
2006/12/20 13:17:27.713 12/20/05	01:17:27	11388	11389	11390	11391	11392	11393	11394
2006/12/20 13:17:30.071 12/20/05	01:17:30	11607	11608	11609	11610	11611	11612	11613
2006/12/20 13:17:32.429 12/20/05	01:17:32	11826	11827	11828	11829	11830	11831	11832
2006/12/20 13:17:34.787 12/20/05	01:17:34	12045	12046	12047	12048	12049	12050	12051
2006/12/20 13:17:37.145 12/20/05	01:17:37	12264	12265	12266	12267	12268	12269	12270
2006/12/20 13:17:39.503 12/20/05	01:17:39	12483	12484	12485	12486	12487	12488	12489
2006/12/20 13:17:41.861 12/20/05	01:17:41	12702	12703	12704	12705	12706	12707	12708
2006/12/20 13:17:44.219 12/20/05	01:17:44	12921	12922	12923	12924	12925	12926	12927
2006/12/20 13:17:46.577 12/20/05	01:17:46	13140	13141	13142	13143	13144	13145	13146
2006/12/20 13:17:48.935 12/20/05	01:17:48	13359	13360	13361	13362	13363	13364	13365
2006/12/20 13:17:51.293 12/20/05	01:17:51	13578	13579	13580	13581	13582	13583	13584
2006/12/20 13:17:53.651 12/20/05	01:17:53	13797	13798	13799	13800	13801	13802	13803
2006/12/20 13:17:56.009 12/20/05	01:17:56	14016	14017	14018	14019	14020	14021	14022
2006/12/20 13:17:58.367 12/20/05	01:17:58	14235	14236	14237	14238	14239	14240	14241
2006/12/20 13:18:00.725 12/20/05	01:18:00	14454	14455	14456	14457	14458	14459	14460
2006/12/20 13:18:03.083 12/20/05	01:18:03	14673	14674	14675	14676	14677	14678	14679
2006/12/20 13:18:05.441 12/20/05	01:18:05	14892	14893	14894	14895	14896	14897	14898
2006/12/20 13:18:07.799 12/20/05	01:18:07	15111	15112	15113	15114	15115	15116	15117
2006/12/20 13:18:10.157 12/20/05	01:18:10	15330	15331	15332	15333	15334	15335	15336
2006/12/20 13:18:12.515 12/20/05	01:18:12	15549	15550	15551	15552	15553	15554	15555
2006/12/20 13:18:14.873 12/20/05	01:18:14	15768	15769	15770	15771	15772	15773	15774
2006/12/20 13:18:17.231 12/20/05	01:18:17	15987	15988	15989	15990	15991	15992	15993
2006/12/20 13:18:19.589 12/20/05	01:18:19	16206	16207	16208	16209	16210	16211	16212
2006/12/20 13:18:21.947 12/20/05	01:18:21	16425	16426	16427	16428	16429	16430	16431
2006/12/20 13:18:24.305 12/20/05	01:18:24	16644	16645	16646	16647	16648	16649	16650
2006/12/20 13:18:26.663 12/20/05	01:18:26	16863	16864	16865	16866	16867	16868	16869
2006/12/20 13:18:29.021 12/20/05	01:18:29	17082	17083	17084	17085	17086	17087	17088
2006/12/20 13:18:31.379 12/20/05	01:18:31	17301	17302	17303	17304	17305	17306	17307
2006/12/20 13:18:33.737 12/20/05	01:18:33	17520	17521	17522	17523	17524	17525	17526
2006/12/20 13:18:36.095 12/20/05	01:18:36	17739	17740	17741	17742	17743	17744	17745
2006/12/20 13:18:38.453 12/20/05	01:18:38	17958	17959	17960	17961	17962	17963	17964
2006/12/20 13:18:40.811 12/20/05	01:18:40	18177	18178	18179	18180	18181	18182	18183
2006/12/20 13:18:43.169 12/20/05	01:18:43	18396	18397	18398	18399	18400	18401	18402
2006/12/20 13:18:45.527 12/20/05	01:18:45	18615	18616	18617	18618	18619	18620	18621
2006/12/20 13:18:47.885 12/20/05	01:18:47	18834	18835	18836	18837	18838	18839	18840
2006/12/20 13:18:50.243 12/20/05	01:18:50	19053	19054	19055	19056	19057	19058	19059
2006/12/20 13:18:52.601 12/20/05	01:18:52	19272	19273	19274	19275	19276	19277	19278
2006/12/20 13:18:54.959 12/20/05	01:18:54	19491	19492	19493	19494	19495	19496	19497
2006/12/20 13:18:57.317 12/20/05	01:18:57	19710	19711	19712	19713	19714	19715	19716
2006/12/20 13:18:59.675 12/20/05	01:18:59	19929	19930	19931	19932	19933	19934	19935
2006/12/20 13:19:02.033 12/20/05	01:19:02	20148	20149	20150	20151	20152	20153	20154
2006/12/20 13:19:04.391 12/20/05	01:19:04	20367	20368	20369	20370	20371	20372	20373
2006/12/20 13:19:06.749 12/20/05	01:19:06	20586	20587	20588	20589	20590	20591	20592
2006/12/20 13:19:09.107 12/20/05	01:19:09	20805	20806	20807	20808	20809	20810	20811
2006/12/20 13:19:11.465 12/20/05	01:19:11	21024	21025	21026	21027	21028	21029	21030
2006/12/20 13:19:13.823 12/20/05	01:19:13	21243	21244	21245	21246	21247	21248	21249
2006/12/20 13:19:16.181 12/20/05	01:19:16	21462	21463	21464	21465	21466	21467	21468
2006/12/20 13:19:18.539 12/20/05	01:19:18	21681	21682	21683	21684	21685	21686	21687
2006/12/20 13:19:20.897 12/20/05	01:19:20	21900	21901	21902	21903	21904	21905	21906
2006/12/20 13:19:23.255 12/20/05	01:19:23	22119	22120	22121	22122	22123	22124	22125
2006/12/20 13:19:25.613 12/20/05	01:19:25	22338	22339	22340	22341	22342	22343	22344
2006/12/20 13:19:27.971 12/20/05	01:19:27	22557	22558	22559	22560	22561	22562	22563
2006/12/20 13:19:30.329 12/20/05	01:19:30	22776	22777	22778	22779	22780	22781	22782
2006/12/20 13:19:32.687 12/20/05	01:19:32	22995	22996	22997	22998	22999	23000	23001
2006/12/20 13:19:35.045 12/20/05	01:19:35	23214	23215	23216	23217	23218	23219	23220
2006/12/20 13:19:37.403 12/20/05	01:19:37	23433	23434	23435	23436	23437	23438	23439
2006/12/20 13:19:39.761 12/20/05	01:19:39	23652	23653	23654	23655	23656	23657	23658
2006/12/20 13:19:42.119 12/20/05	01:19:42	23871	23872	23873	23874	23875	23876	23877
2006/12/20 13:19:44.477 12/20/05	01:19:44	24090	24091	24092	24093	24094	24095	24096
2006/12/20 13:19:46.835 12/20/05	01:19:46	24309	24310	24311	24312	24313	24314	24315
2006/12/20 13:19:49.193 12/20/05	01:19:49	24528	24529	24530	24531	24532	24533	24534
2006/12/20 13:19:51.551 12/20/05	01:19:51	24747	24748	24749	24750	24751	24752	24753
2006/12/20 13:19:53.909 12/20/05	01:19:53	24966	24967	24968	24969	24970	24971	24972
2006/12/20 13:19:56.267 12/20/05	01:19:56	25185	25186	25187	25188	25189	25190	25191
2006/12/20 13:19:58.625 12/20/05	01:19:58	25404	25405	25406	25407	25408	25409	25410
2006/12/20 13:20:00.983 12/20/05	01:20:00	25623	25624	25625	25626	25627	25628	25629
2006/12/20 13:20:03.341 12/20/05	01:20:03	25842	25843	25844	25845	25846	25847	25848
2006/12/20 13:20:05.699 12/20/05	01:20:05	26061	26062	26063	26064	26065	26066	26067
2006/12/20 13:20:08.057 12/20/05	01:20:08	26280	26281	26282	26283	26284	26285	26286
2006/12/20 13:20:10.415 12/20/05	01:20:10	26499	26500	26501	26502	26503	26504	26505
2006/12/20 13:20:12.773 12/20/05	01:20:12	26718	26719	26720	26721	26722	26723	26724
2006/12/20 13:20:15.131 12/20/05	01:20:15	26937	26938	26939	26940	26941	26942	26943
2006/12/20 13:20:17.489 12/20/05	01:20:17	27156	27157	27158	27159	27160	27161	27162
2006/12/20 13:20:19.847 12/20/05	01:20:19	27375	27376	27377	27378	27379	27380	27381
2006/12/20 13:20:22.205 12/20/05	01:20:22	27594	27595	27596	27597	27598	27599	27600
2006/12/20 13:20:24.563 12/20/05	01:20:24	27813	27814	27815	27816	27817	27818	27819
2006/12/20 13:20:26.921 12/20/05	01:20:26	28032	28033	28034	28035	28036	28037	28038
2006/12/20 13:20:29.279 12/20/05	01:20:29	28251	28252	28253	28254	28255	28256	28257
2006/12/20 13:20:31.637 12/20/05	01:20:31	28470	28471	28472	28473	28474	28475	28476
2006/12/20 13:20:33.995 12/20/05	01:20:33	28689	28690	28691	28692	28693	28694	28695
2006/12/20 13:20:36.353 12/20/05	01:20:36	28908	28909	28910	28911	28912	28913	28914
2006/12/20 13:20:38.711 12/20/05	01:20:38	29127	29128	29129	29130	29131	29132	29133
2006/12/20 13:20:41.069 12/20/05	01:20:41	29346	29347	29348	29349	29350	29351	29352
2006/12/20 13:20:43.427 12/20/05	01:20:43	29565	29566	29567	29568	29569	29570	29571
2006/12/20 13:20:45.785 12/20/05	01:20:45	29784	29785	29786	29787	29788	29789	29790
2006/12/20 13:20:48.143 12/20/05	01:20:48	30003	30004	30005	30006	30007	30008	30009
2006/12/20 13:20:50.501 12/20/05	01:20:50	30222	30223	30224	30225	30226	30227	30228
2006/12/20 13:20:52.859 12/20/05	01:20:52	30441	30442	30443	30444	30445	30446	30447
2006/12/20 13:20:55.217 12/20/05	01:20:55	30660	30661	30662	30663	30664	30665	30666
2006/12/20 13:20:57.575 12/20/05	01:20:57	30879	30880	30881	30882	30883	30884	30885
2006/12/20 13:20:59.933 12/20/05	01:20:59	31098	31099	31100	31101	31102	31103	31104
2006/12/20 13:21:02.291 12/20/05	01:21:02	31317	31318	31319	31320	31321	31322	31323
2006/12/20 13:21:04.649 12/20/05	01:21:04	31536	31537	31538	31539	31540	31541	31542
2006/12/20 13:21:07.007 12/20/05	01:21:07	31755	31756	31757	31758	31759	31760	31761
2006/12/20 13:21:09.365 12/20/05	01:21:09	31974	31975	31976	31977	31978	31979	31980
2006/12/20 13:21:11.723 12/20/05	01:21:11	32193	32194	32195	32196	32197	32198	32199
2006/12/20 13:21:14.081 12/20/05	01:21:14	32412	32413	32414	32415	32416	32417	32418
2006/12/20 13:21:16.439 12/20/05	01:21:16	32631	32632	32633	32634	32635	32636	32637
2006/12/20 13:21:18.797 12/20/05	01:21:18	32850	32851	32852	32853	32854	32855	32856
2006/12/20 13:21:21.155 12/20/05	01:21:21	33069	33070	33071	33072	33073	33074	33075
2006/12/20 13:21:23.513 12/20/05	01:21:23	33288	33289	33290	33291	33292	33293	33294
2006/12/20 13:21:25.871 12/20/05	01:21:25	33507	33508	33509	33510	33511	33512	33513
2006/12/20 13:21:28.229 12/20/05	01:21:28	33726	33727	33728	33729	33730	33731	33732
2006/12/20 13:21:30.587 12/20/05	01:21:30	33945	33946	33947	33948	33949	33950	33951
2006/12/20 13:21:32.945 12/20/05	01:21:32	34164	34165	34166	34167	34168	34169	34170
2006/12/20 13:21:35.303 12/20/05	01:21:35	34383	34384	34385	34386	34387	34388	34389
2006/12/20 13:21:37.661 12/20/05	01:21:37	34602	34603	34604	34605	34606	34607	34608
2006/12/20 13:21:40.019 12/20/05	01:21:40	34821	34822	34823	34824	34825	34826	34827
2006/12/20 13:21:42.377 12/20/05	01:21:42	35040	35041	35042	35043	35044	35045	35046
2006/12/20 13:21:44.735 12/20/05	01:21:44	35259	35260	35261	35262	35263	35264	35265
2006/12/20 13:21:47.093 12/20/05	01:21:47	35478	35479	35480	35481	35482	35483	35484
2006/12/20 13:21:49.451 12/20/05	01:21:49	35697	35698	35699	35700	35701	35702	35703
2006/12/20 13:21:51.809 12/20/05	01:21:51	35916	35917	35918	35919	35920	35921	35922
2006/12/20 13:21:54.167 12/20/05	01:21:54	36135	36136	36137	36138	36139	36140	36141
2006/12/20 13:21:56.525 12/20/05	01:21:56	36354	36355	36356	36357	36358	36359	36360
2006/12/20 13:21:58.883 12/20/05	01:21:58	36573	36574	36575	36576	36577	36578	36579
2006/12/20 13:22:01.241 12/20/05	01:22:01	36792	36793	36794	36795	36796	36797	36798
2006/12/20 13:22:03.599 12/20/05	01:22:03	37011	37012	37013	37014	37015	37016	37017
2006/12/20 13:22:05.957 12/20/05	01:22:05	37230	37231	37232	37233	37234	37235	37236
2006/12/20 13:22:08.315 12/20/05	01:22:08	37449	37450	37451	37452	37453	37454	37455
2006/12/20 13:22:10.673 12/20/05	01:22:10	37668	37669	37670	37671	37672	37673	37674
2006/12/20 13:22:13.031 12/20/05	01:22:13	37887	37888	37889	37890	37891	37892	37893
2006/12/20 13:22:15.389 12/20/05	01:22:15	38106	38107	38108	38109	38110	38111	38112
2006/12/20 13:22:17.747 12/20/05	01:22:17	38325	38326	38327	38328	38329	38330	38331
2006/12/20 13:22:20.105 12/20/05	01:22:20	38544	38545	38546	38547	38548	38549	38550
2006/12/20 13:22:22.463 12/20/05	01:22:22	38763	38764	38765	38766	38767	38768	38769
2006/12/20 13:22:24.821 12/20/05	01:22:24	38982	38983	38984	38985	38986	38987	38988
2006/12/20 13:22:27.179 12/20/05	01:22:27	39201	39202	39203	39204	39205	39206	39207
2006/12/20 13:22:29.537 12/20/05	01:22:29	39420	39421	39422	39423	39424	39425	39426
2006/12/20 13:22:31.895 12/20/05	01:22:31	39639	39640	39641	39642	39643	39644	39645
2006/12/20 13:22:34.253 12/20/05	01:22:34	39858	39859	39860	39861	39862	39863	39864
2006/12/20 13:22:36.611 12/20/05	01:22:36	40077	40078	40079	40080	40081	40082	40083
2006/12/20 13:22:38.969 12/20/05	01:22:38	40296	40297	40298	40299	40300	40301	40302
2006/12/20 13:22:41.327 12/20/05	01:22:41	40515	40516	40517	40518	40519	40520	40521
2006/12/20 13:22:43.685 12/20/05	01:22:43	40734	40735	40736	40737	40738	40739	40740
2006/12/20 13:22:46.043 12/20/05	01:22:46	40953	40954	40955	40956	40957	40958	40959
2006/12/20 13:22:48.401 12/20/05	01:22:48	41172	41173	41174	41175	41176	41177	41178
2006/12/20 13:22:50.759 12/20/05	01:22:50	41391	41392	41393	41394	41395	41396	41397
2006/12/20 13:22:53.117 12/20/05	01:22:53	41610	41611	41612	41613	41614	41615	41616
2006/12/20 13:22:55.475 12/20/05	01:22:55	41829	41830	41831	41832	41833	41834	41835
2006/12/20 13:22:57.833 12/20/05	01:22:57	42048	42049	42050	42051	42052	42053	42054
2006/12/20 13:23:00.191 12/20/05	01:23:00	42267	42268	42269	42270	42271	42272	42273
2006/12/20 13:23:02.549 12/20/05	01:23:02	42486	42487	42488	42489	42490	42491	42492
2006/12/20 13:23:04.907 12/20/05	01:23:04	42705	42706	42707	42708	42709	42710	42711
2006/12/20 13:23:07.265 12/20/05	01:23:07	42924	42925	42926	42927	42928	42929	42930
2006/12/20 13:23:09.623 12/20/05	01:23:09	43143	43144	43145	43146	43147	43148	43149
2006/12/20 13:23:11.981 12/20/05	01:23:11	43362	43363	43364	43365	43366	43367	43368
2006/12/20 13:23:14.339 12/20/05	01:23:14	43581	43582	43583	43584	43585	43586	43587
2006/12/20 13:23:16.697 12/20/05	01:23:16	43800	43801	43802	43803	43804	43805	43806
2006/12/20 13:23:19.055 12/20/05	01:23:19	44019	44020	44021	44022	44023	44024	44025
2006/12/20 13:23:21.413 12/20/05	01:23:21	44238	44239	44240	44241	44242	44243	44244
2006/12/20 13:23:23.771 12/20/05	01:23:23	44457	44458	44459	44460	44461	44462	44463
2006/12/20 13:23:26.129 12/20/05	01:23:26	44676	44677	44678	44679	44680	44681	44682
2006/12/20 13:23:28.487 12/20/05	01:23:28	44895	44896	44897	44898	44899	44900	44901
2006/12/20 13:23:30.845 12/20/05	01:23:30	45114	45115	45116	45117	45118	45119	45120
2006/12/20 13:23:33.203 12/20/05	01:23:33	45333	45334	45335	45336	45337	45338	45339
2006/12/20 13:23:35.561 12/20/05	01:23:35	45552	45553	45554	45555	45556	45557	45558
2006/12/20 13:23:37.919 12/20/05	01:23:37	45771	45772	45773	45774	45775	45776	45777
2006/12/20 13:23:40.277 12/20/05	01:23:40	45990	45991	45992	45993	45994	45995	45996
2006/12/20 13:23:42.635 12/20/05	01:23:42	46209	46210	46211	46212	46213	46214	46215
2006/12/20 13:23:44.993 12/20/05	01:23:44	46428	46429	46430	46431	46432	46433	46434
2006/12/20 13:23:47.351 12/20/05	01:23:47	46647	46648	46649	46650	46651	46652	46653
2006/12/20 13:23:49.709 12/20/05	01:23:49	46866	46867	46868	46869	46870	46871	46872
2006/12/20 13:23:52.067 12/20/05	01:23:52	47085	47086	47087	47088	47089	47090	47091
2006/12/20 13:23:54.425 12/20/05	01:23:54	47304	47305	47306	47307	47308	47309	47310
2006/12/20 13:23:56.783 12/20/05	01:23:56	47523	47524	47525	47526	47527	47528	47529
2006/12/20 13:23:59.141 12/20/05	01:23:59	47742	47743	47744	47745	47746	47747	47748
2006/12/20 13:24:01.499 12/20/05	01:24:01	47961	47962	47963	47964	47965	47966	47967
2006/12/20 13:24:03.857 12/20/05	01:24:03	48180	48181	48182	48183	48184	48185	48186
2006/12/20 13:24:06.215 12/20/05	01:24:06	48399	48400	48401	48402	48403	48404	48405
2006/12/20 13:24:08.573 12/20/05	01:24:08	48618	48619	48620	48621	48622	48623	48624
2006/12/20 13:24:10.931 12/20/05	01:24:10	48837	48838	48839	48840	48841	48842	48843
2006/12/20 13:24:13.289 12/20/05	01:24:13	49056	49057	49058	49059	49060	49061	49062
2006/12/20 13:24:15.647 12/20/05	01:24:15	49275	49276	49277	49278	49279	49280	49281
2006/12/20 13:24:18.005 12/20/05	01:24:18	49494	49495	49496	49497	49498	49499	49500
2006/12/20 13:24:20.363 12/20/05	01:24:20	49713	49714	49715	49716	49717	49718	49719
2006/12/20 13:24:22.721 12/20/05	01:24:22	49932	49933	49934	49935	49936	49937	49938
2006/12/20 13:24:25.079 12/20/05	01:24:25	50151	50152	50153	50154	50155	50156	50157
2006/12/20 13:24:27.437 12/20/05	01:24:27	50370	50371	50372	50373	50374	50375	50376
2006/12/20 13:24:29.795 12/20/05	01:24:29	50589	50590	50591	50592	50593	50594	50595
2006/12/20 13:24:32.153 12/20/05	01:24:32	50808	50809	50810	50811	50812	50813	50814
2006/12/20 13:24:34.511 12/20/05	01:24:34	51027	51028	51029	51030	51031	51032	51033
2006/12/20 13:24:36.869 12/20/05	01:24:36	51246	51247	51248	51249	51250	51251	51252
2006/12/20 13:24:39.227 12/20/05	01:24:39	51465	51466	51467	51468	51469	51470	51471
2006/12/20 13:24:41.585 12/20/05	01:24:41	51684	51685	51686	51687	51688	51689	51690
2006/12/20 13:24:43.943 12/20/05	01:24:43	51903	51904	51905	51906	51907	51908	51909
2006/12/20 13:24:46.301 12/20/05	01:24:46	52122	52123	52124	52125	52126	52127	52128
2006/12/20 13:24:48.659 12/20/05	01:24:48	52341	52342	52343	52344	52345	52346	52347
2006/12/20 13:24:51.017 12/20/05	01:24:51	52560	52561	52562	52563	52564	52565	52566
2006/12/20 13:24:53.375 12/20/05	01:24:53	52779	52780	52781	52782	52783	52784	52785
2006/12/20 13:24:55.733 12/20/05	01:24:55	52998	52999	53000	53001	53002	53003	53004
2006/12/20 13:24:58.091 12/20/05	01:24:58	53217	53218	53219	53220	53221	53222	53223
2006/12/20 13:25:00.449 12/20/05	01:25:00	53436	53437	53438	53439	53440	53441	53442
2006/12/20 13:25:02.807 12/20/05	01:25:02	53655	53656	53657	53658	53659	53660	53661
2006/12/20 13:25:05.165 12/20/05	01:25:05	53874	53875	53876	53877	53878	53879	53880
2006/12/20 13:25:07.523 12/20/05	01:25:07	54093	54094	54095	54096	54097	54098	54099
2006/12/20 13:25:09.881 12/20/05	01:25:09	54312	54313	54314	54315	54316	54317	54318
2006/12/20 13:25:12.239 12/20/05	01:25:12	54531	54532	54533	54534	54535	54536	54537
2006/12/20 13:25:14.597 12/20/05	01:25:14	54750	54751	54752	54753	54754	54755	54756
2006/12/20 13:25:16.955 12/20/05	01:25:16	54969	54970	54971	54972	54973	54974	54975
2006/12/20 13:25:19.313 12/20/05	01:25:19	55188	55189	55190	55191	55192	55193	55194
2006/12/20 13:25:21.671 12/20/05	01:25:21	55407	55408	55409	55410	55411	55412	55413
2006/12/20 13:25:24.029 12/20/05	01:25:24	55626	55627	55628	55629	55630	55631	55632
2006/12/20 13:25:26.387 12/20/05	01:25:26	55845	55846	55847	55848	55849	55850	55851
2006/12/20 13:25:28.745 12/20/05	01:25:28	56064	56065	56066	56067	56068	56069	56070
2006/12/20 13:25:31.103 12/20/05	01:25:31	56283	56284	56285	56286	56287	56288	56289
2006/12/20 13:25:33.461 12/20/05	01:25:33	56502	56503	56504	56505	56506	56507	56508
2006/12/20 13:25:35.819 12/20/05	01:25:35	56721	56722	56723	56724	56725	56726	56727
2006/12/20 13:25:38.177 12/20/05	01:25:38	56940	56941	56942	56943	56944	56945	56946
2006/12/20 13:25:40.535 12/20/05	01:25:40	57159	57160	57161	57162	57163	57164	57165
2006/12/20 13:25:42.893 12/20/05	01:25:42	57378	57379	57380	57381	57382	57383	57384
2006/12/20 13:25:45.251 12/20/05	01:25:45	57597	57598	57599	57600	57601	57602	57603
2006/12/20 13:25:47.609 12/20/05	01:25:47	57816	57817	57818	57819	57820	57821	57822
2006/12/20 13:25:49.967 12/20/05	01:25:49	58035	58036	58037	58038	58039	58040	58041
2006/12/20 13:25:52.325 12/20/05	01:25:52	58254	58255	58256	58257	58258	58259	58260
2006/12/20 13:25:54.683 12/20/05	01:25:54	58473	58474	58475	58476	58477	58478	58479
2006/12/20 13:25:57.041 12/20/05	01:25:57	58692	58693	58694	58695	58696	58697	58698
2006/12/20 13:25:59.399 12/20/05	01:25:59	58911	58912	58913	58914	58915	58916	58917
2006/12/20 13:26:01.757 12/20/05	01:26:01	59130	59131	59132	59133	59134	59135	59136
2006/12/20 13:26:04.115 12/20/05	01:26:04	59349	59350	59351	59352	59353	59354	59355
2006/12/20 13:26:06.473 12/20/05	01:26:06	59568	59569	59570	59571	59572	59573	59574
2006/12/20 13:26:08.831 12/20/05	01:26:08	59787	59788	59789	59790	59791	59792	59793
2006/12/20 13:26:11.189 12/20/05	01:26:11	60006	60007	60008	60009	60010	60011	60012
2006/12/20 13:26:13.547 12/20/05	01:26:13	60225	60226	60227	60228	60229	60230	60231
2006/12/20 13:26:15.905 12/20/05	01:26:15	60444	60445	60446	60447	60448	60449	60450
2006/12/20 13:26:18.263 12/20/05	01:26:18	60663	60664	60665	60666	60667	60668	60669
2006/12/20 13:26:20.621 12/20/05	01:26:20	60882	60883	60884	60885	60886	60887	60888
2006/12/20 13:26:22.979 12/20/05	01:26:22	61101	61102	61103	61104	61105	61106	61107
2006/12/20 13:26:25.337 12/20/05	01:26:25	61320	61321	61322	61323	61324	61325	61326
2006/12/20 13:26:27.695 12/20/05	01:26:27	61539	61540	61541	61542	61543	61544	61545
2006/12/20 13:26:30.053 12/20/05	01:26:30	61758	61759	61760	61761	61762	61763	61764
2006/12/20 13:26:32.411 12/20/05	01:26:32	61977	61978	61979	61980	61981	61982	61983
2006/12/20 13:26:34.769 12/20/05	01:26:34	62196	62197	62198	62199	62200	62201	62202
2006/12/20 13:26:37.127 12/20/05	01:26:37	62415	62416	62417	62418	62419	62420	62421
2006/12/20 13:26:39.485 12/20/05	01:26:39	62634	62635	62636	62637	62638	62639	62640
2006/12/20 13:26:41.843 12/20/05	01:26:41	62853	62854	62855	62856	62857	62858	62859
2006/12/20 13:26:44.201 12/20/05	01:26:44	63072	63073	63074	63075	63076	63077	63078
2006/12/20 13:26:46.559 12/20/05	01:26:46	63291	63292	63293	63294	63295	63296	63297
2006/12/20 13:26:48.917 12/20/05	01:26:48	63510	63511	63512	63513	63514	63515	63516
2006/12/20 13:26:51.275 12/20/05	01:26:51	63729	63730	63731	63732	63733	63734	63735
2006/12/20 13:26:53.633 12/20/05	01:26:53	63948	63949	63950	63951	63952	63953	63954
2006/12/20 13:26:55.991 12/20/05	01:26:55	64167	64168	64169	64170	64171	64172	64173
2006/12/20 13:26:58.349 12/20/05	01:26:58	64386	64387	64388	64389	64390	64391	64392
2006/12/20 13:27:00.707 12/20/05	01:27:00	64605	64606	64607	64608	64609	64610	64611
2006/12/20 13:27:03.065 12/20/05	01:27:03	64824	64825	64826	64827	64828	64829	64830
2006/12/20 13:27:05.423 12/20/05	01:27:05	65043	65044	65045	65046	65047	65048	65049
2006/12/20 13:27:07.781 12/20/05	01:27:07	65262	65263	65264	65265	65266	65267	65268
2006/12/20 13:27:10.139 12/20/05	01:27:10	65481	65482	65483	65484	65485	65486	65487
