2007/12/25 15:17:20.025 [flort:DLOGP2]:Generated by Steve Myerson
2007/12/25 15:17:22.383 [flort:DLOGP3]:Idle state, without initialize
2007/12/25 15:17:24.741 [flort:DLOGP4]:Instrument Started on second attempt [Power On]
2007/12/25 15:17:27.099 12/25/06	03:17:27	0	1	2	3	4	5	6
2007/12/25 15:17:29.457 12/25/06	03:17:29	164	165	166	167	168	169	170
2007/12/25 15:17:31.815 12/25/06	03:17:31	328	329	330	331	332	333	334
2007/12/25 15:17:34.173 12/25/06	03:17:34	492	493	494	495	496	497	498
2007/12/25 15:17:36.531 12/25/06	03:17:36	656	657	658	659	660	661	662
2007/12/25 15:17:38.889 12/25/06	03:17:38	820	821	822	823	824	825	826
2007/12/25 15:17:41.247 12/25/06	03:17:41	984	985	986	987	988	989	990
2007/12/25 15:17:43.605 12/25/06	03:17:43	1148	1149	1150	1151	1152	1153	1154
2007/12/25 15:17:45.963 12/25/06	03:17:45	1312	1313	1314	1315	1316	1317	1318
2007/12/25 15:17:48.321 12/25/06	03:17:48	1476	1477	1478	1479	1480	1481	1482
2007/12/25 15:17:50.679 12/25/06	03:17:50	1640	1641	1642	1643	1644	1645	1646
2007/12/25 15:17:53.037 12/25/06	03:17:53	1804	1805	1806	1807	1808	1809	1810
2007/12/25 15:17:55.395 12/25/06	03:17:55	1968	1969	1970	1971	1972	1973	1974
2007/12/25 15:17:57.753 12/25/06	03:17:57	2132	2133	2134	2135	2136	2137	2138
2007/12/25 15:18:00.111 12/25/06	03:18:00	2296	2297	2298	2299	2300	2301	2302
2007/12/25 15:18:02.469 12/25/06	03:18:02	2460	2461	2462	2463	2464	2465	2466
2007/12/25 15:18:04.827 12/25/06	03:18:04	2624	2625	2626	2627	2628	2629	2630
2007/12/25 15:18:07.185 12/25/06	03:18:07	2788	2789	2790	2791	2792	2793	2794
2007/12/25 15:18:09.543 12/25/06	03:18:09	2952	2953	2954	2955	2956	2957	2958
2007/12/25 15:18:11.901 12/25/06	03:18:11	3116	3117	3118	3119	3120	3121	3122
2007/12/25 15:18:14.259 12/25/06	03:18:14	3280	3281	3282	3283	3284	3285	3286
2007/12/25 15:18:16.617 12/25/06	03:18:16	3444	3445	3446	3447	3448	3449	3450
2007/12/25 15:18:18.975 12/25/06	03:18:18	3608	3609	3610	3611	3612	3613	3614
2007/12/25 15:18:21.333 12/25/06	03:18:21	3772	3773	3774	3775	3776	3777	3778
2007/12/25 15:18:23.691 12/25/06	03:18:23	3936	3937	3938	3939	3940	3941	3942
2007/12/25 15:18:26.049 12/25/06	03:18:26	4100	4101	4102	4103	4104	4105	4106
2007/12/25 15:18:28.407 12/25/06	03:18:28	4264	4265	4266	4267	4268	4269	4270
2007/12/25 15:18:30.765 12/25/06	03:18:30	4428	4429	4430	4431	4432	4433	4434
2007/12/25 15:18:33.123 12/25/06	03:18:33	4592	4593	4594	4595	4596	4597	4598
2007/12/25 15:18:35.481 12/25/06	03:18:35	4756	4757	4758	4759	4760	4761	4762
2007/12/25 15:18:37.839 12/25/06	03:18:37	4920	4921	4922	4923	4924	4925	4926
2007/12/25 15:18:40.197 12/25/06	03:18:40	5084	5085	5086	5087	5088	5089	5090
2007/12/25 15:18:42.555 12/25/06	03:18:42	5248	5249	5250	5251	5252	5253	5254
2007/12/25 15:18:44.913 12/25/06	03:18:44	5412	5413	5414	5415	5416	5417	5418
2007/12/25 15:18:47.271 12/25/06	03:18:47	5576	5577	5578	5579	5580	5581	5582
2007/12/25 15:18:49.629 12/25/06	03:18:49	5740	5741	5742	5743	5744	5745	5746
2007/12/25 15:18:51.987 12/25/06	03:18:51	5904	5905	5906	5907	5908	5909	5910
2007/12/25 15:18:54.345 12/25/06	03:18:54	6068	6069	6070	6071	6072	6073	6074
2007/12/25 15:18:56.703 12/25/06	03:18:56	6232	6233	6234	6235	6236	6237	6238
2007/12/25 15:18:59.061 12/25/06	03:18:59	6396	6397	6398	6399	6400	6401	6402
2007/12/25 15:19:01.419 12/25/06	03:19:01	6560	6561	6562	6563	6564	6565	6566
2007/12/25 15:19:03.777 12/25/06	03:19:03	6724	6725	6726	6727	6728	6729	6730
2007/12/25 15:19:06.135 12/25/06	03:19:06	6888	6889	6890	6891	6892	6893	6894
2007/12/25 15:19:08.493 12/25/06	03:19:08	7052	7053	7054	7055	7056	7057	7058
2007/12/25 15:19:10.851 12/25/06	03:19:10	7216	7217	7218	7219	7220	7221	7222
2007/12/25 15:19:13.209 12/25/06	03:19:13	7380	7381	7382	7383	7384	7385	7386
2007/12/25 15:19:15.567 12/25/06	03:19:15	7544	7545	7546	7547	7548	7549	7550
2007/12/25 15:19:17.925 12/25/06	03:19:17	7708	7709	7710	7711	7712	7713	7714
2007/12/25 15:19:20.283 12/25/06	03:19:20	7872	7873	7874	7875	7876	7877	7878
2007/12/25 15:19:22.641 12/25/06	03:19:22	8036	8037	8038	8039	8040	8041	8042
2007/12/25 15:19:24.999 12/25/06	03:19:24	8200	8201	8202	8203	8204	8205	8206
2007/12/25 15:19:27.357 12/25/06	03:19:27	8364	8365	8366	8367	8368	8369	8370
2007/12/25 15:19:29.715 12/25/06	03:19:29	8528	8529	8530	8531	8532	8533	8534
2007/12/25 15:19:32.073 12/25/06	03:19:32	8692	8693	8694	8695	8696	8697	8698
2007/12/25 15:19:34.431 12/25/06	03:19:34	8856	8857	8858	8859	8860	8861	8862
2007/12/25 15:19:36.789 12/25/06	03:19:36	9020	9021	9022	9023	9024	9025	9026
2007/12/25 15:19:39.147 12/25/06	03:19:39	9184	9185	9186	9187	9188	9189	9190
2007/12/25 15:19:41.505 12/25/06	03:19:41	9348	9349	9350	9351	9352	9353	9354
2007/12/25 15:19:43.863 12/25/06	03:19:43	9512	9513	9514	9515	9516	9517	9518
2007/12/25 15:19:46.221 12/25/06	03:19:46	9676	9677	9678	9679	9680	9681	9682
2007/12/25 15:19:48.579 12/25/06	03:19:48	9840	9841	9842	9843	9844	9845	9846
2007/12/25 15:19:50.937 12/25/06	03:19:50	10004	10005	10006	10007	10008	10009	10010
2007/12/25 15:19:53.295 12/25/06	03:19:53	10168	10169	10170	10171	10172	10173	10174
2007/12/25 15:19:55.653 12/25/06	03:19:55	10332	10333	10334	10335	10336	10337	10338
2007/12/25 15:19:58.011 12/25/06	03:19:58	10496	10497	10498	10499	10500	10501	10502
2007/12/25 15:20:00.369 12/25/06	03:20:00	10660	10661	10662	10663	10664	10665	10666
2007/12/25 15:20:02.727 12/25/06	03:20:02	10824	10825	10826	10827	10828	10829	10830
2007/12/25 15:20:05.085 12/25/06	03:20:05	10988	10989	10990	10991	10992	10993	10994
2007/12/25 15:20:07.443 12/25/06	03:20:07	11152	11153	11154	11155	11156	11157	11158
2007/12/25 15:20:09.801 12/25/06	03:20:09	11316	11317	11318	11319	11320	11321	11322
2007/12/25 15:20:12.159 12/25/06	03:20:12	11480	11481	11482	11483	11484	11485	11486
2007/12/25 15:20:14.517 12/25/06	03:20:14	11644	11645	11646	11647	11648	11649	11650
2007/12/25 15:20:16.875 12/25/06	03:20:16	11808	11809	11810	11811	11812	11813	11814
2007/12/25 15:20:19.233 12/25/06	03:20:19	11972	11973	11974	11975	11976	11977	11978
2007/12/25 15:20:21.591 12/25/06	03:20:21	12136	12137	12138	12139	12140	12141	12142
2007/12/25 15:20:23.949 12/25/06	03:20:23	12300	12301	12302	12303	12304	12305	12306
2007/12/25 15:20:26.307 12/25/06	03:20:26	12464	12465	12466	12467	12468	12469	12470
2007/12/25 15:20:28.665 12/25/06	03:20:28	12628	12629	12630	12631	12632	12633	12634
2007/12/25 15:20:31.023 12/25/06	03:20:31	12792	12793	12794	12795	12796	12797	12798
2007/12/25 15:20:33.381 12/25/06	03:20:33	12956	12957	12958	12959	12960	12961	12962
2007/12/25 15:20:35.739 12/25/06	03:20:35	13120	13121	13122	13123	13124	13125	13126
2007/12/25 15:20:38.097 12/25/06	03:20:38	13284	13285	13286	13287	13288	13289	13290
2007/12/25 15:20:40.455 12/25/06	03:20:40	13448	13449	13450	13451	13452	13453	13454
2007/12/25 15:20:42.813 12/25/06	03:20:42	13612	13613	13614	13615	13616	13617	13618
2007/12/25 15:20:45.171 12/25/06	03:20:45	13776	13777	13778	13779	13780	13781	13782
2007/12/25 15:20:47.529 12/25/06	03:20:47	13940	13941	13942	13943	13944	13945	13946
2007/12/25 15:20:49.887 12/25/06	03:20:49	14104	14105	14106	14107	14108	14109	14110
2007/12/25 15:20:52.245 12/25/06	03:20:52	14268	14269	14270	14271	14272	14273	14274
2007/12/25 15:20:54.603 12/25/06	03:20:54	14432	14433	14434	14435	14436	14437	14438
2007/12/25 15:20:56.961 12/25/06	03:20:56	14596	14597	14598	14599	14600	14601	14602
2007/12/25 15:20:59.319 12/25/06	03:20:59	14760	14761	14762	14763	14764	14765	14766
2007/12/25 15:21:01.677 12/25/06	03:21:01	14924	14925	14926	14927	14928	14929	14930
2007/12/25 15:21:04.035 12/25/06	03:21:04	15088	15089	15090	15091	15092	15093	15094
2007/12/25 15:21:06.393 12/25/06	03:21:06	15252	15253	15254	15255	15256	15257	15258
2007/12/25 15:21:08.751 12/25/06	03:21:08	15416	15417	15418	15419	15420	15421	15422
2007/12/25 15:21:11.109 12/25/06	03:21:11	15580	15581	15582	15583	15584	15585	15586
2007/12/25 15:21:13.467 12/25/06	03:21:13	15744	15745	15746	15747	15748	15749	15750
2007/12/25 15:21:15.825 12/25/06	03:21:15	15908	15909	15910	15911	15912	15913	15914
2007/12/25 15:21:18.183 12/25/06	03:21:18	16072	16073	16074	16075	16076	16077	16078
2007/12/25 15:21:20.541 12/25/06	03:21:20	16236	16237	16238	16239	16240	16241	16242
2007/12/25 15:21:22.899 12/25/06	03:21:22	16400	16401	16402	16403	16404	16405	16406
2007/12/25 15:21:25.257 12/25/06	03:21:25	16564	16565	16566	16567	16568	16569	16570
2007/12/25 15:21:27.615 12/25/06	03:21:27	16728	16729	16730	16731	16732	16733	16734
2007/12/25 15:21:29.973 12/25/06	03:21:29	16892	16893	16894	16895	16896	16897	16898
2007/12/25 15:21:32.331 12/25/06	03:21:32	17056	17057	17058	17059	17060	17061	17062
2007/12/25 15:21:34.689 12/25/06	03:21:34	17220	17221	17222	17223	17224	17225	17226
2007/12/25 15:21:37.047 12/25/06	03:21:37	17384	17385	17386	17387	17388	17389	17390
2007/12/25 15:21:39.405 12/25/06	03:21:39	17548	17549	17550	17551	17552	17553	17554
2007/12/25 15:21:41.763 12/25/06	03:21:41	17712	17713	17714	17715	17716	17717	17718
2007/12/25 15:21:44.121 12/25/06	03:21:44	17876	17877	17878	17879	17880	17881	17882
2007/12/25 15:21:46.479 12/25/06	03:21:46	18040	18041	18042	18043	18044	18045	18046
2007/12/25 15:21:48.837 12/25/06	03:21:48	18204	18205	18206	18207	18208	18209	18210
2007/12/25 15:21:51.195 12/25/06	03:21:51	18368	18369	18370	18371	18372	18373	18374
2007/12/25 15:21:53.553 12/25/06	03:21:53	18532	18533	18534	18535	18536	18537	18538
2007/12/25 15:21:55.911 12/25/06	03:21:55	18696	18697	18698	18699	18700	18701	18702
2007/12/25 15:21:58.269 12/25/06	03:21:58	18860	18861	18862	18863	18864	18865	18866
2007/12/25 15:22:00.627 12/25/06	03:22:00	19024	19025	19026	19027	19028	19029	19030
2007/12/25 15:22:02.985 12/25/06	03:22:02	19188	19189	19190	19191	19192	19193	19194
2007/12/25 15:22:05.343 12/25/06	03:22:05	19352	19353	19354	19355	19356	19357	19358
2007/12/25 15:22:07.701 12/25/06	03:22:07	19516	19517	19518	19519	19520	19521	19522
2007/12/25 15:22:10.059 12/25/06	03:22:10	19680	19681	19682	19683	19684	19685	19686
2007/12/25 15:22:12.417 12/25/06	03:22:12	19844	19845	19846	19847	19848	19849	19850
2007/12/25 15:22:14.775 12/25/06	03:22:14	20008	20009	20010	20011	20012	20013	20014
2007/12/25 15:22:17.133 12/25/06	03:22:17	20172	20173	20174	20175	20176	20177	20178
2007/12/25 15:22:19.491 12/25/06	03:22:19	20336	20337	20338	20339	20340	20341	20342
2007/12/25 15:22:21.849 12/25/06	03:22:21	20500	20501	20502	20503	20504	20505	20506
2007/12/25 15:22:24.207 12/25/06	03:22:24	20664	20665	20666	20667	20668	20669	20670
2007/12/25 15:22:26.565 12/25/06	03:22:26	20828	20829	20830	20831	20832	20833	20834
2007/12/25 15:22:28.923 12/25/06	03:22:28	20992	20993	20994	20995	20996	20997	20998
2007/12/25 15:22:31.281 12/25/06	03:22:31	21156	21157	21158	21159	21160	21161	21162
2007/12/25 15:22:33.639 12/25/06	03:22:33	21320	21321	21322	21323	21324	21325	21326
2007/12/25 15:22:35.997 12/25/06	03:22:35	21484	21485	21486	21487	21488	21489	21490
2007/12/25 15:22:38.355 12/25/06	03:22:38	21648	21649	21650	21651	21652	21653	21654
2007/12/25 15:22:40.713 12/25/06	03:22:40	21812	21813	21814	21815	21816	21817	21818
2007/12/25 15:22:43.071 12/25/06	03:22:43	21976	21977	21978	21979	21980	21981	21982
2007/12/25 15:22:45.429 12/25/06	03:22:45	22140	22141	22142	22143	22144	22145	22146
2007/12/25 15:22:47.787 12/25/06	03:22:47	22304	22305	22306	22307	22308	22309	22310
2007/12/25 15:22:50.145 12/25/06	03:22:50	22468	22469	22470	22471	22472	22473	22474
2007/12/25 15:22:52.503 12/25/06	03:22:52	22632	22633	22634	22635	22636	22637	22638
2007/12/25 15:22:54.861 12/25/06	03:22:54	22796	22797	22798	22799	22800	22801	22802
2007/12/25 15:22:57.219 12/25/06	03:22:57	22960	22961	22962	22963	22964	22965	22966
2007/12/25 15:22:59.577 12/25/06	03:22:59	23124	23125	23126	23127	23128	23129	23130
2007/12/25 15:23:01.935 12/25/06	03:23:01	23288	23289	23290	23291	23292	23293	23294
2007/12/25 15:23:04.293 12/25/06	03:23:04	23452	23453	23454	23455	23456	23457	23458
2007/12/25 15:23:06.651 12/25/06	03:23:06	23616	23617	23618	23619	23620	23621	23622
2007/12/25 15:23:09.009 12/25/06	03:23:09	23780	23781	23782	23783	23784	23785	23786
2007/12/25 15:23:11.367 12/25/06	03:23:11	23944	23945	23946	23947	23948	23949	23950
2007/12/25 15:23:13.725 12/25/06	03:23:13	24108	24109	24110	24111	24112	24113	24114
2007/12/25 15:23:16.083 12/25/06	03:23:16	24272	24273	24274	24275	24276	24277	24278
2007/12/25 15:23:18.441 12/25/06	03:23:18	24436	24437	24438	24439	24440	24441	24442
2007/12/25 15:23:20.799 12/25/06	03:23:20	24600	24601	24602	24603	24604	24605	24606
2007/12/25 15:23:23.157 12/25/06	03:23:23	24764	24765	24766	24767	24768	24769	24770
2007/12/25 15:23:25.515 12/25/06	03:23:25	24928	24929	24930	24931	24932	24933	24934
2007/12/25 15:23:27.873 12/25/06	03:23:27	25092	25093	25094	25095	25096	25097	25098
2007/12/25 15:23:30.231 12/25/06	03:23:30	25256	25257	25258	25259	25260	25261	25262
2007/12/25 15:23:32.589 12/25/06	03:23:32	25420	25421	25422	25423	25424	25425	25426
2007/12/25 15:23:34.947 12/25/06	03:23:34	25584	25585	25586	25587	25588	25589	25590
2007/12/25 15:23:37.305 12/25/06	03:23:37	25748	25749	25750	25751	25752	25753	25754
2007/12/25 15:23:39.663 12/25/06	03:23:39	25912	25913	25914	25915	25916	25917	25918
2007/12/25 15:23:42.021 12/25/06	03:23:42	26076	26077	26078	26079	26080	26081	26082
2007/12/25 15:23:44.379 12/25/06	03:23:44	26240	26241	26242	26243	26244	26245	26246
2007/12/25 15:23:46.737 12/25/06	03:23:46	26404	26405	26406	26407	26408	26409	26410
2007/12/25 15:23:49.095 12/25/06	03:23:49	26568	26569	26570	26571	26572	26573	26574
2007/12/25 15:23:51.453 12/25/06	03:23:51	26732	26733	26734	26735	26736	26737	26738
2007/12/25 15:23:53.811 12/25/06	03:23:53	26896	26897	26898	26899	26900	26901	26902
2007/12/25 15:23:56.169 12/25/06	03:23:56	27060	27061	27062	27063	27064	27065	27066
2007/12/25 15:23:58.527 12/25/06	03:23:58	27224	27225	27226	27227	27228	27229	27230
2007/12/25 15:24:00.885 12/25/06	03:24:00	27388	27389	27390	27391	27392	27393	27394
2007/12/25 15:24:03.243 12/25/06	03:24:03	27552	27553	27554	27555	27556	27557	27558
2007/12/25 15:24:05.601 12/25/06	03:24:05	27716	27717	27718	27719	27720	27721	27722
2007/12/25 15:24:07.959 12/25/06	03:24:07	27880	27881	27882	27883	27884	27885	27886
2007/12/25 15:24:10.317 12/25/06	03:24:10	28044	28045	28046	28047	28048	28049	28050
2007/12/25 15:24:12.675 12/25/06	03:24:12	28208	28209	28210	28211	28212	28213	28214
2007/12/25 15:24:15.033 12/25/06	03:24:15	28372	28373	28374	28375	28376	28377	28378
2007/12/25 15:24:17.391 12/25/06	03:24:17	28536	28537	28538	28539	28540	28541	28542
2007/12/25 15:24:19.749 12/25/06	03:24:19	28700	28701	28702	28703	28704	28705	28706
2007/12/25 15:24:22.107 12/25/06	03:24:22	28864	28865	28866	28867	28868	28869	28870
2007/12/25 15:24:24.465 12/25/06	03:24:24	29028	29029	29030	29031	29032	29033	29034
2007/12/25 15:24:26.823 12/25/06	03:24:26	29192	29193	29194	29195	29196	29197	29198
2007/12/25 15:24:29.181 12/25/06	03:24:29	29356	29357	29358	29359	29360	29361	29362
2007/12/25 15:24:31.539 12/25/06	03:24:31	29520	29521	29522	29523	29524	29525	29526
2007/12/25 15:24:33.897 12/25/06	03:24:33	29684	29685	29686	29687	29688	29689	29690
2007/12/25 15:24:36.255 12/25/06	03:24:36	29848	29849	29850	29851	29852	29853	29854
2007/12/25 15:24:38.613 12/25/06	03:24:38	30012	30013	30014	30015	30016	30017	30018
2007/12/25 15:24:40.971 12/25/06	03:24:40	30176	30177	30178	30179	30180	30181	30182
2007/12/25 15:24:43.329 12/25/06	03:24:43	30340	30341	30342	30343	30344	30345	30346
2007/12/25 15:24:45.687 12/25/06	03:24:45	30504	30505	30506	30507	30508	30509	30510
2007/12/25 15:24:48.045 12/25/06	03:24:48	30668	30669	30670	30671	30672	30673	30674
2007/12/25 15:24:50.403 12/25/06	03:24:50	30832	30833	30834	30835	30836	30837	30838
2007/12/25 15:24:52.761 12/25/06	03:24:52	30996	30997	30998	30999	31000	31001	31002
2007/12/25 15:24:55.119 12/25/06	03:24:55	31160	31161	31162	31163	31164	31165	31166
2007/12/25 15:24:57.477 12/25/06	03:24:57	31324	31325	31326	31327	31328	31329	31330
2007/12/25 15:24:59.835 12/25/06	03:24:59	31488	31489	31490	31491	31492	31493	31494
2007/12/25 15:25:02.193 12/25/06	03:25:02	31652	31653	31654	31655	31656	31657	31658
2007/12/25 15:25:04.551 12/25/06	03:25:04	31816	31817	31818	31819	31820	31821	31822
2007/12/25 15:25:06.909 12/25/06	03:25:06	31980	31981	31982	31983	31984	31985	31986
2007/12/25 15:25:09.267 12/25/06	03:25:09	32144	32145	32146	32147	32148	32149	32150
2007/12/25 15:25:11.625 12/25/06	03:25:11	32308	32309	32310	32311	32312	32313	32314
2007/12/25 15:25:13.983 12/25/06	03:25:13	32472	32473	32474	32475	32476	32477	32478
2007/12/25 15:25:16.341 12/25/06	03:25:16	32636	32637	32638	32639	32640	32641	32642
2007/12/25 15:25:18.699 [flort:DLOGP2]:Generated by Steve Myerson
2007/12/25 15:25:21.057 [flort:DLOGP3]:Idle state, without initialize
2007/12/25 15:25:23.415 [flort:DLOGP4]:Instrument Started on second attempt [Power On]
2007/12/25 15:25:25.773 12/25/06	03:25:25	32800	32801	32802	32803	32804	32805	32806
2007/12/25 15:25:28.131 12/25/06	03:25:28	32964	32965	32966	32967	32968	32969	32970
2007/12/25 15:25:30.489 12/25/06	03:25:30	33128	33129	33130	33131	33132	33133	33134
2007/12/25 15:25:32.847 12/25/06	03:25:32	33292	33293	33294	33295	33296	33297	33298
2007/12/25 15:25:35.205 12/25/06	03:25:35	33456	33457	33458	33459	33460	33461	33462
2007/12/25 15:25:37.563 12/25/06	03:25:37	33620	33621	33622	33623	33624	33625	33626
2007/12/25 15:25:39.921 12/25/06	03:25:39	33784	33785	33786	33787	33788	33789	33790
2007/12/25 15:25:42.279 12/25/06	03:25:42	33948	33949	33950	33951	33952	33953	33954
2007/12/25 15:25:44.637 12/25/06	03:25:44	34112	34113	34114	34115	34116	34117	34118
2007/12/25 15:25:46.995 12/25/06	03:25:46	34276	34277	34278	34279	34280	34281	34282
2007/12/25 15:25:49.353 12/25/06	03:25:49	34440	34441	34442	34443	34444	34445	34446
2007/12/25 15:25:51.711 12/25/06	03:25:51	34604	34605	34606	34607	34608	34609	34610
2007/12/25 15:25:54.069 12/25/06	03:25:54	34768	34769	34770	34771	34772	34773	34774
2007/12/25 15:25:56.427 12/25/06	03:25:56	34932	34933	34934	34935	34936	34937	34938
2007/12/25 15:25:58.785 12/25/06	03:25:58	35096	35097	35098	35099	35100	35101	35102
2007/12/25 15:26:01.143 12/25/06	03:26:01	35260	35261	35262	35263	35264	35265	35266
2007/12/25 15:26:03.501 12/25/06	03:26:03	35424	35425	35426	35427	35428	35429	35430
2007/12/25 15:26:05.859 12/25/06	03:26:05	35588	35589	35590	35591	35592	35593	35594
2007/12/25 15:26:08.217 12/25/06	03:26:08	35752	35753	35754	35755	35756	35757	35758
2007/12/25 15:26:10.575 12/25/06	03:26:10	35916	35917	35918	35919	35920	35921	35922
2007/12/25 15:26:12.933 12/25/06	03:26:12	36080	36081	36082	36083	36084	36085	36086
2007/12/25 15:26:15.291 12/25/06	03:26:15	36244	36245	36246	36247	36248	36249	36250
2007/12/25 15:26:17.649 12/25/06	03:26:17	36408	36409	36410	36411	36412	36413	36414
2007/12/25 15:26:20.007 12/25/06	03:26:20	36572	36573	36574	36575	36576	36577	36578
2007/12/25 15:26:22.365 12/25/06	03:26:22	36736	36737	36738	36739	36740	36741	36742
2007/12/25 15:26:24.723 12/25/06	03:26:24	36900	36901	36902	36903	36904	36905	36906
2007/12/25 15:26:27.081 12/25/06	03:26:27	37064	37065	37066	37067	37068	37069	37070
2007/12/25 15:26:29.439 12/25/06	03:26:29	37228	37229	37230	37231	37232	37233	37234
2007/12/25 15:26:31.797 12/25/06	03:26:31	37392	37393	37394	37395	37396	37397	37398
2007/12/25 15:26:34.155 12/25/06	03:26:34	37556	37557	37558	37559	37560	37561	37562
2007/12/25 15:26:36.513 12/25/06	03:26:36	37720	37721	37722	37723	37724	37725	37726
2007/12/25 15:26:38.871 12/25/06	03:26:38	37884	37885	37886	37887	37888	37889	37890
2007/12/25 15:26:41.229 12/25/06	03:26:41	38048	38049	38050	38051	38052	38053	38054
2007/12/25 15:26:43.587 12/25/06	03:26:43	38212	38213	38214	38215	38216	38217	38218
2007/12/25 15:26:45.945 12/25/06	03:26:45	38376	38377	38378	38379	38380	38381	38382
2007/12/25 15:26:48.303 12/25/06	03:26:48	38540	38541	38542	38543	38544	38545	38546
2007/12/25 15:26:50.661 12/25/06	03:26:50	38704	38705	38706	38707	38708	38709	38710
2007/12/25 15:26:53.019 12/25/06	03:26:53	38868	38869	38870	38871	38872	38873	38874
2007/12/25 15:26:55.377 12/25/06	03:26:55	39032	39033	39034	39035	39036	39037	39038
2007/12/25 15:26:57.735 12/25/06	03:26:57	39196	39197	39198	39199	39200	39201	39202
2007/12/25 15:27:00.093 12/25/06	03:27:00	39360	39361	39362	39363	39364	39365	39366
2007/12/25 15:27:02.451 12/25/06	03:27:02	39524	39525	39526	39527	39528	39529	39530
2007/12/25 15:27:04.809 12/25/06	03:27:04	39688	39689	39690	39691	39692	39693	39694
2007/12/25 15:27:07.167 12/25/06	03:27:07	39852	39853	39854	39855	39856	39857	39858
2007/12/25 15:27:09.525 12/25/06	03:27:09	40016	40017	40018	40019	40020	40021	40022
2007/12/25 15:27:11.883 12/25/06	03:27:11	40180	40181	40182	40183	40184	40185	40186
2007/12/25 15:27:14.241 12/25/06	03:27:14	40344	40345	40346	40347	40348	40349	40350
2007/12/25 15:27:16.599 12/25/06	03:27:16	40508	40509	40510	40511	40512	40513	40514
2007/12/25 15:27:18.957 12/25/06	03:27:18	40672	40673	40674	40675	40676	40677	40678
2007/12/25 15:27:21.315 12/25/06	03:27:21	40836	40837	40838	40839	40840	40841	40842
2007/12/25 15:27:23.673 12/25/06	03:27:23	41000	41001	41002	41003	41004	41005	41006
2007/12/25 15:27:26.031 12/25/06	03:27:26	41164	41165	41166	41167	41168	41169	41170
2007/12/25 15:27:28.389 12/25/06	03:27:28	41328	41329	41330	41331	41332	41333	41334
2007/12/25 15:27:30.747 12/25/06	03:27:30	41492	41493	41494	41495	41496	41497	41498
2007/12/25 15:27:33.105 12/25/06	03:27:33	41656	41657	41658	41659	41660	41661	41662
2007/12/25 15:27:35.463 12/25/06	03:27:35	41820	41821	41822	41823	41824	41825	41826
2007/12/25 15:27:37.821 12/25/06	03:27:37	41984	41985	41986	41987	41988	41989	41990
2007/12/25 15:27:40.179 12/25/06	03:27:40	42148	42149	42150	42151	42152	42153	42154
2007/12/25 15:27:42.537 12/25/06	03:27:42	42312	42313	42314	42315	42316	42317	42318
2007/12/25 15:27:44.895 12/25/06	03:27:44	42476	42477	42478	42479	42480	42481	42482
2007/12/25 15:27:47.253 12/25/06	03:27:47	42640	42641	42642	42643	42644	42645	42646
2007/12/25 15:27:49.611 12/25/06	03:27:49	42804	42805	42806	42807	42808	42809	42810
2007/12/25 15:27:51.969 12/25/06	03:27:51	42968	42969	42970	42971	42972	42973	42974
2007/12/25 15:27:54.327 12/25/06	03:27:54	43132	43133	43134	43135	43136	43137	43138
2007/12/25 15:27:56.685 12/25/06	03:27:56	43296	43297	43298	43299	43300	43301	43302
2007/12/25 15:27:59.043 12/25/06	03:27:59	43460	43461	43462	43463	43464	43465	43466
2007/12/25 15:28:01.401 12/25/06	03:28:01	43624	43625	43626	43627	43628	43629	43630
2007/12/25 15:28:03.759 12/25/06	03:28:03	43788	43789	43790	43791	43792	43793	43794
2007/12/25 15:28:06.117 12/25/06	03:28:06	43952	43953	43954	43955	43956	43957	43958
2007/12/25 15:28:08.475 12/25/06	03:28:08	44116	44117	44118	44119	44120	44121	44122
2007/12/25 15:28:10.833 12/25/06	03:28:10	44280	44281	44282	44283	44284	44285	44286
2007/12/25 15:28:13.191 12/25/06	03:28:13	44444	44445	44446	44447	44448	44449	44450
2007/12/25 15:28:15.549 12/25/06	03:28:15	44608	44609	44610	44611	44612	44613	44614
2007/12/25 15:28:17.907 12/25/06	03:28:17	44772	44773	44774	44775	44776	44777	44778
2007/12/25 15:28:20.265 12/25/06	03:28:20	44936	44937	44938	44939	44940	44941	44942
2007/12/25 15:28:22.623 12/25/06	03:28:22	45100	45101	45102	45103	45104	45105	45106
2007/12/25 15:28:24.981 12/25/06	03:28:24	45264	45265	45266	45267	45268	45269	45270
2007/12/25 15:28:27.339 12/25/06	03:28:27	45428	45429	45430	45431	45432	45433	45434
2007/12/25 15:28:29.697 12/25/06	03:28:29	45592	45593	45594	45595	45596	45597	45598
2007/12/25 15:28:32.055 12/25/06	03:28:32	45756	45757	45758	45759	45760	45761	45762
2007/12/25 15:28:34.413 12/25/06	03:28:34	45920	45921	45922	45923	45924	45925	45926
2007/12/25 15:28:36.771 12/25/06	03:28:36	46084	46085	46086	46087	46088	46089	46090
2007/12/25 15:28:39.129 12/25/06	03:28:39	46248	46249	46250	46251	46252	46253	46254
2007/12/25 15:28:41.487 12/25/06	03:28:41	46412	46413	46414	46415	46416	46417	46418
2007/12/25 15:28:43.845 12/25/06	03:28:43	46576	46577	46578	46579	46580	46581	46582
2007/12/25 15:28:46.203 12/25/06	03:28:46	46740	46741	46742	46743	46744	46745	46746
2007/12/25 15:28:48.561 12/25/06	03:28:48	46904	46905	46906	46907	46908	46909	46910
2007/12/25 15:28:50.919 12/25/06	03:28:50	47068	47069	47070	47071	47072	47073	47074
2007/12/25 15:28:53.277 12/25/06	03:28:53	47232	47233	47234	47235	47236	47237	47238
2007/12/25 15:28:55.635 12/25/06	03:28:55	47396	47397	47398	47399	47400	47401	47402
2007/12/25 15:28:57.993 12/25/06	03:28:57	47560	47561	47562	47563	47564	47565	47566
2007/12/25 15:29:00.351 12/25/06	03:29:00	47724	47725	47726	47727	47728	47729	47730
2007/12/25 15:29:02.709 12/25/06	03:29:02	47888	47889	47890	47891	47892	47893	47894
2007/12/25 15:29:05.067 12/25/06	03:29:05	48052	48053	48054	48055	48056	48057	48058
2007/12/25 15:29:07.425 12/25/06	03:29:07	48216	48217	48218	48219	48220	48221	48222
2007/12/25 15:29:09.783 12/25/06	03:29:09	48380	48381	48382	48383	48384	48385	48386
2007/12/25 15:29:12.141 12/25/06	03:29:12	48544	48545	48546	48547	48548	48549	48550
2007/12/25 15:29:14.499 12/25/06	03:29:14	48708	48709	48710	48711	48712	48713	48714
2007/12/25 15:29:16.857 12/25/06	03:29:16	48872	48873	48874	48875	48876	48877	48878
2007/12/25 15:29:19.215 12/25/06	03:29:19	49036	49037	49038	49039	49040	49041	49042
2007/12/25 15:29:21.573 12/25/06	03:29:21	49200	49201	49202	49203	49204	49205	49206
2007/12/25 15:29:23.931 12/25/06	03:29:23	49364	49365	49366	49367	49368	49369	49370
2007/12/25 15:29:26.289 12/25/06	03:29:26	49528	49529	49530	49531	49532	49533	49534
2007/12/25 15:29:28.647 12/25/06	03:29:28	49692	49693	49694	49695	49696	49697	49698
2007/12/25 15:29:31.005 12/25/06	03:29:31	49856	49857	49858	49859	49860	49861	49862
2007/12/25 15:29:33.363 12/25/06	03:29:33	50020	50021	50022	50023	50024	50025	50026
2007/12/25 15:29:35.721 12/25/06	03:29:35	50184	50185	50186	50187	50188	50189	50190
2007/12/25 15:29:38.079 12/25/06	03:29:38	50348	50349	50350	50351	50352	50353	50354
2007/12/25 15:29:40.437 12/25/06	03:29:40	50512	50513	50514	50515	50516	50517	50518
2007/12/25 15:29:42.795 12/25/06	03:29:42	50676	50677	50678	50679	50680	50681	50682
2007/12/25 15:29:45.153 12/25/06	03:29:45	50840	50841	50842	50843	50844	50845	50846
2007/12/25 15:29:47.511 12/25/06	03:29:47	51004	51005	51006	51007	51008	51009	51010
2007/12/25 15:29:49.869 12/25/06	03:29:49	51168	51169	51170	51171	51172	51173	51174
2007/12/25 15:29:52.227 12/25/06	03:29:52	51332	51333	51334	51335	51336	51337	51338
2007/12/25 15:29:54.585 12/25/06	03:29:54	51496	51497	51498	51499	51500	51501	51502
2007/12/25 15:29:56.943 12/25/06	03:29:56	51660	51661	51662	51663	51664	51665	51666
2007/12/25 15:29:59.301 12/25/06	03:29:59	51824	51825	51826	51827	51828	51829	51830
2007/12/25 15:30:01.659 12/25/06	03:30:01	51988	51989	51990	51991	51992	51993	51994
2007/12/25 15:30:04.017 12/25/06	03:30:04	52152	52153	52154	52155	52156	52157	52158
2007/12/25 15:30:06.375 12/25/06	03:30:06	52316	52317	52318	52319	52320	52321	52322
2007/12/25 15:30:08.733 12/25/06	03:30:08	52480	52481	52482	52483	52484	52485	52486
2007/12/25 15:30:11.091 12/25/06	03:30:11	52644	52645	52646	52647	52648	52649	52650
2007/12/25 15:30:13.449 12/25/06	03:30:13	52808	52809	52810	52811	52812	52813	52814
2007/12/25 15:30:15.807 12/25/06	03:30:15	52972	52973	52974	52975	52976	52977	52978
2007/12/25 15:30:18.165 12/25/06	03:30:18	53136	53137	53138	53139	53140	53141	53142
2007/12/25 15:30:20.523 12/25/06	03:30:20	53300	53301	53302	53303	53304	53305	53306
2007/12/25 15:30:22.881 12/25/06	03:30:22	53464	53465	53466	53467	53468	53469	53470
2007/12/25 15:30:25.239 12/25/06	03:30:25	53628	53629	53630	53631	53632	53633	53634
2007/12/25 15:30:27.597 12/25/06	03:30:27	53792	53793	53794	53795	53796	53797	53798
2007/12/25 15:30:29.955 12/25/06	03:30:29	53956	53957	53958	53959	53960	53961	53962
2007/12/25 15:30:32.313 12/25/06	03:30:32	54120	54121	54122	54123	54124	54125	54126
2007/12/25 15:30:34.671 12/25/06	03:30:34	54284	54285	54286	54287	54288	54289	54290
2007/12/25 15:30:37.029 12/25/06	03:30:37	54448	54449	54450	54451	54452	54453	54454
2007/12/25 15:30:39.387 12/25/06	03:30:39	54612	54613	54614	54615	54616	54617	54618
2007/12/25 15:30:41.745 12/25/06	03:30:41	54776	54777	54778	54779	54780	54781	54782
2007/12/25 15:30:44.103 12/25/06	03:30:44	54940	54941	54942	54943	54944	54945	54946
2007/12/25 15:30:46.461 12/25/06	03:30:46	55104	55105	55106	55107	55108	55109	55110
2007/12/25 15:30:48.819 12/25/06	03:30:48	55268	55269	55270	55271	55272	55273	55274
2007/12/25 15:30:51.177 12/25/06	03:30:51	55432	55433	55434	55435	55436	55437	55438
2007/12/25 15:30:53.535 12/25/06	03:30:53	55596	55597	55598	55599	55600	55601	55602
2007/12/25 15:30:55.893 12/25/06	03:30:55	55760	55761	55762	55763	55764	55765	55766
2007/12/25 15:30:58.251 12/25/06	03:30:58	55924	55925	55926	55927	55928	55929	55930
2007/12/25 15:31:00.609 12/25/06	03:31:00	56088	56089	56090	56091	56092	56093	56094
2007/12/25 15:31:02.967 12/25/06	03:31:02	56252	56253	56254	56255	56256	56257	56258
2007/12/25 15:31:05.325 12/25/06	03:31:05	56416	56417	56418	56419	56420	56421	56422
2007/12/25 15:31:07.683 12/25/06	03:31:07	56580	56581	56582	56583	56584	56585	56586
2007/12/25 15:31:10.041 12/25/06	03:31:10	56744	56745	56746	56747	56748	56749	56750
2007/12/25 15:31:12.399 12/25/06	03:31:12	56908	56909	56910	56911	56912	56913	56914
2007/12/25 15:31:14.757 12/25/06	03:31:14	57072	57073	57074	57075	57076	57077	57078
2007/12/25 15:31:17.115 12/25/06	03:31:17	57236	57237	57238	57239	57240	57241	57242
2007/12/25 15:31:19.473 12/25/06	03:31:19	57400	57401	57402	57403	57404	57405	57406
2007/12/25 15:31:21.831 12/25/06	03:31:21	57564	57565	57566	57567	57568	57569	57570
2007/12/25 15:31:24.189 12/25/06	03:31:24	57728	57729	57730	57731	57732	57733	57734
2007/12/25 15:31:26.547 12/25/06	03:31:26	57892	57893	57894	57895	57896	57897	57898
2007/12/25 15:31:28.905 12/25/06	03:31:28	58056	58057	58058	58059	58060	58061	58062
2007/12/25 15:31:31.263 12/25/06	03:31:31	58220	58221	58222	58223	58224	58225	58226
2007/12/25 15:31:33.621 12/25/06	03:31:33	58384	58385	58386	58387	58388	58389	58390
2007/12/25 15:31:35.979 12/25/06	03:31:35	58548	58549	58550	58551	58552	58553	58554
2007/12/25 15:31:38.337 12/25/06	03:31:38	58712	58713	58714	58715	58716	58717	58718
2007/12/25 15:31:40.695 12/25/06	03:31:40	58876	58877	58878	58879	58880	58881	58882
2007/12/25 15:31:43.053 12/25/06	03:31:43	59040	59041	59042	59043	59044	59045	59046
2007/12/25 15:31:45.411 12/25/06	03:31:45	59204	59205	59206	59207	59208	59209	59210
2007/12/25 15:31:47.769 12/25/06	03:31:47	59368	59369	59370	59371	59372	59373	59374
2007/12/25 15:31:50.127 12/25/06	03:31:50	59532	59533	59534	59535	59536	59537	59538
2007/12/25 15:31:52.485 12/25/06	03:31:52	59696	59697	59698	59699	59700	59701	59702
2007/12/25 15:31:54.843 12/25/06	03:31:54	59860	59861	59862	59863	59864	59865	59866
2007/12/25 15:31:57.201 12/25/06	03:31:57	60024	60025	60026	60027	60028	60029	60030
2007/12/25 15:31:59.559 12/25/06	03:31:59	60188	60189	60190	60191	60192	60193	60194
2007/12/25 15:32:01.917 12/25/06	03:32:01	60352	60353	60354	60355	60356	60357	60358
2007/12/25 15:32:04.275 12/25/06	03:32:04	60516	60517	60518	60519	60520	60521	60522
2007/12/25 15:32:06.633 12/25/06	03:32:06	60680	60681	60682	60683	60684	60685	60686
2007/12/25 15:32:08.991 12/25/06	03:32:08	60844	60845	60846	60847	60848	60849	60850
2007/12/25 15:32:11.349 12/25/06	03:32:11	61008	61009	61010	61011	61012	61013	61014
2007/12/25 15:32:13.707 12/25/06	03:32:13	61172	61173	61174	61175	61176	61177	61178
2007/12/25 15:32:16.065 12/25/06	03:32:16	61336	61337	61338	61339	61340	61341	61342
2007/12/25 15:32:18.423 12/25/06	03:32:18	61500	61501	61502	61503	61504	61505	61506
2007/12/25 15:32:20.781 12/25/06	03:32:20	61664	61665	61666	61667	61668	61669	61670
2007/12/25 15:32:23.139 12/25/06	03:32:23	61828	61829	61830	61831	61832	61833	61834
2007/12/25 15:32:25.497 12/25/06	03:32:25	61992	61993	61994	61995	61996	61997	61998
2007/12/25 15:32:27.855 12/25/06	03:32:27	62156	62157	62158	62159	62160	62161	62162
2007/12/25 15:32:30.213 12/25/06	03:32:30	62320	62321	62322	62323	62324	62325	62326
2007/12/25 15:32:32.571 12/25/06	03:32:32	62484	62485	62486	62487	62488	62489	62490
2007/12/25 15:32:34.929 12/25/06	03:32:34	62648	62649	62650	62651	62652	62653	62654
2007/12/25 15:32:37.287 12/25/06	03:32:37	62812	62813	62814	62815	62816	62817	62818
2007/12/25 15:32:39.645 12/25/06	03:32:39	62976	62977	62978	62979	62980	62981	62982
2007/12/25 15:32:42.003 12/25/06	03:32:42	63140	63141	63142	63143	63144	63145	63146
2007/12/25 15:32:44.361 12/25/06	03:32:44	63304	63305	63306	63307	63308	63309	63310
2007/12/25 15:32:46.719 12/25/06	03:32:46	63468	63469	63470	63471	63472	63473	63474
2007/12/25 15:32:49.077 12/25/06	03:32:49	63632	63633	63634	63635	63636	63637	63638
2007/12/25 15:32:51.435 12/25/06	03:32:51	63796	63797	63798	63799	63800	63801	63802
2007/12/25 15:32:53.793 12/25/06	03:32:53	63960	63961	63962	63963	63964	63965	63966
2007/12/25 15:32:56.151 12/25/06	03:32:56	64124	64125	64126	64127	64128	64129	64130
2007/12/25 15:32:58.509 12/25/06	03:32:58	64288	64289	64290	64291	64292	64293	64294
2007/12/25 15:33:00.867 12/25/06	03:33:00	64452	64453	64454	64455	64456	64457	64458
2007/12/25 15:33:03.225 12/25/06	03:33:03	64616	64617	64618	64619	64620	64621	64622
2007/12/25 15:33:05.583 12/25/06	03:33:05	64780	64781	64782	64783	64784	64785	64786
2007/12/25 15:33:07.941 12/25/06	03:33:07	64944	64945	64946	64947	64948	64949	64950
2007/12/25 15:33:10.299 12/25/06	03:33:10	65108	65109	65110	65111	65112	65113	65114
2007/12/25 15:33:12.657 12/25/06	03:33:12	65272	65273	65274	65275	65276	65277	65278
2007/12/25 15:33:15.015 12/25/06	03:33:15	65436	65437	65438	65439	65440	65441	65442
