2014/01/01 00:00:11.219 [flort:DLOGP2]:Instrument Started [Power On]
2014/01/01 00:00:11.292 12/31/13	23:59:45	700	221	695	143	460	84	554
2014/01/01 00:00:12.421 12/31/13	23:59:46	700	245	695	156	460	83	554
2014/01/01 00:00:13.551 12/31/13	23:59:47	700	221	695	142	460	81	553
2014/01/01 00:00:14.681 12/31/13	23:59:48	700	227	695	146	460	83	553
2014/01/01 00:00:15.811 12/31/13	23:59:50	700	239	695	152	460	83	553
2014/01/01 00:00:16.940 12/31/13	23:59:51	700	231	695	140	460	84	553
2014/01/01 00:00:18.070 12/31/13	23:59:52	700	257	695	150	460	83	553
2014/01/01 00:00:19.200 12/31/13	23:59:53	700	240	695	144	460	81	553
2014/01/01 00:00:20.330 12/31/13	23:59:54	700	248	695	142	460	84	553
2014/01/01 00:00:21.460 12/31/13	23:59:55	700	230	695	152	460	83	553
2014/01/01 00:00:22.590 12/31/13	23:59:56	700	233	695	152	460	84	553
2014/01/01 00:00:23.744 12/31/13	23:59:57	700	237	695	146	460	84	552
2014/01/01 00:00:24.849 12/31/13	23:59:59	700	249	695	154	460	83	553
2014/01/01 00:00:25.983 01/01/14	00:00:00	700	231	695	142	460	83	552
2014/01/01 00:00:27.105 01/01/14	00:00:01	700	237	695	144	460	82	552
2014/01/01 00:00:28.233 01/01/14	00:00:02	700	253	695	149	460	82	552
2014/01/01 00:00:29.362 01/01/14	00:00:03	700	214	695	150	460	82	552
2014/01/01 00:00:30.489 01/01/14	00:00:04	700	230	695	163	460	84	552
2014/01/01 00:00:31.618 01/01/14	00:00:05	700	219	695	153	460	85	552
2014/01/01 00:00:32.746 01/01/14	00:00:06	700	240	695	151	460	81	552
2014/01/01 00:00:33.874 01/01/14	00:00:08	700	225	695	142	460	85	552
2014/01/01 00:00:35.003 01/01/14	00:00:09	700	215	695	151	460	84	552
2014/01/01 00:00:36.131 01/01/14	00:00:10	700	224	695	148	460	82	552
2014/01/01 00:00:37.259 01/01/14	00:00:11	700	244	695	145	460	81	552
2014/01/01 00:00:38.387 01/01/14	00:00:12	700	396	695	146	460	83	552
2014/01/01 00:00:39.515 01/01/14	00:00:13	700	227	695	151	460	83	552
2014/01/01 00:00:40.644 01/01/14	00:00:14	700	231	695	145	460	83	552
2014/01/01 00:00:41.772 01/01/14	00:00:16	700	209	695	153	460	84	552
2014/01/01 00:00:42.901 01/01/14	00:00:17	700	223	695	151	460	83	552
2014/01/01 00:00:44.029 01/01/14	00:00:18	700	219	695	147	460	85	552
2014/01/01 00:00:45.157 01/01/14	00:00:19	700	243	695	149	460	84	552
2014/01/01 00:00:46.286 01/01/14	00:00:20	700	244	695	151	460	84	552
2014/01/01 00:00:47.414 01/01/14	00:00:21	700	272	695	142	460	82	552
2014/01/01 00:00:48.543 01/01/14	00:00:22	700	235	695	148	460	84	552
2014/01/01 00:00:49.671 01/01/14	00:00:23	700	216	695	151	460	85	552
2014/01/01 00:00:50.799 01/01/14	00:00:25	700	227	695	147	460	82	552
2014/01/01 00:00:51.928 01/01/14	00:00:26	700	234	695	146	460	84	551
2014/01/01 00:00:53.056 01/01/14	00:00:27	700	259	695	161	460	84	552
2014/01/01 00:00:54.197 01/01/14	00:00:28	700	224	695	147	460	86	552
2014/01/01 00:00:55.313 01/01/14	00:00:29	700	256	695	147	460	82	552
2014/01/01 00:00:56.447 01/01/14	00:00:30	700	216	695	140	460	83	551
2014/01/01 00:00:57.570 01/01/14	00:00:31	700	219	695	142	460	82	551
2014/01/01 00:00:58.698 01/01/14	00:00:32	700	225	695	158	460	83	551
2014/01/01 00:00:59.827 01/01/14	00:00:34	700	253	695	144	460	84	551
2014/01/01 00:01:00.955 01/01/14	00:00:35	700	224	695	142	460	83	551
2014/01/01 00:01:02.083 01/01/14	00:00:36	700	228	695	146	460	82	551
2014/01/01 00:01:03.211 01/01/14	00:00:37	700	229	695	186	460	84	551
2014/01/01 00:01:04.345 01/01/14	00:00:38	700	221	695	145	460	82	551
2014/01/01 00:01:05.468 01/01/14	00:00:39	700	223	695	150	460	84	551
2014/01/01 00:01:06.597 01/01/14	00:00:40	700	223	695	161	460	83	551
2014/01/01 00:01:07.725 01/01/14	00:00:41	700	216	695	150	460	82	551
2014/01/01 00:01:08.853 01/01/14	00:00:43	700	231	695	145	460	83	551
2014/01/01 00:01:09.982 01/01/14	00:00:44	700	229	695	143	460	83	551
2014/01/01 00:01:11.110 01/01/14	00:00:45	700	219	695	139	460	83	551
2014/01/01 00:01:12.238 01/01/14	00:00:46	700	230	695	144	460	84	551
2014/01/01 00:01:13.367 01/01/14	00:00:47	700	234	695	142	460	84	551
2014/01/01 00:01:14.495 01/01/14	00:00:48	700	220	695	156	460	83	551
2014/01/01 00:01:15.623 01/01/14	00:00:49	700	221	695	146	460	83	551
2014/01/01 00:01:16.752 01/01/14	00:00:50	700	226	695	145	460	82	551
2014/01/01 00:01:17.880 01/01/14	00:00:52	700	242	695	174	460	83	551
2014/01/01 00:01:19.008 01/01/14	00:00:53	700	223	695	145	460	82	551
2014/01/01 00:01:20.137 01/01/14	00:00:54	700	240	695	141	460	83	551
2014/01/01 00:01:21.265 01/01/14	00:00:55	700	259	695	147	460	81	551
2014/01/01 00:01:22.394 01/01/14	00:00:56	700	210	695	138	460	84	551
2014/01/01 00:01:23.522 01/01/14	00:00:57	700	238	695	148	460	85	551
2014/01/01 00:01:24.651 01/01/14	00:00:58	700	231	695	145	460	84	551
2014/01/01 00:01:25.779 01/01/14	00:01:00	700	216	695	162	460	85	551
2014/01/01 00:01:26.907 01/01/14	00:01:01	700	225	695	145	460	84	551
2014/01/01 00:01:28.035 01/01/14	00:01:02	700	239	695	166	460	85	551
2014/01/01 00:01:29.163 01/01/14	00:01:03	700	239	695	138	460	83	550
2014/01/01 00:01:30.292 01/01/14	00:01:04	700	217	695	148	460	85	551
2014/01/01 00:01:31.420 01/01/14	00:01:05	700	213	695	160	460	84	551
2014/01/01 00:01:32.548 01/01/14	00:01:06	700	227	695	143	460	80	551
2014/01/01 00:01:33.676 01/01/14	00:01:07	700	239	695	146	460	85	551
2014/01/01 00:01:34.805 01/01/14	00:01:09	700	217	695	141	460	84	551
2014/01/01 00:01:35.933 01/01/14	00:01:10	700	256	695	160	460	83	551
2014/01/01 00:01:37.062 01/01/14	00:01:11	700	233	695	145	460	83	550
2014/01/01 00:01:38.190 01/01/14	00:01:12	700	250	695	154	460	84	550
2014/01/01 00:01:39.320 01/01/14	00:01:13	700	234	695	148	460	83	551
2014/01/01 00:01:40.448 01/01/14	00:01:14	700	266	695	147	460	83	551
2014/01/01 00:01:41.577 01/01/14	00:01:15	700	227	695	148	460	84	550
2014/01/01 00:01:42.705 01/01/14	00:01:16	700	214	695	142	460	84	551
2014/01/01 00:01:43.833 01/01/14	00:01:18	700	218	695	140	460	83	550
2014/01/01 00:01:44.962 01/01/14	00:01:19	700	246	695	152	460	84	550
2014/01/01 00:01:46.090 01/01/14	00:01:20	700	227	695	155	460	83	550
2014/01/01 00:01:47.219 01/01/14	00:01:21	700	223	695	152	460	84	550
2014/01/01 00:01:48.347 01/01/14	00:01:22	700	314	695	141	460	84	550
2014/01/01 00:01:49.478 01/01/14	00:01:23	700	240	695	149	460	85	550
2014/01/01 00:01:50.605 01/01/14	00:01:24	700	218	695	156	460	82	550
2014/01/01 00:01:51.733 01/01/14	00:01:25	700	227	695	145	460	86	550
2014/01/01 00:01:52.861 01/01/14	00:01:27	700	227	695	149	460	86	550
2014/01/01 00:01:53.990 01/01/14	00:01:28	700	242	695	143	460	83	550
2014/01/01 00:01:55.118 01/01/14	00:01:29	700	217	695	147	460	83	550
2014/01/01 00:01:56.247 01/01/14	00:01:30	700	265	695	147	460	83	550
2014/01/01 00:01:57.376 01/01/14	00:01:31	700	240	695	154	460	84	550
2014/01/01 00:01:58.504 01/01/14	00:01:32	700	241	695	146	460	84	550
2014/01/01 00:01:59.633 01/01/14	00:01:33	700	248	695	151	460	84	550
2014/01/01 00:02:00.762 01/01/14	00:01:34	700	239	695	137	460	82	550
2014/01/01 00:02:01.890 01/01/14	00:01:36	700	223	695	137	460	80	550
2014/01/01 00:02:01.986 [flort:DLOGP2]:Instrument Stopped [Power Off]
