2012/12/13 15:29:20.362 [nutnr:DLOGP1]:Idle state, without initialize
2012/12/13 15:30:06.455 [nutnr:DLOGP1]:S
2012/12/13 15:30:06.676 [nutnr:DLOGP1]:O
2012/12/13 15:30:06.905 [nutnr:DLOGP1]:S
2012/12/13 15:30:07.130 [nutnr:DLOGP1]:Y
2012/12/13 15:30:07.355 [nutnr:DLOGP1]:1
2012/12/13 15:30:07.590 [nutnr:DLOGP1]:T
2012/12/13 15:30:07.829 [nutnr:DLOGP1]:Y
2012/12/13 15:30:08.052 [nutnr:DLOGP1]:3
2012/12/13 15:30:08.283 [nutnr:DLOGP1]:L
2012/12/13 15:30:08.524 [nutnr:DLOGP1]:Y
2012/12/13 15:30:08.743 [nutnr:DLOGP1]:1
2012/12/13 15:30:08.969 [nutnr:DLOGP1]:D
2012/12/13 15:30:09.194 [nutnr:DLOGP1]:Y
2012/12/13 15:30:09.413 [nutnr:DLOGP1]:0
2012/12/13 15:30:09.623 [nutnr:DLOGP1]:Q
2012/12/13 15:30:09.844 [nutnr:DLOGP1]:D
2012/12/13 15:30:10.096 [nutnr:DLOGP1]:O
2012/12/13 15:30:10.349 [nutnr:DLOGP1]:Y
2012/12/13 15:30:10.570 [nutnr:DLOGP1]:5
2012/12/13 15:30:10.779 [nutnr:DLOGP1]:Q
2012/12/13 15:30:10.990 [nutnr:DLOGP1]:Q
2012/12/13 15:30:11.223 [nutnr:DLOGP1]:Y
2012/12/13 15:30:11.703 [nutnr:DLOGP1]:Y
2012/12/13 15:30:12.841 [nutnr:DLOGP1]:2012/12/13 15:30:11
2012/12/13 15:30:13.261 [nutnr:DLOGP1]:Instrument started with initialize
2012/12/13 15:30:19.270 [nutnr:DLOGP1]:onds.
2012/12/13 15:30:20.271 [nutnr:DLOGP1]:ISUS will start in 7 seconds.
2012/12/13 15:30:21.272 [nutnr:DLOGP1]:ISUS will start in 6 seconds.
2012/12/13 15:30:22.272 [nutnr:DLOGP1]:ISUS will start in 5 seconds.
2012/12/13 15:30:23.273 [nutnr:DLOGP1]:ISUS will start in 4 seconds.
2012/12/13 15:30:24.273 [nutnr:DLOGP1]:ISUS will start in 3 seconds.
2012/12/13 15:30:25.274 [nutnr:DLOGP1]:ISUS will start in 2 seconds.
2012/12/13 15:30:26.275 [nutnr:DLOGP1]:ISUS will start in 1 seconds.
2012/12/13 15:30:27.275 [nutnr:DLOGP1]:ISUS will start in 0 seconds.
2012/12/13 15:30:28.309 [nutnr:DLOGP1]:12/13/2012 15:30:26: Message: Entering low power suspension, waiting for trigger.
2012/12/13 15:30:59.889 [nutnr:DLOGP1]: ++++++++++ charged
2012/12/13 15:31:00.584 [nutnr:DLOGP1]: ON Spectrometer.
2012/12/13 15:31:01.366 [nutnr:DLOGP1]:12/13/2012 15:30:59: Message: Spectrometer powered up.
2012/12/13 15:31:01.435 [nutnr:DLOGP1]:12/13/2012 15:30:59: Message: Turning ON UV light source.
2012/12/13 15:31:06.917 [nutnr:DLOGP1]:12/13/2012 15:31:04: Message: UV light source powered up.
2012/12/13 15:31:07.053 [nutnr:DLOGP1]:12/13/2012 15:31:04: Message: Data log file is 'DATA\SCH12348.DAT'.
2012/12/13 15:31:08.726 SATNDC0239,2012348,15.518322,0.00,0.00,0.00,0.00,0.000000
2012/12/13 15:31:10.065 SATNLC0239,2012348,15.518666,-5.48,20.38,-31.12,0.59,0.000231
2012/12/13 15:31:11.405 SATNLC0239,2012348,15.519024,-6.38,24.24,-37.41,0.61,0.000191
2012/12/13 15:31:12.720 SATNLC0239,2012348,15.519397,-6.77,24.80,-38.00,0.62,0.000203
2012/12/13 15:31:14.041 SATNLC0239,2012348,15.519770,-5.28,18.39,-27.76,0.59,0.000212
2012/12/13 15:31:15.350 SATNLC0239,2012348,15.520128,-7.57,32.65,-51.28,0.62,0.000186
2012/12/13 15:31:16.695 SATNLC0239,2012348,15.520501,-6.17,24.43,-37.71,0.60,0.000218
2012/12/13 15:31:18.015 SATNLC0239,2012348,15.520875,-5.59,18.68,-28.01,0.60,0.000166
2012/12/13 15:31:19.342 SATNLC0239,2012348,15.521232,-7.30,30.87,-48.21,0.62,0.000235
2012/12/13 15:31:20.704 SATNLC0239,2012348,15.521605,-7.52,31.35,-49.03,0.63,0.000240
2012/12/13 15:31:22.000 SATNLC0239,2012348,15.521979,-7.07,27.32,-42.26,0.62,0.000221
2012/12/13 15:31:23.179 SATNDC0239,2012348,15.522336,0.00,0.00,0.00,0.00,0.000000
2012/12/13 15:31:24.485 SATNLC0239,2012348,15.522680,-7.30,28.66,-44.36,0.63,0.000185
2012/12/13 15:31:25.879 SATNLC0239,2012348,15.523038,-6.41,23.23,-35.52,0.61,0.000182
2012/12/13 15:31:27.112 SATNLC0239,2012348,15.523411,-7.22,29.07,-45.24,0.62,0.000191
2012/12/13 15:31:28.458 SATNLC0239,2012348,15.523769,-6.31,24.80,-38.31,0.61,0.000191
2012/12/13 15:31:29.835 SATNLC0239,2012348,15.524142,-6.57,28.02,-43.76,0.61,0.000225
2012/12/13 15:31:31.088 SATNLC0239,2012348,15.524515,-5.70,19.26,-28.89,0.60,0.000202
2012/12/13 15:31:32.449 SATNLC0239,2012348,15.524873,-5.53,18.97,-28.54,0.60,0.000226
2012/12/13 15:31:33.809 SATNLC0239,2012348,15.525246,-6.43,26.02,-40.36,0.61,0.000196
2012/12/13 15:31:35.064 SATNLC0239,2012348,15.525620,-5.59,21.24,-32.37,0.59,0.000223
2012/12/13 15:31:36.441 SATNLC0239,2012348,15.525977,-6.60,25.45,-39.30,0.62,0.000177
2012/12/13 15:31:37.628 SATNDC0239,2012348,15.526350,0.00,0.00,0.00,0.00,0.000000
2012/12/13 15:31:38.953 SATNLC0239,2012348,15.526695,-6.01,23.22,-35.57,0.60,0.000260
2012/12/13 15:31:40.311 SATNLC0239,2012348,15.527052,-7.65,33.10,-51.77,0.62,0.000222
2012/12/13 15:31:41.623 SATNLC0239,2012348,15.527426,-7.18,27.80,-42.96,0.63,0.000215
2012/12/13 15:31:42.942 SATNLC0239,2012348,15.527799,-5.94,20.34,-30.59,0.61,0.000180
2012/12/13 15:31:44.297 SATNLC0239,2012348,15.528156,-6.39,26.55,-41.27,0.61,0.000246
2012/12/13 15:31:45.614 SATNLC0239,2012348,15.528530,-5.40,20.28,-30.98,0.60,0.000247
2012/12/13 15:31:46.885 SATNLC0239,2012348,15.528903,-6.85,28.11,-43.53,0.62,0.000239
2012/12/13 15:31:48.262 SATNLC0239,2012348,15.529260,-7.17,29.12,-45.15,0.63,0.000207
2012/12/13 15:31:49.572 SATNLC0239,2012348,15.529634,-6.57,24.81,-37.99,0.61,0.000171
2012/12/13 15:31:50.859 SATNLC0239,2012348,15.530007,-6.16,23.37,-35.75,0.61,0.000197
2012/12/13 15:31:52.113 SATNDC0239,2012348,15.530365,0.00,0.00,0.00,0.00,0.000000
2012/12/13 15:31:53.402 SATNLC0239,2012348,15.530709,-6.60,26.46,-40.88,0.61,0.000162
2012/12/13 15:31:54.729 SATNLC0239,2012348,15.531067,-7.01,29.61,-46.14,0.62,0.000170
2012/12/13 15:31:56.050 SATNLC0239,2012348,15.531440,-6.86,28.09,-43.54,0.62,0.000177
2012/12/13 15:31:57.360 SATNLC0239,2012348,15.531797,-7.17,30.12,-46.79,0.62,0.000218
2012/12/13 15:31:58.739 SATNLC0239,2012348,15.532171,-6.40,26.67,-41.21,0.60,0.000201
2012/12/13 15:32:00.007 SATNLC0239,2012348,15.532544,-6.63,23.63,-35.84,0.62,0.000240
2012/12/13 15:32:01.335 SATNLC0239,2012348,15.532901,-6.92,30.03,-46.84,0.61,0.000206
2012/12/13 15:32:01.747 [nutnr:DLOGP1]:ISUS will start in 15 seconds.
2012/12/13 15:32:02.748 [nutnr:DLOGP1]:ISUS will start in 14 seconds.
2012/12/13 15:32:03.749 [nutnr:DLOGP1]:ISUS will start in 13 seconds.
2012/12/13 15:32:04.749 [nutnr:DLOGP1]:ISUS will start in 12 seconds.
2012/12/13 15:32:05.750 [nutnr:DLOGP1]:ISUS will start in 11 seconds.
2012/12/13 15:32:06.751 [nutnr:DLOGP1]:ISUS will start in 10 seconds.
2012/12/13 15:32:07.753 [nutnr:DLOGP1]:ISUS will start in 9 seconds.
2012/12/13 15:32:08.753 [nutnr:DLOGP1]:ISUS will start in 8 seconds.
2012/12/13 15:32:09.754 [nutnr:DLOGP1]:ISUS will start in 7 seconds.
2012/12/13 15:32:10.754 [nutnr:DLOGP1]:ISUS will start in 6 seconds.
2012/12/13 15:32:11.755 [nutnr:DLOGP1]:ISUS will start in 5 seconds.
2012/12/13 15:32:12.756 [nutnr:DLOGP1]:ISUS will start in 4 seconds.
2012/12/13 15:32:13.756 [nutnr:DLOGP1]:ISUS will start in 3 seconds.
2012/12/13 15:32:14.757 [nutnr:DLOGP1]:ISUS will start in 2 seconds.
2012/12/13 15:32:15.758 [nutnr:DLOGP1]:ISUS will start in 1 seconds.
2012/12/13 15:32:16.758 [nutnr:DLOGP1]:ISUS will start in 0 seconds.
2012/12/13 15:32:17.792 [nutnr:DLOGP1]:12/13/2012 15:32:15: Message: Entering low power suspension, waiting for trigger.
2012/12/13 15:35:45.162 [nutnr:DLOGP1]:Idle state, without initialize
2012/12/13 15:36:55.159 [nutnr:DLOGP1]:Instrument started
2012/12/13 15:37:06.740 [nutnr:DLOGP1]: ++++++++++ charged
2012/12/13 15:37:07.538 [nutnr:DLOGP1]: ON Spectrometer.
2012/12/13 15:37:08.319 [nutnr:DLOGP1]:12/13/2012 15:37:06: Message: Spectrometer powered up.
2012/12/13 15:37:08.384 [nutnr:DLOGP1]:12/13/2012 15:37:06: Message: Turning ON UV light source.
2012/12/13 15:37:13.865 [nutnr:DLOGP1]:12/13/2012 15:37:11: Message: UV light source powered up.
2012/12/13 15:37:14.000 [nutnr:DLOGP1]:12/13/2012 15:37:11: Message: Data log file is 'DATA\SCH12348.DAT'.
2012/12/13 15:37:15.671 SATNDC0239,2012348,15.620254,0.00,0.00,0.00,0.00,0.000000
2012/12/13 15:37:16.943 SATNLC0239,2012348,15.620599,-5.65,19.33,-29.09,0.60,0.000193
2012/12/13 15:37:18.376 SATNLC0239,2012348,15.620956,-6.81,25.92,-39.81,0.61,0.000205
2012/12/13 15:37:19.704 SATNLC0239,2012348,15.621329,-7.33,27.65,-42.72,0.63,0.000212
2012/12/13 15:37:20.918 SATNLC0239,2012348,15.621703,-4.77,13.50,-19.50,0.59,0.000168
2012/12/13 15:37:22.295 SATNLC0239,2012348,15.622060,-7.07,28.32,-43.85,0.62,0.000190
2012/12/13 15:37:23.607 SATNLC0239,2012348,15.622434,-6.65,27.33,-42.54,0.61,0.000201
2012/12/13 15:37:24.979 SATNLC0239,2012348,15.622807,-6.12,24.68,-38.37,0.61,0.000175
2012/12/13 15:37:26.278 SATNLC0239,2012348,15.623164,-6.14,25.08,-38.70,0.60,0.000248
2012/12/13 15:37:27.580 SATNLC0239,2012348,15.623538,-6.83,28.03,-43.71,0.62,0.000240
2012/12/13 15:37:28.902 SATNLC0239,2012348,15.623911,-5.63,20.01,-30.28,0.60,0.000171
2012/12/13 15:37:30.088 SATNDC0239,2012348,15.624269,0.00,0.00,0.00,0.00,0.000000
2012/12/13 15:37:31.408 SATNLC0239,2012348,15.624613,-7.07,29.02,-45.12,0.62,0.000174
2012/12/13 15:37:32.772 SATNLC0239,2012348,15.624970,-5.81,21.92,-33.48,0.60,0.000231
2012/12/13 15:37:34.026 SATNLC0239,2012348,15.625344,-6.74,28.09,-43.63,0.61,0.000225
2012/12/13 15:37:35.371 SATNLC0239,2012348,15.625701,-6.26,25.01,-38.55,0.60,0.000238
2012/12/13 15:37:36.746 SATNLC0239,2012348,15.626075,-4.61,14.47,-21.16,0.59,0.000116
2012/12/13 15:37:38.015 SATNLC0239,2012348,15.626448,-6.92,29.15,-45.33,0.61,0.000208
2012/12/13 15:37:39.345 SATNLC0239,2012348,15.626805,-6.07,23.35,-35.86,0.61,0.000231
2012/12/13 15:37:40.722 SATNLC0239,2012348,15.627179,-6.02,23.25,-35.65,0.61,0.000192
2012/12/13 15:37:41.975 SATNLC0239,2012348,15.627552,-5.84,23.30,-35.81,0.60,0.000207
2012/12/13 15:37:43.319 SATNLC0239,2012348,15.627910,-6.63,27.13,-42.06,0.61,0.000201
2012/12/13 15:37:44.688 SATNDC0239,2012348,15.628283,0.00,0.00,0.00,0.00,0.000000
2012/12/13 15:37:45.896 SATNLC0239,2012348,15.628627,-6.77,30.60,-48.10,0.61,0.000194
2012/12/13 15:37:47.235 SATNLC0239,2012348,15.628985,-5.81,23.84,-36.69,0.59,0.000257
2012/12/13 15:37:48.533 SATNLC0239,2012348,15.629358,-8.27,38.26,-60.36,0.63,0.000191
2012/12/13 15:37:49.823 SATNLC0239,2012348,15.629732,-5.44,20.51,-31.17,0.59,0.000214
2012/12/13 15:37:51.199 SATNLC0239,2012348,15.630089,-6.16,24.92,-38.48,0.60,0.000177
2012/12/13 15:37:52.467 SATNLC0239,2012348,15.630462,-7.35,30.64,-47.68,0.62,0.000220
2012/12/13 15:37:53.796 SATNLC0239,2012348,15.630820,-5.12,17.64,-26.37,0.59,0.000191
2012/12/13 15:37:55.115 SATNLC0239,2012348,15.631193,-7.77,33.95,-53.24,0.63,0.000198
2012/12/13 15:37:56.428 SATNLC0239,2012348,15.631551,-5.95,22.02,-33.59,0.61,0.000225
2012/12/13 15:37:56.428 [nutnr:DLOGP1]:Instrument stopped
2012/12/13 15:37:57.771 SATNLC0239,2012348,15.631924,-7.40,31.90,-49.93,0.62,0.000179
2012/12/13 15:37:58.985 SATNDC0239,2012348,15.632297,0.00,0.00,0.00,0.00,0.000000
2012/12/13 15:38:00.297 SATNLC0239,2012348,15.632626,-6.84,29.38,-45.75,0.61,0.000185
2012/12/13 15:38:01.643 SATNLC0239,2012348,15.632999,-6.58,27.58,-42.77,0.61,0.000151
2012/12/13 15:38:02.961 SATNLC0239,2012348,15.633373,-6.87,34.08,-54.18,0.60,0.000178
2012/12/13 15:38:04.273 SATNLC0239,2012348,15.633730,-7.25,33.22,-52.22,0.62,0.000212
2012/12/13 15:38:05.631 SATNLC0239,2012348,15.634103,-6.91,30.29,-47.44,0.61,0.000212
2012/12/13 15:38:06.938 SATNLC0239,2012348,15.634477,-7.00,30.90,-48.19,0.61,0.000242
2012/12/13 15:38:08.249 SATNLC0239,2012348,15.634834,-5.45,20.86,-31.70,0.59,0.000283
2012/12/13 15:38:08.652 [nutnr:DLOGP1]:ISUS will start in 15 seconds.
2012/12/13 15:38:09.653 [nutnr:DLOGP1]:ISUS will start in 14 seconds.
2012/12/13 15:38:10.653 [nutnr:DLOGP1]:ISUS will start in 13 seconds.
2012/12/13 15:38:11.654 [nutnr:DLOGP1]:ISUS will start in 12 seconds.
2012/12/13 15:38:12.655 [nutnr:DLOGP1]:ISUS will start in 11 seconds.
2012/12/13 15:38:13.656 [nutnr:DLOGP1]:ISUS will start in 10 seconds.
2012/12/13 15:38:14.657 [nutnr:DLOGP1]:ISUS will start in 9 seconds.
2012/12/13 15:38:15.658 [nutnr:DLOGP1]:ISUS will start in 8 seconds.
2012/12/13 15:38:16.659 [nutnr:DLOGP1]:ISUS will start in 7 seconds.
2012/12/13 15:38:17.659 [nutnr:DLOGP1]:ISUS will start in 6 seconds.
2012/12/13 15:38:18.660 [nutnr:DLOGP1]:ISUS will start in 5 seconds.
2012/12/13 15:38:19.661 [nutnr:DLOGP1]:ISUS will start in 4 seconds.
2012/12/13 15:38:20.661 [nutnr:DLOGP1]:ISUS will start in 3 seconds.
2012/12/13 15:38:21.662 [nutnr:DLOGP1]:ISUS will start in 2 seconds.
2012/12/13 15:38:22.662 [nutnr:DLOGP1]:ISUS will start in 1 seconds.
2012/12/13 15:38:23.663 [nutnr:DLOGP1]:ISUS will start in 0 seconds.
2012/12/13 15:38:24.697 [nutnr:DLOGP1]:12/13/2012 15:38:22: Message: Entering low power suspension, waiting for trigger.
2012/12/13 15:39:06.733 [nutnr:DLOGP1]:Idle state, without initialize
2012/12/13 15:39:26.731 [nutnr:DLOGP1]:Instrument started
2012/12/13 15:39:38.311 [nutnr:DLOGP1]: ++++++++++ charged
2012/12/13 15:39:47.148 [nutnr:DLOGP1]:,0.00,0.00,0.000000
2012/12/13 15:39:48.520 SATNLC0239,2012348,15.662555,-6.05,25.45,-39.66,0.60,0.000191
2012/12/13 15:39:49.796 SATNLC0239,2012348,15.662913,-6.40,25.17,-38.84,0.61,0.000207
2012/12/13 15:39:51.143 SATNLC0239,2012348,15.663286,-6.12,22.71,-34.57,0.61,0.000265
2012/12/13 15:39:52.461 SATNLC0239,2012348,15.663659,-6.58,27.97,-43.37,0.60,0.000220
2012/12/13 15:39:53.771 SATNLC0239,2012348,15.664017,-5.22,18.70,-28.07,0.59,0.000217
2012/12/13 15:39:55.134 SATNLC0239,2012348,15.664390,-5.15,15.16,-22.06,0.60,0.000181
2012/12/13 15:39:56.436 SATNLC0239,2012348,15.664764,-6.18,24.67,-37.90,0.60,0.000276
2012/12/13 15:39:57.790 SATNLC0239,2012348,15.665121,-5.66,22.58,-34.46,0.59,0.000242
2012/12/13 15:39:59.092 SATNLC0239,2012348,15.665495,-5.63,22.90,-35.20,0.59,0.000158
2012/12/13 15:40:00.379 SATNLC0239,2012348,15.665868,-5.67,23.58,-36.38,0.59,0.000165
2012/12/13 15:40:01.634 SATNDC0239,2012348,15.666226,0.00,0.00,0.00,0.00,0.000000
2012/12/13 15:40:02.921 SATNLC0239,2012348,15.666570,-5.89,21.37,-32.44,0.61,0.000201
2012/12/13 15:40:04.250 SATNLC0239,2012348,15.666927,-6.22,22.85,-34.79,0.61,0.000188
2012/12/13 15:40:05.569 SATNLC0239,2012348,15.667301,-7.00,30.84,-48.20,0.61,0.000209
2012/12/13 15:40:06.882 SATNLC0239,2012348,15.667658,-5.92,20.92,-31.51,0.61,0.000220
2012/12/13 15:40:08.258 SATNLC0239,2012348,15.668032,-6.95,29.56,-45.90,0.61,0.000180
2012/12/13 15:40:09.527 SATNLC0239,2012348,15.668405,-6.11,22.94,-35.01,0.61,0.000218
2012/12/13 15:40:10.857 SATNLC0239,2012348,15.668762,-5.80,25.21,-39.19,0.60,0.000221
2012/12/13 15:40:12.233 SATNLC0239,2012348,15.669136,-6.62,26.82,-41.31,0.61,0.000177
2012/12/13 15:40:13.489 SATNLC0239,2012348,15.669509,-7.09,30.80,-47.99,0.61,0.000212
2012/12/13 15:40:14.833 SATNLC0239,2012348,15.669867,-6.35,27.13,-42.29,0.61,0.000188
2012/12/13 15:40:16.103 SATNDC0239,2012348,15.670240,0.00,0.00,0.00,0.00,0.000000
2012/12/13 15:40:17.358 SATNLC0239,2012348,15.670584,-6.65,26.87,-41.41,0.61,0.000165
2012/12/13 15:40:18.702 SATNLC0239,2012348,15.670942,-6.86,31.00,-48.55,0.61,0.000189
2012/12/13 15:40:20.088 SATNLC0239,2012348,15.671315,-6.41,28.10,-43.70,0.61,0.000211
2012/12/13 15:40:21.333 SATNLC0239,2012348,15.671689,-6.49,27.17,-42.06,0.61,0.000173
2012/12/13 15:40:22.693 SATNLC0239,2012348,15.672046,-6.61,28.01,-43.50,0.61,0.000269
2012/12/13 15:40:24.053 SATNLC0239,2012348,15.672419,-5.94,23.84,-36.53,0.60,0.000272
2012/12/13 15:40:25.310 SATNLC0239,2012348,15.672793,-6.77,27.77,-42.83,0.61,0.000230
2012/12/13 15:40:26.685 SATNLC0239,2012348,15.673150,-5.62,20.53,-31.09,0.61,0.000175
2012/12/13 15:40:27.997 SATNLC0239,2012348,15.673524,-4.94,17.89,-26.60,0.58,0.000208
2012/12/13 15:40:29.300 SATNLC0239,2012348,15.673897,-6.72,28.57,-44.35,0.61,0.000167
2012/12/13 15:40:30.538 SATNDC0239,2012348,15.674255,0.00,0.00,0.00,0.00,0.000000
2012/12/13 15:40:31.811 SATNLC0239,2012348,15.674599,-5.87,21.76,-32.80,0.60,0.000204
2012/12/13 15:40:33.156 SATNLC0239,2012348,15.674956,-7.45,33.82,-53.00,0.62,0.000258
2012/12/13 15:40:34.475 SATNLC0239,2012348,15.675330,-7.24,33.92,-53.41,0.62,0.000175
2012/12/13 15:40:35.785 SATNLC0239,2012348,15.675687,-5.65,19.17,-28.49,0.60,0.000233
2012/12/13 15:40:37.148 SATNLC0239,2012348,15.676061,-5.45,20.33,-30.64,0.59,0.000214
2012/12/13 15:40:38.449 SATNLC0239,2012348,15.676434,-6.00,24.89,-38.38,0.60,0.000227
2012/12/13 15:40:39.761 SATNLC0239,2012348,15.676792,-6.10,24.95,-38.46,0.60,0.000162
2012/12/13 15:40:40.171 [nutnr:DLOGP1]:ISUS will start in 15 seconds.
2012/12/13 15:40:41.171 [nutnr:DLOGP1]:ISUS will start in 14 seconds.
2012/12/13 15:40:42.172 [nutnr:DLOGP1]:ISUS will start in 13 seconds.
2012/12/13 15:40:43.173 [nutnr:DLOGP1]:ISUS will start in 12 seconds.
2012/12/13 15:40:44.173 [nutnr:DLOGP1]:ISUS will start in 11 seconds.
2012/12/13 15:40:45.174 [nutnr:DLOGP1]:ISUS will start in 10 seconds.
2012/12/13 15:40:46.176 [nutnr:DLOGP1]:ISUS will start in 9 seconds.
2012/12/13 15:40:47.176 [nutnr:DLOGP1]:ISUS will start in 8 seconds.
2012/12/13 15:40:48.177 [nutnr:DLOGP1]:ISUS will start in 7 seconds.
2012/12/13 15:40:49.178 [nutnr:DLOGP1]:ISUS will start in 6 seconds.
2012/12/13 15:40:50.178 [nutnr:DLOGP1]:ISUS will start in 5 seconds.
2012/12/13 15:40:51.179 [nutnr:DLOGP1]:ISUS will start in 4 seconds.
2012/12/13 15:40:52.180 [nutnr:DLOGP1]:ISUS will start in 3 seconds.
2012/12/13 15:40:53.180 [nutnr:DLOGP1]:ISUS will start in 2 seconds.
2012/12/13 15:40:54.181 [nutnr:DLOGP1]:ISUS will start in 1 seconds.
2012/12/13 15:40:55.182 [nutnr:DLOGP1]:ISUS will start in 0 seconds.
2012/12/13 15:40:56.215 [nutnr:DLOGP1]:12/13/2012 15:40:53: Message: Entering low power suspension, waiting for trigger.
2012/12/13 15:41:01.961 [nutnr:DLOGP1]:Idle state, without initialize
2012/12/13 15:41:11.961 [nutnr:DLOGP1]:Instrument started
2012/12/13 15:41:23.541 [nutnr:DLOGP1]: ++++++++++ charged
2012/12/13 15:41:43.022 [nutnr:DLOGP1]:98,-43.30,0.61,0.000212
2012/12/13 15:41:44.323 SATNLC0239,2012348,15.694661,-7.27,33.65,-52.71,0.61,0.000231
2012/12/13 15:41:45.610 SATNLC0239,2012348,15.695034,-6.03,23.86,-36.50,0.60,0.000202
2012/12/13 15:41:46.881 SATNDC0239,2012348,15.695392,0.00,0.00,0.00,0.00,0.000000
2012/12/13 15:41:48.135 SATNLC0239,2012348,15.695736,-7.21,32.14,-50.26,0.62,0.000231
2012/12/13 15:41:49.479 SATNLC0239,2012348,15.696094,-5.98,25.78,-39.89,0.60,0.000240
2012/12/13 15:41:50.799 SATNLC0239,2012348,15.696467,-6.02,23.05,-34.99,0.61,0.000230
2012/12/13 15:41:52.108 SATNLC0239,2012348,15.696824,-6.90,28.01,-43.12,0.62,0.000203
2012/12/13 15:41:53.471 SATNLC0239,2012348,15.697198,-5.99,22.74,-34.47,0.60,0.000223
2012/12/13 15:41:54.773 SATNLC0239,2012348,15.697571,-6.42,29.01,-45.29,0.60,0.000212
2012/12/13 15:41:56.085 SATNLC0239,2012348,15.697928,-5.34,19.29,-28.98,0.60,0.000212
2012/12/13 15:41:57.430 SATNLC0239,2012348,15.698302,-6.68,30.92,-48.39,0.60,0.000203
2012/12/13 15:41:58.748 SATNLC0239,2012348,15.698675,-6.61,28.19,-43.69,0.61,0.000179
2012/12/13 15:42:00.114 SATNLC0239,2012348,15.699033,-5.38,21.57,-32.86,0.59,0.000235
2012/12/13 15:42:01.281 SATNDC0239,2012348,15.699406,0.00,0.00,0.00,0.00,0.000000
2012/12/13 15:42:02.620 SATNLC0239,2012348,15.699750,-6.42,26.46,-40.70,0.61,0.000208
2012/12/13 15:42:03.930 SATNLC0239,2012348,15.700108,-6.61,28.48,-44.31,0.61,0.000226
2012/12/13 15:42:05.319 SATNLC0239,2012348,15.700481,-6.26,26.10,-40.26,0.60,0.000175
2012/12/13 15:42:06.595 SATNLC0239,2012348,15.700855,-5.37,20.05,-30.33,0.60,0.000208
2012/12/13 15:42:07.920 SATNLC0239,2012348,15.701212,-5.81,22.88,-34.82,0.60,0.000209
2012/12/13 15:42:09.250 SATNLC0239,2012348,15.701585,-6.54,26.64,-40.98,0.61,0.000201
2012/12/13 15:42:10.568 SATNLC0239,2012348,15.701959,-5.90,23.68,-36.09,0.60,0.000171
2012/12/13 15:42:11.881 SATNLC0239,2012348,15.702316,-5.29,21.82,-33.36,0.59,0.000182
2012/12/13 15:42:13.257 SATNLC0239,2012348,15.702690,-6.51,29.41,-45.85,0.61,0.000184
2012/12/13 15:42:14.527 SATNLC0239,2012348,15.703063,-6.85,32.97,-51.93,0.60,0.000184
2012/12/13 15:42:15.732 SATNDC0239,2012348,15.703421,0.00,0.00,0.00,0.00,0.000000
2012/12/13 15:42:17.071 SATNLC0239,2012348,15.703765,-5.68,23.51,-35.90,0.59,0.000211
2012/12/13 15:42:18.383 SATNLC0239,2012348,15.704122,-5.81,22.53,-34.42,0.61,0.000223
2012/12/13 15:42:19.669 SATNLC0239,2012348,15.704496,-6.90,31.85,-49.73,0.61,0.000189
2012/12/13 15:42:21.065 SATNLC0239,2012348,15.704853,-6.03,23.19,-35.22,0.61,0.000185
2012/12/13 15:42:22.357 SATNLC0239,2012348,15.705227,-7.73,35.38,-55.43,0.62,0.000151
2012/12/13 15:42:23.646 SATNLC0239,2012348,15.705600,-6.22,29.47,-46.12,0.60,0.000196
2012/12/13 15:42:25.023 SATNLC0239,2012348,15.705958,-6.11,22.90,-34.71,0.61,0.000178
2012/12/13 15:42:25.429 [nutnr:DLOGP1]:ISUS will start in 15 seconds.
2012/12/13 15:42:26.430 [nutnr:DLOGP1]:ISUS will start in 14 seconds.
2012/12/13 15:42:27.431 [nutnr:DLOGP1]:ISUS will start in 13 seconds.
2012/12/13 15:42:28.431 [nutnr:DLOGP1]:ISUS will start in 12 seconds.
2012/12/13 15:42:29.432 [nutnr:DLOGP1]:ISUS will start in 11 seconds.
2012/12/13 15:42:30.433 [nutnr:DLOGP1]:ISUS will start in 10 seconds.
2012/12/13 15:42:31.434 [nutnr:DLOGP1]:ISUS will start in 9 seconds.
2012/12/13 15:42:32.435 [nutnr:DLOGP1]:ISUS will start in 8 seconds.
2012/12/13 15:42:33.436 [nutnr:DLOGP1]:ISUS will start in 7 seconds.
2012/12/13 15:42:34.436 [nutnr:DLOGP1]:ISUS will start in 6 seconds.
2012/12/13 15:42:35.437 [nutnr:DLOGP1]:ISUS will start in 5 seconds.
2012/12/13 15:42:36.438 [nutnr:DLOGP1]:ISUS will start in 4 seconds.
2012/12/13 15:42:37.438 [nutnr:DLOGP1]:ISUS will start in 3 seconds.
2012/12/13 15:42:38.439 [nutnr:DLOGP1]:ISUS will start in 2 seconds.
2012/12/13 15:42:39.440 [nutnr:DLOGP1]:ISUS will start in 1 seconds.
2012/12/13 15:42:40.440 [nutnr:DLOGP1]:ISUS will start in 0 seconds.
2012/12/13 15:42:41.474 [nutnr:DLOGP1]:12/13/2012 15:42:38: Message: Entering low power suspension, waiting for trigger.
2012/12/13 15:45:26.795 [nutnr:DLOGP1]:Idle state, without initialize
2012/12/13 15:45:46.793 [nutnr:DLOGP1]:Instrument started
2012/12/13 15:46:19.155 SATNLC0239,2012348,15.771049,-5.99,25.50,-39.40,0.59,0.000185
2012/12/13 15:46:20.492 SATNLC0239,2012348,15.771423,-7.42,33.75,-52.84,0.62,0.000193
2012/12/13 15:46:21.662 SATNDC0239,2012348,15.771780,0.00,0.00,0.00,0.00,0.000000
2012/12/13 15:46:22.969 SATNLC0239,2012348,15.772125,-6.28,28.22,-43.96,0.60,0.000189
2012/12/13 15:46:24.345 SATNLC0239,2012348,15.772482,-6.10,28.04,-43.82,0.59,0.000178
2012/12/13 15:46:25.600 SATNLC0239,2012348,15.772856,-6.70,27.76,-42.85,0.61,0.000134
2012/12/13 15:46:26.943 SATNLC0239,2012348,15.773213,-6.57,31.83,-50.11,0.60,0.000212
2012/12/13 15:46:28.337 SATNLC0239,2012348,15.773586,-7.59,30.03,-46.27,0.64,0.000189
2012/12/13 15:46:29.575 SATNLC0239,2012348,15.773960,-5.84,23.47,-36.11,0.60,0.000194
2012/12/13 15:46:30.919 SATNLC0239,2012348,15.774317,-6.47,25.88,-39.67,0.61,0.000218
2012/12/13 15:46:32.297 SATNLC0239,2012348,15.774691,-5.72,20.56,-30.92,0.60,0.000218
2012/12/13 15:46:33.550 SATNLC0239,2012348,15.775064,-6.13,23.61,-35.93,0.61,0.000196
2012/12/13 15:46:34.910 SATNLC0239,2012348,15.775422,-5.95,21.57,-32.36,0.60,0.000204
2012/12/13 15:46:36.147 SATNDC0239,2012348,15.775795,0.00,0.00,0.00,0.00,0.000000
2012/12/13 15:46:37.421 SATNLC0239,2012348,15.776139,-6.15,26.07,-40.21,0.60,0.000239
2012/12/13 15:46:38.806 SATNLC0239,2012348,15.776497,-6.34,29.37,-45.91,0.60,0.000148
2012/12/13 15:46:40.110 SATNLC0239,2012348,15.776870,-6.60,30.85,-48.39,0.60,0.000208
2012/12/13 15:46:41.412 SATNLC0239,2012348,15.777243,-6.18,28.08,-43.68,0.59,0.000243
2012/12/13 15:46:42.771 SATNLC0239,2012348,15.777601,-5.79,24.13,-36.99,0.60,0.000243
2012/12/13 15:46:44.084 SATNLC0239,2012348,15.777974,-6.58,27.70,-42.71,0.61,0.000174
2012/12/13 15:46:45.372 SATNLC0239,2012348,15.778348,-6.65,27.56,-42.66,0.62,0.000191
2012/12/13 15:46:46.746 SATNLC0239,2012348,15.778705,-6.65,31.24,-48.91,0.60,0.000241
2012/12/13 15:46:48.074 SATNLC0239,2012348,15.779078,-5.86,26.12,-40.49,0.59,0.000240
2012/12/13 15:46:49.347 SATNLC0239,2012348,15.779452,-6.45,27.78,-42.95,0.60,0.000183
2012/12/13 15:46:50.599 SATNDC0239,2012348,15.779809,0.00,0.00,0.00,0.00,0.000000
2012/12/13 15:46:51.873 SATNLC0239,2012348,15.780154,-6.41,30.07,-47.07,0.60,0.000189
2012/12/13 15:46:53.216 SATNLC0239,2012348,15.780511,-4.34,12.36,-17.35,0.59,0.000189
2012/12/13 15:46:54.553 SATNLC0239,2012348,15.780885,-6.15,27.44,-42.63,0.60,0.000142
2012/12/13 15:46:55.848 SATNLC0239,2012348,15.781242,-4.59,14.62,-21.09,0.59,0.000196
2012/12/13 15:46:57.193 SATNLC0239,2012348,15.781615,-5.42,22.49,-34.26,0.58,0.000185
2012/12/13 15:46:58.511 SATNLC0239,2012348,15.781989,-6.79,30.10,-46.77,0.61,0.000148
2012/12/13 15:46:59.822 SATNLC0239,2012348,15.782346,-7.22,32.86,-51.37,0.61,0.000200
2012/12/13 16:01:28.689 SATNLC0239,2012348,16.023838,-5.81,22.67,-34.61,0.59,0.000224
2012/12/13 16:01:29.993 SATNLC0239,2012348,16.024211,-7.81,35.22,-55.35,0.62,0.000218
2012/12/13 16:01:31.229 SATNDC0239,2012348,16.024569,0.00,0.00,0.00,0.00,0.000000
2012/12/13 16:01:32.559 SATNLC0239,2012348,16.024913,-6.00,23.60,-36.01,0.60,0.000238
2012/12/13 16:01:33.848 SATNLC0239,2012348,16.025287,-5.56,20.32,-30.65,0.59,0.000199
2012/12/13 16:01:35.224 SATNLC0239,2012348,16.025644,-5.22,16.67,-24.49,0.59,0.000203
2012/12/13 16:01:36.495 SATNLC0239,2012348,16.026017,-4.95,16.45,-24.08,0.58,0.000200
2012/12/13 16:01:37.823 SATNLC0239,2012348,16.026375,-5.51,19.02,-28.44,0.60,0.000175
2012/12/13 16:01:39.142 SATNLC0239,2012348,16.026748,-6.31,27.10,-41.98,0.60,0.000184
2012/12/13 16:01:40.452 SATNLC0239,2012348,16.027106,-6.30,26.33,-40.77,0.60,0.000262
2012/12/13 16:01:41.798 SATNLC0239,2012348,16.027479,-6.01,23.31,-35.56,0.60,0.000186
2012/12/13 16:01:43.136 SATNLC0239,2012348,16.027852,-5.36,20.69,-31.33,0.59,0.000194
2012/12/13 16:01:44.429 SATNLC0239,2012348,16.028210,-6.26,28.77,-44.91,0.59,0.000222
2012/12/13 16:01:45.683 SATNDC0239,2012348,16.028583,0.00,0.00,0.00,0.00,0.000000
2012/12/13 16:01:46.956 SATNLC0239,2012348,16.028928,-6.03,25.21,-38.93,0.59,0.000161
2012/12/13 16:01:48.300 SATNLC0239,2012348,16.029285,-6.29,25.86,-39.94,0.61,0.000219
2012/12/13 16:01:49.742 SATNLC0239,2012348,16.029659,-6.46,26.05,-40.05,0.61,0.000202
2012/12/13 16:01:50.930 SATNLC0239,2012348,16.030032,-4.45,12.79,-18.04,0.58,0.000232
2012/12/13 16:01:52.275 SATNLC0239,2012348,16.030390,-5.61,21.54,-32.68,0.60,0.000213
2012/12/13 16:01:53.652 SATNLC0239,2012348,16.030763,-5.87,22.09,-33.49,0.60,0.000206
2012/12/13 16:01:54.905 SATNLC0239,2012348,16.031136,-5.94,22.79,-34.65,0.60,0.000196
2012/12/13 16:01:56.250 SATNLC0239,2012348,16.031494,-5.71,22.75,-34.90,0.60,0.000212
2012/12/13 16:01:57.646 SATNLC0239,2012348,16.031867,-6.71,28.98,-45.10,0.61,0.000158
2012/12/13 16:01:58.880 SATNLC0239,2012348,16.032241,-6.07,23.75,-36.25,0.60,0.000161
2012/12/13 16:02:00.102 SATNDC0239,2012348,16.032598,0.00,0.00,0.00,0.00,0.000000
2012/12/13 16:02:01.440 SATNLC0239,2012348,16.032942,-7.56,37.44,-59.29,0.61,0.000167
2012/12/13 16:02:02.750 SATNLC0239,2012348,16.033300,-6.51,26.29,-40.39,0.61,0.000182
2012/12/13 16:02:04.054 SATNLC0239,2012348,16.033673,-6.05,26.37,-40.77,0.59,0.000192
2012/12/13 16:02:05.414 SATNLC0239,2012348,16.034031,-6.69,27.28,-41.91,0.61,0.000129
2012/12/13 16:02:06.726 SATNLC0239,2012348,16.034404,-6.53,25.66,-39.20,0.61,0.000228
2012/12/13 16:02:08.046 SATNLC0239,2012348,16.034777,-5.49,25.64,-39.90,0.58,0.000140
2012/12/13 16:16:36.922 SATNLC0239,2012348,16.276051,-5.66,23.91,-37.14,0.59,0.000168
2012/12/13 16:16:38.216 SATNLC0239,2012348,16.276424,-5.22,15.90,-23.27,0.60,0.000202
2012/12/13 16:16:39.382 SATNDC0239,2012348,16.276781,0.00,0.00,0.00,0.00,0.000000
2012/12/13 16:16:40.689 SATNLC0239,2012348,16.277126,-5.35,20.64,-31.49,0.59,0.000213
2012/12/13 16:16:42.067 SATNLC0239,2012348,16.277483,-5.97,23.28,-35.70,0.60,0.000181
2012/12/13 16:16:43.320 SATNLC0239,2012348,16.277856,-5.81,23.20,-35.62,0.59,0.000173
2012/12/13 16:16:44.717 SATNLC0239,2012348,16.278214,-6.32,25.60,-39.36,0.60,0.000150
2012/12/13 16:16:46.008 SATNLC0239,2012348,16.278587,-6.00,23.30,-35.54,0.60,0.000230
2012/12/13 16:16:47.294 SATNLC0239,2012348,16.278961,-6.08,22.75,-34.46,0.60,0.000251
2012/12/13 16:16:48.671 SATNLC0239,2012348,16.279318,-5.54,19.44,-29.22,0.60,0.000206
2012/12/13 16:16:49.984 SATNLC0239,2012348,16.279691,-5.90,21.40,-32.37,0.60,0.000200
2012/12/13 16:16:51.270 SATNLC0239,2012348,16.280065,-7.07,33.41,-52.75,0.61,0.000223
2012/12/13 16:16:52.666 SATNLC0239,2012348,16.280422,-5.79,20.32,-30.51,0.60,0.000231
2012/12/13 16:16:53.835 SATNDC0239,2012348,16.280796,0.00,0.00,0.00,0.00,0.000000
2012/12/13 16:16:55.141 SATNLC0239,2012348,16.281140,-6.04,23.94,-36.73,0.60,0.000151
2012/12/13 16:16:56.518 SATNLC0239,2012348,16.281497,-6.71,28.28,-43.72,0.60,0.000160
2012/12/13 16:16:57.873 SATNLC0239,2012348,16.281871,-5.88,23.69,-36.32,0.60,0.000163
2012/12/13 16:16:59.133 SATNLC0239,2012348,16.282244,-6.27,22.78,-34.55,0.61,0.000209
2012/12/13 16:17:00.492 SATNLC0239,2012348,16.282602,-6.09,22.86,-34.87,0.61,0.000211
2012/12/13 16:17:01.804 SATNLC0239,2012348,16.282975,-6.76,30.93,-48.54,0.61,0.000224
2012/12/13 16:17:03.091 SATNLC0239,2012348,16.283348,-5.50,18.36,-27.28,0.60,0.000203
2012/12/13 16:17:04.468 SATNLC0239,2012348,16.283706,-5.93,23.39,-35.90,0.60,0.000177
2012/12/13 16:17:05.796 SATNLC0239,2012348,16.284079,-6.44,27.70,-43.02,0.60,0.000227
2012/12/13 16:17:07.067 SATNLC0239,2012348,16.284452,-5.57,23.51,-36.27,0.59,0.000208
2012/12/13 16:17:08.322 SATNDC0239,2012348,16.284810,0.00,0.00,0.00,0.00,0.000000
2012/12/13 16:17:09.592 SATNLC0239,2012348,16.285154,-7.94,38.26,-60.64,0.62,0.000199
2012/12/13 16:17:10.937 SATNLC0239,2012348,16.285512,-6.24,25.86,-39.99,0.60,0.000161
2012/12/13 16:17:12.275 SATNLC0239,2012348,16.285885,-6.32,28.42,-44.45,0.60,0.000169
2012/12/13 16:17:13.567 SATNLC0239,2012348,16.286243,-6.43,25.61,-39.39,0.61,0.000192
2012/12/13 16:17:14.911 SATNLC0239,2012348,16.286616,-6.36,25.60,-39.16,0.60,0.000187
2012/12/13 16:17:16.231 SATNLC0239,2012348,16.286989,-6.64,29.14,-45.34,0.60,0.000208
2012/12/13 16:17:17.542 SATNLC0239,2012348,16.287347,-6.33,28.74,-44.77,0.59,0.000206
2012/12/13 16:31:46.371 SATNLC0239,2012348,16.528560,-6.78,28.58,-44.54,0.61,0.000223
2012/12/13 16:31:47.676 SATNLC0239,2012348,16.528933,-5.91,23.64,-36.51,0.60,0.000157
2012/12/13 16:31:48.911 SATNDC0239,2012348,16.529291,0.00,0.00,0.00,0.00,0.000000
2012/12/13 16:31:50.241 SATNLC0239,2012348,16.529635,-5.95,25.83,-40.28,0.60,0.000189
2012/12/13 16:31:51.530 SATNLC0239,2012348,16.530009,-6.69,28.89,-45.07,0.61,0.000170
2012/12/13 16:31:52.905 SATNLC0239,2012348,16.530366,-6.36,25.98,-40.29,0.61,0.000114
2012/12/13 16:31:54.174 SATNLC0239,2012348,16.530739,-5.17,17.51,-25.96,0.59,0.000189
2012/12/13 16:31:55.537 SATNLC0239,2012348,16.531097,-7.31,31.25,-48.77,0.62,0.000200
2012/12/13 16:31:56.790 SATNLC0239,2012348,16.531470,-5.55,18.76,-28.04,0.60,0.000210
2012/12/13 16:31:58.135 SATNLC0239,2012348,16.531828,-7.08,28.98,-44.89,0.62,0.000154
2012/12/13 16:31:59.551 SATNLC0239,2012348,16.532201,-6.19,25.95,-40.27,0.60,0.000190
2012/12/13 16:32:00.817 SATNLC0239,2012348,16.532574,-7.49,34.88,-54.95,0.61,0.000190
2012/12/13 16:32:02.110 SATNLC0239,2012348,16.532932,-5.97,21.89,-33.16,0.60,0.000172
2012/12/13 16:32:03.364 SATNDC0239,2012348,16.533305,0.00,0.00,0.00,0.00,0.000000
2012/12/13 16:32:04.638 SATNLC0239,2012348,16.533650,-7.26,30.99,-48.27,0.61,0.000165
2012/12/13 16:32:05.981 SATNLC0239,2012348,16.534007,-5.98,24.48,-37.74,0.59,0.000143
2012/12/13 16:32:07.422 SATNLC0239,2012348,16.534381,-5.51,18.14,-26.86,0.60,0.000207
2012/12/13 16:32:08.611 SATNLC0239,2012348,16.534754,-5.12,18.21,-27.36,0.59,0.000243
2012/12/13 16:32:09.955 SATNLC0239,2012348,16.535111,-6.09,29.39,-46.26,0.59,0.000164
2012/12/13 16:32:11.333 SATNLC0239,2012348,16.535485,-6.34,25.91,-39.89,0.60,0.000186
2012/12/13 16:32:12.588 SATNLC0239,2012348,16.535858,-5.89,25.20,-39.05,0.60,0.000206
2012/12/13 16:32:13.983 SATNLC0239,2012348,16.536216,-6.28,29.25,-45.90,0.59,0.000214
2012/12/13 16:32:15.276 SATNLC0239,2012348,16.536589,-6.63,28.10,-43.66,0.61,0.000194
2012/12/13 16:32:16.562 SATNLC0239,2012348,16.536962,-6.71,29.55,-46.02,0.60,0.000185
2012/12/13 16:32:17.816 SATNDC0239,2012348,16.537320,0.00,0.00,0.00,0.00,0.000000
2012/12/13 16:32:19.089 SATNLC0239,2012348,16.537664,-6.87,31.44,-49.32,0.61,0.000244
2012/12/13 16:32:20.434 SATNLC0239,2012348,16.538022,-6.14,24.06,-36.85,0.61,0.000170
2012/12/13 16:32:21.770 SATNLC0239,2012348,16.538395,-6.66,27.30,-42.06,0.61,0.000212
2012/12/13 16:32:23.064 SATNLC0239,2012348,16.538753,-6.59,25.36,-38.83,0.61,0.000217
2012/12/13 16:32:24.409 SATNLC0239,2012348,16.539126,-4.99,18.36,-27.61,0.59,0.000217
2012/12/13 16:32:25.728 SATNLC0239,2012348,16.539499,-6.02,24.20,-37.18,0.60,0.000166
2012/12/13 16:46:54.604 SATNLC0239,2012348,16.781051,-5.98,21.90,-33.26,0.60,0.000196
2012/12/13 16:46:55.866 SATNLC0239,2012348,16.781425,-5.74,20.35,-30.79,0.60,0.000180
2012/12/13 16:46:57.072 SATNDC0239,2012348,16.781782,0.00,0.00,0.00,0.00,0.000000
2012/12/13 16:46:58.409 SATNLC0239,2012348,16.782126,-5.83,20.58,-31.14,0.61,0.000203
2012/12/13 16:46:59.718 SATNLC0239,2012348,16.782484,-6.82,27.20,-42.07,0.62,0.000210
2012/12/13 16:47:01.006 SATNLC0239,2012348,16.782857,-6.13,20.50,-30.56,0.61,0.000258
2012/12/13 16:47:02.402 SATNLC0239,2012348,16.783214,-6.90,28.86,-44.96,0.62,0.000192
2012/12/13 16:47:03.693 SATNLC0239,2012348,16.783588,-6.05,24.40,-37.71,0.60,0.000187
2012/12/13 16:47:04.981 SATNLC0239,2012348,16.783961,-5.67,19.55,-29.35,0.60,0.000166
2012/12/13 16:47:06.359 SATNLC0239,2012348,16.784319,-6.45,26.44,-40.77,0.60,0.000225
2012/12/13 16:47:07.669 SATNLC0239,2012348,16.784692,-7.20,32.28,-50.62,0.61,0.000184
2012/12/13 16:47:08.973 SATNLC0239,2012348,16.785065,-5.67,20.90,-31.58,0.60,0.000237
2012/12/13 16:47:10.333 SATNLC0239,2012348,16.785423,-5.89,25.57,-39.82,0.59,0.000254
2012/12/13 16:47:11.522 SATNDC0239,2012348,16.785796,0.00,0.00,0.00,0.00,0.000000
2012/12/13 16:47:12.826 SATNLC0239,2012348,16.786140,-5.77,21.24,-32.18,0.60,0.000192
2012/12/13 16:47:14.204 SATNLC0239,2012348,16.786498,-5.99,22.66,-34.58,0.61,0.000237
2012/12/13 16:47:15.516 SATNLC0239,2012348,16.786871,-6.71,29.02,-45.26,0.61,0.000209
2012/12/13 16:47:16.864 SATNLC0239,2012348,16.787245,-6.98,30.28,-47.35,0.61,0.000197
2012/12/13 16:47:18.146 SATNLC0239,2012348,16.787602,-5.90,23.07,-35.40,0.60,0.000164
2012/12/13 16:47:19.523 SATNLC0239,2012348,16.787975,-5.56,20.99,-32.01,0.60,0.000241
2012/12/13 16:47:20.777 SATNLC0239,2012348,16.788349,-6.18,25.11,-38.81,0.60,0.000205
2012/12/13 16:47:22.122 SATNLC0239,2012348,16.788706,-5.94,22.07,-33.53,0.60,0.000236
2012/12/13 16:47:23.516 SATNLC0239,2012348,16.789080,-5.78,23.72,-36.53,0.59,0.000214
2012/12/13 16:47:24.751 SATNLC0239,2012348,16.789453,-6.33,28.94,-45.33,0.60,0.000159
2012/12/13 16:47:25.974 SATNDC0239,2012348,16.789811,0.00,0.00,0.00,0.00,0.000000
2012/12/13 16:47:27.312 SATNLC0239,2012348,16.790155,-5.89,24.03,-37.06,0.60,0.000258
2012/12/13 16:47:28.623 SATNLC0239,2012348,16.790512,-4.95,16.57,-24.53,0.59,0.000220
2012/12/13 16:47:29.961 SATNLC0239,2012348,16.790886,-5.94,23.65,-36.22,0.60,0.000208
2012/12/13 16:47:31.252 SATNLC0239,2012348,16.791243,-6.43,27.57,-42.98,0.61,0.000204
2012/12/13 16:47:32.599 SATNLC0239,2012348,16.791617,-7.74,34.29,-53.57,0.62,0.000209
2012/12/13 16:47:33.917 SATNLC0239,2012348,16.791990,-7.11,30.85,-48.20,0.61,0.000170
2012/12/13 16:47:35.229 SATNLC0239,2012348,16.792347,-7.65,38.38,-61.00,0.61,0.000193
2012/12/13 17:02:04.079 SATNLC0239,2012348,17.033560,-5.46,21.48,-32.88,0.59,0.000184
2012/12/13 17:02:05.350 SATNLC0239,2012348,17.033934,-5.59,20.59,-31.35,0.60,0.000220
2012/12/13 17:02:06.604 SATNDC0239,2012348,17.034291,0.00,0.00,0.00,0.00,0.000000
2012/12/13 17:02:07.932 SATNLC0239,2012348,17.034636,-4.88,14.81,-21.47,0.59,0.000209
2012/12/13 17:02:09.219 SATNLC0239,2012348,17.035009,-6.43,24.68,-37.85,0.61,0.000214
2012/12/13 17:02:10.596 SATNLC0239,2012348,17.035367,-5.99,24.30,-37.41,0.60,0.000227
2012/12/13 17:02:11.867 SATNLC0239,2012348,17.035740,-6.86,25.60,-39.21,0.62,0.000218
2012/12/13 17:02:13.196 SATNLC0239,2012348,17.036097,-6.12,24.05,-37.01,0.60,0.000214
2012/12/13 17:02:14.515 SATNLC0239,2012348,17.036471,-5.65,25.65,-40.15,0.59,0.000181
2012/12/13 17:02:15.827 SATNLC0239,2012348,17.036828,-5.55,21.88,-33.44,0.59,0.000189
2012/12/13 17:02:17.241 SATNLC0239,2012348,17.037202,-6.26,23.35,-35.58,0.61,0.000190
2012/12/13 17:02:18.508 SATNLC0239,2012348,17.037575,-6.24,25.40,-39.29,0.61,0.000226
2012/12/13 17:02:19.800 SATNLC0239,2012348,17.037932,-6.64,27.82,-43.16,0.61,0.000202
2012/12/13 17:02:21.054 SATNDC0239,2012348,17.038306,0.00,0.00,0.00,0.00,0.000000
2012/12/13 17:02:22.328 SATNLC0239,2012348,17.038650,-5.22,20.21,-30.94,0.59,0.000175
2012/12/13 17:02:23.705 SATNLC0239,2012348,17.039008,-6.01,24.13,-37.10,0.60,0.000175
2012/12/13 17:02:25.078 SATNLC0239,2012348,17.039381,-6.06,25.22,-38.89,0.60,0.000140
2012/12/13 17:02:26.303 SATNLC0239,2012348,17.039754,-6.09,27.98,-43.79,0.59,0.000182
2012/12/13 17:02:27.681 SATNLC0239,2012348,17.040112,-6.02,25.19,-39.04,0.60,0.000250
2012/12/13 17:02:28.991 SATNLC0239,2012348,17.040485,-7.18,28.41,-43.73,0.62,0.000149
2012/12/13 17:02:30.279 SATNLC0239,2012348,17.040859,-5.98,22.23,-33.85,0.60,0.000257
2012/12/13 17:02:31.674 SATNLC0239,2012348,17.041216,-6.20,22.56,-34.22,0.61,0.000189
2012/12/13 17:02:32.966 SATNLC0239,2012348,17.041590,-6.29,25.38,-39.18,0.60,0.000191
2012/12/13 17:02:34.252 SATNLC0239,2012348,17.041963,-6.98,31.22,-48.96,0.61,0.000180
2012/12/13 17:02:35.507 SATNDC0239,2012348,17.042320,0.00,0.00,0.00,0.00,0.000000
2012/12/13 17:02:36.780 SATNLC0239,2012348,17.042665,-5.96,24.16,-37.27,0.60,0.000152
2012/12/13 17:02:38.125 SATNLC0239,2012348,17.043022,-6.11,23.33,-35.76,0.61,0.000189
2012/12/13 17:02:39.461 SATNLC0239,2012348,17.043396,-6.36,27.18,-42.23,0.60,0.000183
2012/12/13 17:02:40.755 SATNLC0239,2012348,17.043753,-6.34,26.39,-40.80,0.60,0.000152
2012/12/13 17:02:42.099 SATNLC0239,2012348,17.044127,-5.70,24.45,-37.95,0.59,0.000210
2012/12/13 17:02:43.418 SATNLC0239,2012348,17.044500,-5.58,20.24,-30.74,0.60,0.000183
2012/12/13 17:17:12.290 SATNLC0239,2012348,17.285784,-5.64,19.65,-29.54,0.60,0.000253
2012/12/13 17:17:13.629 SATNLC0239,2012348,17.286157,-6.22,24.04,-36.95,0.61,0.000237
2012/12/13 17:17:14.795 SATNDC0239,2012348,17.286515,0.00,0.00,0.00,0.00,0.000000
2012/12/13 17:17:16.159 SATNLC0239,2012348,17.286859,-6.52,25.68,-39.68,0.61,0.000205
2012/12/13 17:17:17.479 SATNLC0239,2012348,17.287232,-6.78,29.67,-46.47,0.61,0.000183
2012/12/13 17:17:18.791 SATNLC0239,2012348,17.287590,-5.50,18.48,-27.56,0.60,0.000200
2012/12/13 17:17:20.094 SATNLC0239,2012348,17.287963,-5.17,15.97,-23.34,0.59,0.000230
2012/12/13 17:17:21.457 SATNLC0239,2012348,17.288321,-5.56,18.67,-27.88,0.60,0.000233
2012/12/13 17:17:22.708 SATNLC0239,2012348,17.288694,-6.54,25.31,-38.90,0.61,0.000231
2012/12/13 17:17:24.053 SATNLC0239,2012348,17.289051,-5.63,19.35,-29.10,0.60,0.000198
2012/12/13 17:17:25.429 SATNLC0239,2012348,17.289425,-6.37,24.11,-36.73,0.60,0.000164
2012/12/13 17:17:26.699 SATNLC0239,2012348,17.289798,-5.56,21.88,-33.71,0.60,0.000233
2012/12/13 17:17:28.028 SATNLC0239,2012348,17.290156,-5.44,19.29,-29.12,0.60,0.000201
2012/12/13 17:17:29.283 SATNDC0239,2012348,17.290529,0.00,0.00,0.00,0.00,0.000000
2012/12/13 17:17:30.553 SATNLC0239,2012348,17.290873,-5.48,18.62,-27.68,0.60,0.000218
2012/12/13 17:17:31.898 SATNLC0239,2012348,17.291231,-5.40,20.97,-31.92,0.59,0.000269
2012/12/13 17:17:33.284 SATNLC0239,2012348,17.291604,-5.98,24.12,-37.13,0.60,0.000252
2012/12/13 17:17:34.547 SATNLC0239,2012348,17.291978,-6.06,23.82,-36.52,0.60,0.000215
2012/12/13 17:17:35.908 SATNLC0239,2012348,17.292335,-5.72,24.83,-38.57,0.59,0.000195
2012/12/13 17:17:37.218 SATNLC0239,2012348,17.292708,-6.60,26.59,-41.11,0.61,0.000264
2012/12/13 17:17:38.504 SATNLC0239,2012348,17.293082,-5.25,17.08,-25.24,0.60,0.000239
2012/12/13 17:17:39.883 SATNLC0239,2012348,17.293439,-6.23,25.81,-40.07,0.60,0.000161
2012/12/13 17:17:41.208 SATNLC0239,2012348,17.293813,-6.15,22.23,-33.70,0.61,0.000273
2012/12/13 17:17:42.479 SATNLC0239,2012348,17.294186,-6.57,29.08,-45.45,0.60,0.000222
2012/12/13 17:17:43.733 SATNDC0239,2012348,17.294543,0.00,0.00,0.00,0.00,0.000000
2012/12/13 17:17:45.008 SATNLC0239,2012348,17.294888,-6.24,24.23,-37.15,0.61,0.000226
2012/12/13 17:17:46.350 SATNLC0239,2012348,17.295245,-6.75,25.87,-39.65,0.62,0.000264
2012/12/13 17:17:47.689 SATNLC0239,2012348,17.295619,-7.49,31.26,-48.64,0.63,0.000295
2012/12/13 17:17:48.980 SATNLC0239,2012348,17.295976,-6.49,27.55,-42.86,0.61,0.000162
2012/12/13 17:17:50.326 SATNLC0239,2012348,17.296349,-5.36,21.16,-32.31,0.59,0.000265
2012/12/13 17:17:51.644 SATNLC0239,2012348,17.296723,-7.10,30.38,-47.26,0.61,0.000208
2012/12/13 17:32:20.557 SATNLC0239,2012348,17.538264,-6.32,26.30,-40.85,0.60,0.000202
2012/12/13 17:32:21.895 SATNLC0239,2012348,17.538637,-5.80,22.49,-34.47,0.60,0.000276
2012/12/13 17:32:23.065 SATNDC0239,2012348,17.538995,0.00,0.00,0.00,0.00,0.000000
2012/12/13 17:32:24.370 SATNLC0239,2012348,17.539339,-6.24,26.66,-41.57,0.60,0.000198
2012/12/13 17:32:25.746 SATNLC0239,2012348,17.539697,-6.17,23.02,-35.16,0.61,0.000187
2012/12/13 17:32:27.000 SATNLC0239,2012348,17.540070,-6.52,29.08,-45.61,0.60,0.000200
2012/12/13 17:32:28.493 SATNLC0239,2012348,17.540427,-5.93,22.61,-34.67,0.60,0.000224
2012/12/13 17:32:29.739 SATNLC0239,2012348,17.540801,-5.83,20.64,-31.26,0.61,0.000229
2012/12/13 17:32:30.977 SATNLC0239,2012348,17.541174,-6.28,24.42,-37.57,0.61,0.000145
2012/12/13 17:32:32.354 SATNLC0239,2012348,17.541532,-6.58,27.85,-43.32,0.60,0.000185
2012/12/13 17:32:33.663 SATNLC0239,2012348,17.541905,-4.79,16.79,-25.17,0.58,0.000206
2012/12/13 17:32:34.951 SATNLC0239,2012348,17.542278,-5.86,27.13,-42.63,0.59,0.000223
2012/12/13 17:32:36.344 SATNLC0239,2012348,17.542636,-5.55,21.24,-32.48,0.59,0.000180
2012/12/13 17:32:37.515 SATNDC0239,2012348,17.543009,0.00,0.00,0.00,0.00,0.000000
2012/12/13 17:32:38.864 SATNLC0239,2012348,17.543353,-6.47,28.76,-45.16,0.61,0.000190
2012/12/13 17:32:40.166 SATNLC0239,2012348,17.543711,-5.67,19.09,-28.54,0.60,0.000209
2012/12/13 17:32:41.510 SATNLC0239,2012348,17.544084,-6.05,25.68,-39.85,0.60,0.000193
2012/12/13 17:32:42.846 SATNLC0239,2012348,17.544458,-5.37,18.81,-28.33,0.60,0.000182
2012/12/13 17:32:44.140 SATNLC0239,2012348,17.544815,-6.35,26.04,-40.31,0.61,0.000221
2012/12/13 17:32:45.485 SATNLC0239,2012348,17.545189,-6.19,27.53,-43.03,0.60,0.000187
2012/12/13 17:32:46.807 SATNLC0239,2012348,17.545562,-6.29,24.96,-38.41,0.61,0.000180
2012/12/13 17:32:48.117 SATNLC0239,2012348,17.545919,-7.56,34.72,-54.76,0.62,0.000175
2012/12/13 17:32:49.419 SATNLC0239,2012348,17.546293,-5.41,21.62,-33.18,0.59,0.000224
2012/12/13 17:32:50.781 SATNLC0239,2012348,17.546650,-6.94,32.76,-51.79,0.61,0.000217
2012/12/13 17:32:51.912 SATNDC0239,2012348,17.547024,0.00,0.00,0.00,0.00,0.000000
2012/12/13 17:32:53.275 SATNLC0239,2012348,17.547352,-5.91,24.75,-38.33,0.60,0.000184
2012/12/13 17:32:54.652 SATNLC0239,2012348,17.547726,-5.76,21.71,-33.06,0.60,0.000212
2012/12/13 17:32:55.920 SATNLC0239,2012348,17.548099,-7.11,31.18,-48.71,0.61,0.000195
2012/12/13 17:32:57.249 SATNLC0239,2012348,17.548456,-7.28,32.65,-51.19,0.61,0.000188
2012/12/13 17:32:58.626 SATNLC0239,2012348,17.548830,-6.70,28.16,-43.76,0.61,0.000209
2012/12/13 17:32:59.880 SATNLC0239,2012348,17.549203,-5.36,20.64,-31.46,0.59,0.000185
2012/12/13 17:33:01.266 SATNLC0239,2012348,17.549560,-5.45,20.88,-31.71,0.59,0.000253
2012/12/13 17:47:30.092 SATNLC0239,2012348,17.790784,-5.85,21.36,-32.45,0.60,0.000213
2012/12/13 17:47:31.431 SATNLC0239,2012348,17.791157,-6.75,27.13,-41.99,0.61,0.000208
2012/12/13 17:47:32.599 SATNDC0239,2012348,17.791514,0.00,0.00,0.00,0.00,0.000000
2012/12/13 17:47:33.962 SATNLC0239,2012348,17.791859,-5.88,19.62,-29.51,0.61,0.000223
2012/12/13 17:47:35.284 SATNLC0239,2012348,17.792232,-5.75,20.74,-31.49,0.60,0.000185
2012/12/13 17:47:36.593 SATNLC0239,2012348,17.792590,-6.15,22.19,-33.70,0.61,0.000188
2012/12/13 17:47:37.897 SATNLC0239,2012348,17.792963,-6.37,27.69,-43.32,0.60,0.000243
2012/12/13 17:47:39.257 SATNLC0239,2012348,17.793320,-6.32,27.61,-43.17,0.60,0.000219
2012/12/13 17:47:40.513 SATNLC0239,2012348,17.793694,-5.43,18.80,-28.28,0.60,0.000221
2012/12/13 17:47:41.890 SATNLC0239,2012348,17.794051,-4.74,17.08,-25.73,0.58,0.000152
2012/12/13 17:47:43.201 SATNLC0239,2012348,17.794425,-6.40,27.40,-42.69,0.60,0.000147
2012/12/13 17:47:44.504 SATNLC0239,2012348,17.794798,-5.91,24.25,-37.50,0.60,0.000189
2012/12/13 17:47:45.864 SATNLC0239,2012348,17.795155,-5.33,16.08,-23.63,0.60,0.000223
2012/12/13 17:47:47.052 SATNDC0239,2012348,17.795529,0.00,0.00,0.00,0.00,0.000000
2012/12/13 17:47:48.358 SATNLC0239,2012348,17.795873,-6.35,27.38,-42.83,0.61,0.000183
2012/12/13 17:47:49.781 SATNLC0239,2012348,17.796231,-5.38,20.30,-30.84,0.59,0.000224
2012/12/13 17:47:51.062 SATNLC0239,2012348,17.796604,-6.26,24.81,-38.16,0.60,0.000168
2012/12/13 17:47:52.332 SATNLC0239,2012348,17.796977,-6.59,26.44,-40.86,0.61,0.000176
2012/12/13 17:47:53.708 SATNLC0239,2012348,17.797335,-5.43,19.11,-28.78,0.60,0.000189
2012/12/13 17:47:55.020 SATNLC0239,2012348,17.797708,-6.19,25.72,-39.95,0.61,0.000215
2012/12/13 17:47:56.307 SATNLC0239,2012348,17.798082,-5.08,15.87,-23.48,0.60,0.000206
2012/12/13 17:47:57.704 SATNLC0239,2012348,17.798439,-6.54,26.39,-40.74,0.61,0.000187
2012/12/13 17:47:58.995 SATNLC0239,2012348,17.798812,-4.91,16.37,-24.46,0.59,0.000208
2012/12/13 17:48:00.282 SATNLC0239,2012348,17.799186,-5.72,22.47,-34.47,0.60,0.000193
2012/12/13 17:48:01.537 SATNDC0239,2012348,17.799543,0.00,0.00,0.00,0.00,0.000000
2012/12/13 17:48:02.808 SATNLC0239,2012348,17.799888,-5.48,20.58,-31.33,0.60,0.000215
2012/12/13 17:48:04.186 SATNLC0239,2012348,17.800245,-5.81,19.64,-29.43,0.61,0.000239
2012/12/13 17:48:05.458 SATNLC0239,2012348,17.800618,-6.66,25.89,-39.73,0.61,0.000208
2012/12/13 17:48:06.786 SATNLC0239,2012348,17.800976,-5.64,21.31,-32.54,0.60,0.000157
2012/12/13 17:48:08.162 SATNLC0239,2012348,17.801349,-7.03,33.58,-52.98,0.60,0.000254
2012/12/13 17:48:09.416 SATNLC0239,2012348,17.801723,-5.99,26.03,-40.53,0.60,0.000211
2012/12/13 17:48:10.761 SATNLC0239,2012348,17.802080,-6.06,26.04,-40.49,0.60,0.000208
2012/12/13 17:51:53.412 [nutnr:DLOGP1]:S
2012/12/13 17:51:53.633 [nutnr:DLOGP1]:O
2012/12/13 17:51:53.862 [nutnr:DLOGP1]:S
2012/12/13 17:51:54.088 [nutnr:DLOGP1]:Y
2012/12/13 17:51:54.312 [nutnr:DLOGP1]:1
2012/12/13 17:51:54.548 [nutnr:DLOGP1]:T
2012/12/13 17:51:54.788 [nutnr:DLOGP1]:Y
2012/12/13 17:51:55.011 [nutnr:DLOGP1]:3
2012/12/13 17:51:55.243 [nutnr:DLOGP1]:L
2012/12/13 17:51:55.483 [nutnr:DLOGP1]:Y
2012/12/13 17:51:55.702 [nutnr:DLOGP1]:1
2012/12/13 17:51:55.928 [nutnr:DLOGP1]:D
2012/12/13 17:51:56.154 [nutnr:DLOGP1]:Y
2012/12/13 17:51:56.373 [nutnr:DLOGP1]:0
2012/12/13 17:51:56.582 [nutnr:DLOGP1]:Q
2012/12/13 17:51:56.803 [nutnr:DLOGP1]:D
2012/12/13 17:51:57.055 [nutnr:DLOGP1]:O
2012/12/13 17:51:57.308 [nutnr:DLOGP1]:Y
2012/12/13 17:51:57.529 [nutnr:DLOGP1]:5
2012/12/13 17:51:57.738 [nutnr:DLOGP1]:Q
2012/12/13 17:51:57.948 [nutnr:DLOGP1]:Q
2012/12/13 17:51:58.181 [nutnr:DLOGP1]:Y
2012/12/13 17:51:58.659 [nutnr:DLOGP1]:Y
2012/12/13 17:51:59.747 [nutnr:DLOGP1]:2012/12/13 17:51:58
2012/12/13 17:52:00.166 [nutnr:DLOGP1]:Instrument started with initialize
